("24:0: '_hasattr'", 3)
("35:4: 'Hashable.__hash__'", 1)
("39:4: 'Hashable.__subclasshook__'", 8)
("58:4: 'Iterable.__iter__'", 2)
("63:4: 'Iterable.__subclasshook__'", 3)
("75:4: 'Iterator.next'", 1)
("79:4: 'Iterator.__iter__'", 1)
("82:4: 'Iterator.__subclasshook__'", 3)
("93:4: 'Sized.__len__'", 1)
("97:4: 'Sized.__subclasshook__'", 3)
("108:4: 'Container.__contains__'", 1)
("112:4: 'Container.__subclasshook__'", 3)
("123:4: 'Callable.__call__'", 1)
("127:4: 'Callable.__subclasshook__'", 3)
("149:4: 'Set.__le__'", 5)
("159:4: 'Set.__lt__'", 2)
("164:4: 'Set.__gt__'", 2)
("169:4: 'Set.__ge__'", 2)
("174:4: 'Set.__eq__'", 2)
("179:4: 'Set.__ne__'", 1)
("182:4: 'Set._from_iterable'", 1)
("191:4: 'Set.__and__'", 2)
("196:4: 'Set.isdisjoint'", 3)
("202:4: 'Set.__or__'", 2)
("208:4: 'Set.__sub__'", 3)
("216:4: 'Set.__xor__'", 3)
("226:4: 'Set._hash'", 4)
("263:4: 'MutableSet.add'", 1)
("268:4: 'MutableSet.discard'", 1)
("273:4: 'MutableSet.remove'", 2)
("279:4: 'MutableSet.pop'", 3)
("289:4: 'MutableSet.clear'", 4)
("297:4: 'MutableSet.__ior__'", 2)
("302:4: 'MutableSet.__iand__'", 2)
("307:4: 'MutableSet.__ixor__'", 5)
("320:4: 'MutableSet.__isub__'", 3)
("336:4: 'Mapping.__getitem__'", 1)
("340:4: 'Mapping.get'", 3)
("346:4: 'Mapping.__contains__'", 3)
("354:4: 'Mapping.iterkeys'", 1)
("357:4: 'Mapping.itervalues'", 2)
("361:4: 'Mapping.iteritems'", 2)
("365:4: 'Mapping.keys'", 1)
("368:4: 'Mapping.items'", 1)
("371:4: 'Mapping.values'", 1)
("377:4: 'Mapping.__eq__'", 2)
("382:4: 'Mapping.__ne__'", 1)
("387:4: 'MappingView.__init__'", 1)
("390:4: 'MappingView.__len__'", 1)
("393:4: 'MappingView.__repr__'", 1)
("399:4: 'KeysView._from_iterable'", 1)
("403:4: 'KeysView.__contains__'", 1)
("406:4: 'KeysView.__iter__'", 2)
("413:4: 'ItemsView._from_iterable'", 1)
("417:4: 'ItemsView.__contains__'", 3)
("426:4: 'ItemsView.__iter__'", 2)
("433:4: 'ValuesView.__contains__'", 3)
("439:4: 'ValuesView.__iter__'", 2)
("446:4: 'MutableMapping.__setitem__'", 1)
("450:4: 'MutableMapping.__delitem__'", 1)
("456:4: 'MutableMapping.pop'", 4)
("467:4: 'MutableMapping.popitem'", 3)
("476:4: 'MutableMapping.clear'", 4)
("483:4: 'MutableMapping.update'", 9)
("504:4: 'MutableMapping.setdefault'", 3)
("524:4: 'Sequence.__getitem__'", 1)
("528:4: 'Sequence.__iter__'", 4)
("538:4: 'Sequence.__contains__'", 3)
("544:4: 'Sequence.__reversed__'", 2)
("548:4: 'Sequence.index'", 3)
("554:4: 'Sequence.count'", 1)
("565:4: 'MutableSequence.__setitem__'", 1)
("569:4: 'MutableSequence.__delitem__'", 1)
("573:4: 'MutableSequence.insert'", 1)
("577:4: 'MutableSequence.append'", 1)
("580:4: 'MutableSequence.reverse'", 2)
("585:4: 'MutableSequence.extend'", 2)
("589:4: 'MutableSequence.pop'", 1)
("594:4: 'MutableSequence.remove'", 1)
("597:4: 'MutableSequence.__iadd__'", 1)
