('TryExcept 12', 3)
("35:4: 'BlockingIOError.__init__'", 2)
("42:0: 'open'", 27)
("231:4: 'DocDescriptor.__get__'", 1)
("247:4: 'OpenWrapper.__new__'", 1)
("290:4: 'IOBase._unsupported'", 1)
("297:4: 'IOBase.seek'", 1)
("312:4: 'IOBase.tell'", 1)
("316:4: 'IOBase.truncate'", 1)
("326:4: 'IOBase.flush'", 1)
("336:4: 'IOBase.close'", 2)
("345:4: 'IOBase.__del__'", 3)
("359:4: 'IOBase.seekable'", 1)
("367:4: 'IOBase._checkSeekable'", 2)
("375:4: 'IOBase.readable'", 1)
("382:4: 'IOBase._checkReadable'", 2)
("389:4: 'IOBase.writable'", 1)
("396:4: 'IOBase._checkWritable'", 2)
("403:4: 'IOBase.closed'", 1)
("411:4: 'IOBase._checkClosed'", 2)
("420:4: 'IOBase.__enter__'", 1)
("425:4: 'IOBase.__exit__'", 1)
("433:4: 'IOBase.fileno'", 1)
("440:4: 'IOBase.isatty'", 1)
("450:4: 'IOBase.readline'", 11)
("486:4: 'IOBase.__iter__'", 1)
("490:4: 'IOBase.next'", 2)
("496:4: 'IOBase.readlines'", 5)
("516:4: 'IOBase.writelines'", 2)
("538:4: 'RawIOBase.read'", 4)
("555:4: 'RawIOBase.readall'", 4)
("569:4: 'RawIOBase.readinto'", 1)
("577:4: 'RawIOBase.write'", 1)
("606:4: 'BufferedIOBase.read'", 1)
("626:4: 'BufferedIOBase.read1'", 1)
("630:4: 'BufferedIOBase.readinto'", 4)
("653:4: 'BufferedIOBase.write'", 1)
("664:4: 'BufferedIOBase.detach'", 1)
("685:4: '_BufferedIOMixin.__init__'", 1)
("690:4: '_BufferedIOMixin.seek'", 2)
("696:4: '_BufferedIOMixin.tell'", 2)
("702:4: '_BufferedIOMixin.truncate'", 2)
("716:4: '_BufferedIOMixin.flush'", 2)
("721:4: '_BufferedIOMixin.close'", 2)
("726:4: '_BufferedIOMixin.detach'", 2)
("736:4: '_BufferedIOMixin.seekable'", 1)
("739:4: '_BufferedIOMixin.readable'", 1)
("742:4: '_BufferedIOMixin.writable'", 1)
("745:4: '_BufferedIOMixin.raw'", 1)
("749:4: '_BufferedIOMixin.closed'", 1)
("753:4: '_BufferedIOMixin.name'", 1)
("757:4: '_BufferedIOMixin.mode'", 1)
("761:4: '_BufferedIOMixin.__repr__'", 3)
("772:4: '_BufferedIOMixin.fileno'", 1)
("775:4: '_BufferedIOMixin.isatty'", 1)
("783:4: 'BytesIO.__init__'", 2)
("790:4: 'BytesIO.__getstate__'", 2)
("795:4: 'BytesIO.getvalue'", 2)
("802:4: 'BytesIO.read'", 6)
("819:4: 'BytesIO.read1'", 1)
("824:4: 'BytesIO.write'", 5)
("842:4: 'BytesIO.seek'", 8)
("861:4: 'BytesIO.tell'", 2)
("866:4: 'BytesIO.truncate'", 6)
("881:4: 'BytesIO.readable'", 1)
("884:4: 'BytesIO.writable'", 1)
("887:4: 'BytesIO.seekable'", 1)
("902:4: 'BufferedReader.__init__'", 3)
("915:4: 'BufferedReader._reset_read_buf'", 1)
("919:4: 'BufferedReader.read'", 2)
("932:4: 'BufferedReader._read_unlocked'", 13)
("988:4: 'BufferedReader.peek'", 1)
("998:4: 'BufferedReader._peek_unlocked'", 7)
("1016:4: 'BufferedReader.read1'", 3)
("1029:4: 'BufferedReader.tell'", 1)
("1032:4: 'BufferedReader.seek'", 3)
("1053:4: 'BufferedWriter.__init__'", 4)
("1068:4: 'BufferedWriter.write'", 10)
("1100:4: 'BufferedWriter.truncate'", 2)
("1107:4: 'BufferedWriter.flush'", 1)
("1111:4: 'BufferedWriter._flush_unlocked'", 9)
("1133:4: 'BufferedWriter.tell'", 1)
("1136:4: 'BufferedWriter.seek'", 2)
("1160:4: 'BufferedRWPair.__init__'", 4)
("1178:4: 'BufferedRWPair.read'", 2)
("1183:4: 'BufferedRWPair.readinto'", 1)
("1186:4: 'BufferedRWPair.write'", 1)
("1189:4: 'BufferedRWPair.peek'", 1)
("1192:4: 'BufferedRWPair.read1'", 1)
("1195:4: 'BufferedRWPair.readable'", 1)
("1198:4: 'BufferedRWPair.writable'", 1)
("1201:4: 'BufferedRWPair.flush'", 1)
("1204:4: 'BufferedRWPair.close'", 1)
("1208:4: 'BufferedRWPair.isatty'", 1)
("1211:4: 'BufferedRWPair.closed'", 1)
("1227:4: 'BufferedRandom.__init__'", 1)
("1233:4: 'BufferedRandom.seek'", 4)
("1250:4: 'BufferedRandom.tell'", 2)
("1256:4: 'BufferedRandom.truncate'", 2)
("1262:4: 'BufferedRandom.read'", 2)
("1268:4: 'BufferedRandom.readinto'", 1)
("1272:4: 'BufferedRandom.peek'", 1)
("1276:4: 'BufferedRandom.read1'", 1)
("1280:4: 'BufferedRandom.write'", 2)
("1298:4: 'TextIOBase.read'", 1)
("1306:4: 'TextIOBase.write'", 1)
("1310:4: 'TextIOBase.truncate'", 1)
("1314:4: 'TextIOBase.readline'", 1)
("1321:4: 'TextIOBase.detach'", 1)
("1330:4: 'TextIOBase.encoding'", 1)
("1335:4: 'TextIOBase.newlines'", 1)
("1345:4: 'TextIOBase.errors'", 1)
("1362:4: 'IncrementalNewlineDecoder.__init__'", 1)
("1369:4: 'IncrementalNewlineDecoder.decode'", 7)
("1400:4: 'IncrementalNewlineDecoder.getstate'", 3)
("1411:4: 'IncrementalNewlineDecoder.setstate'", 2)
("1417:4: 'IncrementalNewlineDecoder.reset'", 2)
("1427:4: 'IncrementalNewlineDecoder.newlines'", 1)
("1466:4: 'TextIOWrapper.__init__'", 13)
("1524:4: 'TextIOWrapper.__repr__'", 3)
("1533:4: 'TextIOWrapper.encoding'", 1)
("1537:4: 'TextIOWrapper.errors'", 1)
("1541:4: 'TextIOWrapper.line_buffering'", 1)
("1545:4: 'TextIOWrapper.buffer'", 1)
("1549:4: 'TextIOWrapper.seekable'", 1)
("1552:4: 'TextIOWrapper.readable'", 1)
("1555:4: 'TextIOWrapper.writable'", 1)
("1558:4: 'TextIOWrapper.flush'", 1)
("1562:4: 'TextIOWrapper.close'", 2)
("1567:4: 'TextIOWrapper.closed'", 1)
("1571:4: 'TextIOWrapper.name'", 1)
("1575:4: 'TextIOWrapper.fileno'", 1)
("1578:4: 'TextIOWrapper.isatty'", 1)
("1581:4: 'TextIOWrapper.write'", 6)
("1602:4: 'TextIOWrapper._get_encoder'", 1)
("1607:4: 'TextIOWrapper._get_decoder'", 2)
("1618:4: 'TextIOWrapper._set_decoded_chars'", 1)
("1623:4: 'TextIOWrapper._get_decoded_chars'", 2)
("1633:4: 'TextIOWrapper._rewind_decoded_chars'", 2)
("1639:4: 'TextIOWrapper._read_chunk'", 4)
("1673:4: 'TextIOWrapper._pack_cookie'", 1)
("1683:4: 'TextIOWrapper._unpack_cookie'", 1)
("1690:4: 'TextIOWrapper.tell'", 6)
("1752:4: 'TextIOWrapper.truncate'", 2)
("1758:4: 'TextIOWrapper.detach'", 2)
("1766:4: 'TextIOWrapper.seek'", 17)
("1838:4: 'TextIOWrapper.read'", 6)
("1863:4: 'TextIOWrapper.next'", 2)
("1872:4: 'TextIOWrapper.readline'", 20)
("1960:4: 'TextIOWrapper.newlines'", 1)
("1972:4: 'StringIO.__init__'", 4)
("1987:4: 'StringIO.getvalue'", 1)
("1991:4: 'StringIO.__repr__'", 1)
("1996:4: 'StringIO.errors'", 1)
("2000:4: 'StringIO.encoding'", 1)
("2004:4: 'StringIO.detach'", 1)
