("16:4: '_IterationGuard.__init__'", 1)
("20:4: '_IterationGuard.__enter__'", 2)
("26:4: '_IterationGuard.__exit__'", 3)
("36:4: 'WeakSet.__init__'", 5)
("52:4: 'WeakSet._commit_removals'", 2)
("58:4: 'WeakSet.__iter__'", 3)
("65:4: 'WeakSet.__len__'", 1)
("68:4: 'WeakSet.__contains__'", 3)
("75:4: 'WeakSet.__reduce__'", 1)
("81:4: 'WeakSet.add'", 2)
("86:4: 'WeakSet.clear'", 2)
("91:4: 'WeakSet.copy'", 1)
("94:4: 'WeakSet.pop'", 6)
("106:4: 'WeakSet.remove'", 2)
("111:4: 'WeakSet.discard'", 2)
("116:4: 'WeakSet.update'", 4)
("125:4: 'WeakSet.__ior__'", 1)
("130:4: 'WeakSet._apply'", 2)
("138:4: 'WeakSet.difference'", 1)
("142:4: 'WeakSet.difference_update'", 3)
("149:4: 'WeakSet.__isub__'", 3)
("158:4: 'WeakSet.intersection'", 1)
("162:4: 'WeakSet.intersection_update'", 2)
("166:4: 'WeakSet.__iand__'", 2)
("172:4: 'WeakSet.issubset'", 1)
("176:4: 'WeakSet.__le__'", 1)
("179:4: 'WeakSet.issuperset'", 1)
("183:4: 'WeakSet.__ge__'", 1)
("186:4: 'WeakSet.__eq__'", 2)
("191:4: 'WeakSet.symmetric_difference'", 1)
("195:4: 'WeakSet.symmetric_difference_update'", 3)
("202:4: 'WeakSet.__ixor__'", 3)
("211:4: 'WeakSet.union'", 1)
("215:4: 'WeakSet.isdisjoint'", 1)
