("147:0: '_read_long'", 3)
("153:0: '_read_ulong'", 3)
("159:0: '_read_short'", 3)
("165:0: '_read_string'", 3)
("177:0: '_read_float'", 4)
("194:0: '_write_short'", 1)
("197:0: '_write_long'", 1)
("200:0: '_write_string'", 3)
("208:0: '_write_float'", 5)
("279:4: 'Aifc_read.initfp'", 15)
("331:4: 'Aifc_read.__init__'", 2)
("340:4: 'Aifc_read.getfp'", 1)
("343:4: 'Aifc_read.rewind'", 1)
("347:4: 'Aifc_read.close'", 2)
("353:4: 'Aifc_read.tell'", 1)
("356:4: 'Aifc_read.getnchannels'", 1)
("359:4: 'Aifc_read.getnframes'", 1)
("362:4: 'Aifc_read.getsampwidth'", 1)
("365:4: 'Aifc_read.getframerate'", 1)
("368:4: 'Aifc_read.getcomptype'", 1)
("371:4: 'Aifc_read.getcompname'", 1)
("377:4: 'Aifc_read.getparams'", 1)
("382:4: 'Aifc_read.getmarkers'", 2)
("387:4: 'Aifc_read.getmark'", 3)
("393:4: 'Aifc_read.setpos'", 2)
("399:4: 'Aifc_read.readframes'", 5)
("419:4: 'Aifc_read._decomp_data'", 1)
("426:4: 'Aifc_read._ulaw2lin'", 1)
("430:4: 'Aifc_read._adpcm2lin'", 2)
("439:4: 'Aifc_read._read_comm_chunk'", 16)
("500:4: 'Aifc_read._readmark'", 6)
("551:4: 'Aifc_write.__init__'", 3)
("564:4: 'Aifc_write.initfp'", 1)
("582:4: 'Aifc_write.__del__'", 2)
("589:4: 'Aifc_write.aiff'", 2)
("594:4: 'Aifc_write.aifc'", 2)
("599:4: 'Aifc_write.setnchannels'", 3)
("606:4: 'Aifc_write.getnchannels'", 2)
("611:4: 'Aifc_write.setsampwidth'", 3)
("618:4: 'Aifc_write.getsampwidth'", 2)
("623:4: 'Aifc_write.setframerate'", 3)
("630:4: 'Aifc_write.getframerate'", 2)
("635:4: 'Aifc_write.setnframes'", 2)
("640:4: 'Aifc_write.getnframes'", 1)
("643:4: 'Aifc_write.setcomptype'", 3)
("651:4: 'Aifc_write.getcomptype'", 1)
("654:4: 'Aifc_write.getcompname'", 1)
("662:4: 'Aifc_write.setparams'", 3)
("674:4: 'Aifc_write.getparams'", 2)
("680:4: 'Aifc_write.setmark'", 6)
("693:4: 'Aifc_write.getmark'", 3)
("699:4: 'Aifc_write.getmarkers'", 2)
("704:4: 'Aifc_write.tell'", 1)
("707:4: 'Aifc_write.writeframesraw'", 2)
("716:4: 'Aifc_write.writeframes'", 2)
("722:4: 'Aifc_write.close'", 4)
("744:4: 'Aifc_write._comp_data'", 1)
("750:4: 'Aifc_write._lin2ulaw'", 1)
("754:4: 'Aifc_write._lin2adpcm'", 2)
("762:4: 'Aifc_write._ensure_header_written'", 11)
("782:4: 'Aifc_write._init_compression'", 11)
("820:4: 'Aifc_write._write_header'", 11)
("863:4: 'Aifc_write._write_form_length'", 3)
("876:4: 'Aifc_write._patchheader'", 3)
("898:4: 'Aifc_write._writemarkers'", 5)
("917:0: 'open'", 5)
('If 932', 6)
