("95:0: '_callable'", 1)
("121:4: '_AttributeHolder.__repr__'", 3)
("130:4: '_AttributeHolder._get_kwargs'", 1)
("133:4: '_AttributeHolder._get_args'", 1)
("137:0: '_ensure_value'", 2)
("154:4: 'HelpFormatter.__init__'", 4)
("186:4: 'HelpFormatter._indent'", 1)
("190:4: 'HelpFormatter._dedent'", 1)
("197:8: 'HelpFormatter._Section.__init__'", 1)
("203:8: 'HelpFormatter._Section.format_help'", 6)
("228:4: 'HelpFormatter._add_item'", 1)
("234:4: 'HelpFormatter.start_section'", 1)
("240:4: 'HelpFormatter.end_section'", 1)
("244:4: 'HelpFormatter.add_text'", 2)
("248:4: 'HelpFormatter.add_usage'", 2)
("253:4: 'HelpFormatter.add_argument'", 3)
("271:4: 'HelpFormatter.add_arguments'", 2)
("278:4: 'HelpFormatter.format_help'", 2)
("285:4: 'HelpFormatter._join_parts'", 1)
("290:4: 'HelpFormatter._format_usage'", 18)
("382:4: 'HelpFormatter._format_actions_usage'", 20)
("478:4: 'HelpFormatter._format_text'", 2)
("485:4: 'HelpFormatter._format_action'", 7)
("532:4: 'HelpFormatter._format_action_invocation'", 4)
("555:4: 'HelpFormatter._metavar_formatter'", 5)
("571:4: 'HelpFormatter._format_args'", 7)
("590:4: 'HelpFormatter._expand_help'", 6)
("603:4: 'HelpFormatter._iter_indented_subactions'", 4)
("614:4: 'HelpFormatter._split_lines'", 1)
("618:4: 'HelpFormatter._fill_text'", 1)
("623:4: 'HelpFormatter._get_help_string'", 1)
("634:4: 'RawDescriptionHelpFormatter._fill_text'", 1)
("645:4: 'RawTextHelpFormatter._split_lines'", 1)
("656:4: 'ArgumentDefaultsHelpFormatter._get_help_string'", 4)
("670:0: '_get_action_name'", 5)
("690:4: 'ArgumentError.__init__'", 1)
("694:4: 'ArgumentError.__str__'", 2)
("763:4: 'Action.__init__'", 1)
("785:4: 'Action._get_kwargs'", 1)
("799:4: 'Action.__call__'", 1)
("805:4: '_StoreAction.__init__'", 3)
("834:4: '_StoreAction.__call__'", 1)
("840:4: '_StoreConstAction.__init__'", 1)
("857:4: '_StoreConstAction.__call__'", 1)
("863:4: '_StoreTrueAction.__init__'", 1)
("880:4: '_StoreFalseAction.__init__'", 1)
("897:4: '_AppendAction.__init__'", 3)
("926:4: '_AppendAction.__call__'", 1)
("934:4: '_AppendConstAction.__init__'", 1)
("952:4: '_AppendConstAction.__call__'", 1)
("960:4: '_CountAction.__init__'", 1)
("974:4: '_CountAction.__call__'", 1)
("981:4: '_HelpAction.__init__'", 1)
("993:4: '_HelpAction.__call__'", 1)
("1000:4: '_VersionAction.__init__'", 1)
("1014:4: '_VersionAction.__call__'", 2)
("1027:8: '_SubParsersAction._ChoicesPseudoAction.__init__'", 1)
("1031:4: '_SubParsersAction.__init__'", 1)
("1052:4: '_SubParsersAction.add_parser'", 3)
("1068:4: '_SubParsersAction._get_subactions'", 1)
("1071:4: '_SubParsersAction.__call__'", 5)
("1113:4: 'FileType.__init__'", 1)
("1117:4: 'FileType.__call__'", 6)
("1135:4: 'FileType.__repr__'", 1)
("1151:4: 'Namespace.__init__'", 2)
("1157:4: 'Namespace.__eq__'", 1)
("1160:4: 'Namespace.__ne__'", 1)
("1163:4: 'Namespace.__contains__'", 1)
("1169:4: '_ActionsContainer.__init__'", 1)
("1221:4: '_ActionsContainer.register'", 1)
("1225:4: '_ActionsContainer._registry_get'", 1)
("1231:4: '_ActionsContainer.set_defaults'", 3)
("1240:4: '_ActionsContainer.get_default'", 3)
("1250:4: '_ActionsContainer.add_argument'", 11)
("1297:4: '_ActionsContainer.add_argument_group'", 1)
("1302:4: '_ActionsContainer.add_mutually_exclusive_group'", 1)
("1307:4: '_ActionsContainer._add_action'", 5)
("1328:4: '_ActionsContainer._remove_action'", 1)
("1331:4: '_ActionsContainer._add_container_actions'", 9)
("1371:4: '_ActionsContainer._get_positional_kwargs'", 4)
("1387:4: '_ActionsContainer._get_optional_kwargs'", 9)
("1422:4: '_ActionsContainer._pop_action_class'", 1)
("1426:4: '_ActionsContainer._get_handler'", 3)
("1435:4: '_ActionsContainer._check_conflict'", 4)
("1449:4: '_ActionsContainer._handle_conflict_error'", 1)
("1456:4: '_ActionsContainer._handle_conflict_resolve'", 3)
("1473:4: '_ArgumentGroup.__init__'", 1)
("1495:4: '_ArgumentGroup._add_action'", 1)
("1500:4: '_ArgumentGroup._remove_action'", 1)
("1507:4: '_MutuallyExclusiveGroup.__init__'", 1)
("1512:4: '_MutuallyExclusiveGroup._add_action'", 2)
("1520:4: '_MutuallyExclusiveGroup._remove_action'", 1)
("1543:4: 'ArgumentParser.__init__'", 9)
("1621:4: 'ArgumentParser._get_kwargs'", 1)
("1636:4: 'ArgumentParser.add_subparsers'", 4)
("1667:4: 'ArgumentParser._add_action'", 2)
("1674:4: 'ArgumentParser._get_optional_actions'", 1)
("1679:4: 'ArgumentParser._get_positional_actions'", 1)
("1687:4: 'ArgumentParser.parse_args'", 2)
("1694:4: 'ArgumentParser.parse_known_args'", 13)
("1729:4: 'ArgumentParser._parse_known_args'", 36)
("1964:4: 'ArgumentParser._read_args_from_files'", 5)
("1993:4: 'ArgumentParser.convert_arg_line_to_args'", 1)
("1996:4: 'ArgumentParser._match_argument'", 2)
("2015:4: 'ArgumentParser._match_arguments_partial'", 3)
("2031:4: 'ArgumentParser._parse_optional'", 12)
("2088:4: 'ArgumentParser._get_option_tuples'", 9)
("2132:4: 'ArgumentParser._get_nargs_pattern'", 8)
("2176:4: 'ArgumentParser._get_values'", 11)
("2225:4: 'ArgumentParser._get_value'", 5)
("2250:4: 'ArgumentParser._check_value'", 2)
("2260:4: 'ArgumentParser.format_usage'", 1)
("2266:4: 'ArgumentParser.format_help'", 2)
("2289:4: 'ArgumentParser.format_version'", 1)
("2299:4: 'ArgumentParser._get_formatter'", 1)
("2305:4: 'ArgumentParser.print_usage'", 2)
("2310:4: 'ArgumentParser.print_help'", 2)
("2315:4: 'ArgumentParser.print_version'", 1)
("2323:4: 'ArgumentParser._print_message'", 3)
("2332:4: 'ArgumentParser.exit'", 2)
("2337:4: 'ArgumentParser.error'", 1)
