('TryExcept 63', 3)
("68:0: '_strerror'", 4)
("81:0: 'read'", 4)
("89:0: 'write'", 4)
("97:0: '_exception'", 4)
("105:0: 'readwrite'", 10)
("125:0: 'poll'", 17)
("169:0: 'poll2'", 13)
("203:0: 'loop'", 6)
("230:4: 'dispatcher.__init__'", 6)
("262:4: 'dispatcher.__repr__'", 6)
("277:4: 'dispatcher.add_channel'", 2)
("283:4: 'dispatcher.del_channel'", 3)
("292:4: 'dispatcher.create_socket'", 1)
("298:4: 'dispatcher.set_socket'", 1)
("304:4: 'dispatcher.set_reuse_addr'", 3)
("321:4: 'dispatcher.readable'", 1)
("324:4: 'dispatcher.writable'", 1)
("331:4: 'dispatcher.listen'", 2)
("337:4: 'dispatcher.bind'", 1)
("341:4: 'dispatcher.connect'", 3)
("353:4: 'dispatcher.accept'", 5)
("367:4: 'dispatcher.send'", 5)
("380:4: 'dispatcher.recv'", 5)
("398:4: 'dispatcher.close'", 4)
("410:4: 'dispatcher.__getattr__'", 3)
("426:4: 'dispatcher.log'", 1)
("429:4: 'dispatcher.log_info'", 2)
("433:4: 'dispatcher.handle_read_event'", 3)
("444:4: 'dispatcher.handle_connect_event'", 2)
("451:4: 'dispatcher.handle_write_event'", 4)
("466:4: 'dispatcher.handle_expt_event'", 2)
("481:4: 'dispatcher.handle_error'", 3)
("501:4: 'dispatcher.handle_expt'", 1)
("504:4: 'dispatcher.handle_read'", 1)
("507:4: 'dispatcher.handle_write'", 1)
("510:4: 'dispatcher.handle_connect'", 1)
("513:4: 'dispatcher.handle_accept'", 1)
("516:4: 'dispatcher.handle_close'", 1)
("527:4: 'dispatcher_with_send.__init__'", 1)
("531:4: 'dispatcher_with_send.initiate_send'", 1)
("536:4: 'dispatcher_with_send.handle_write'", 1)
("539:4: 'dispatcher_with_send.writable'", 1)
("542:4: 'dispatcher_with_send.send'", 2)
("552:0: 'compact_traceback'", 3)
("572:0: 'close_all'", 10)
('If 603', 13)
