("64:4: 'async_chat.__init__'", 1)
("81:4: 'async_chat.collect_incoming_data'", 1)
("84:4: 'async_chat._collect_incoming_data'", 1)
("87:4: 'async_chat._get_data'", 1)
("92:4: 'async_chat.found_terminator'", 1)
("95:4: 'async_chat.set_terminator'", 1)
("99:4: 'async_chat.get_terminator'", 1)
("107:4: 'async_chat.handle_read'", 11)
("173:4: 'async_chat.handle_write'", 1)
("176:4: 'async_chat.handle_close'", 1)
("179:4: 'async_chat.push'", 3)
("188:4: 'async_chat.push_with_producer'", 1)
("192:4: 'async_chat.readable'", 1)
("200:4: 'async_chat.writable'", 1)
("204:4: 'async_chat.close_when_done'", 1)
("208:4: 'async_chat.initiate_send'", 12)
("248:4: 'async_chat.discard_buffers'", 1)
("256:4: 'simple_producer.__init__'", 1)
("260:4: 'simple_producer.more'", 2)
("271:4: 'fifo.__init__'", 2)
("277:4: 'fifo.__len__'", 1)
("280:4: 'fifo.is_empty'", 1)
("283:4: 'fifo.first'", 1)
("286:4: 'fifo.push'", 1)
("289:4: 'fifo.pop'", 2)
("310:0: 'find_prefix_at_end'", 2)
