("20:4: 'Play_Audio_sgi.initclass'", 1)
("43:4: 'Play_Audio_sgi.__init__'", 2)
("57:4: 'Play_Audio_sgi.__del__'", 3)
("65:4: 'Play_Audio_sgi.wait'", 3)
("73:4: 'Play_Audio_sgi.stop'", 3)
("82:4: 'Play_Audio_sgi.setoutrate'", 3)
("91:4: 'Play_Audio_sgi.setsampwidth'", 4)
("106:4: 'Play_Audio_sgi.setnchannels'", 3)
("115:4: 'Play_Audio_sgi.writeframes'", 4)
("128:4: 'Play_Audio_sgi.getfilled'", 2)
("134:4: 'Play_Audio_sgi.getfillable'", 2)
("143:4: 'Play_Audio_sgi.ulaw2lin'", 1)
("151:4: 'Play_Audio_sun.__init__'", 1)
("162:4: 'Play_Audio_sun.__del__'", 1)
("165:4: 'Play_Audio_sun.setoutrate'", 1)
("169:4: 'Play_Audio_sun.setsampwidth'", 1)
("173:4: 'Play_Audio_sun.setnchannels'", 1)
("177:4: 'Play_Audio_sun.writeframes'", 5)
("198:4: 'Play_Audio_sun.wait'", 2)
("204:4: 'Play_Audio_sun.stop'", 2)
("210:4: 'Play_Audio_sun.getfilled'", 2)
("220:0: 'AudioDev'", 7)
("238:0: 'test'", 4)
('If 259', 2)
