("23:4: 'Bdb.__init__'", 1)
("28:4: 'Bdb.canonic'", 3)
("38:4: 'Bdb.reset'", 1)
("44:4: 'Bdb.trace_dispatch'", 9)
("64:4: 'Bdb.dispatch_line'", 3)
("70:4: 'Bdb.dispatch_call'", 4)
("83:4: 'Bdb.dispatch_return'", 3)
("89:4: 'Bdb.dispatch_exception'", 3)
("99:4: 'Bdb.is_skipped_module'", 3)
("105:4: 'Bdb.stop_here'", 6)
("121:4: 'Bdb.break_here'", 6)
("143:4: 'Bdb.do_clear'", 1)
("146:4: 'Bdb.break_anywhere'", 1)
("152:4: 'Bdb.user_call'", 1)
("157:4: 'Bdb.user_line'", 1)
("161:4: 'Bdb.user_return'", 1)
("165:4: 'Bdb.user_exception'", 1)
("171:4: 'Bdb._set_stopinfo'", 1)
("182:4: 'Bdb.set_until'", 1)
("187:4: 'Bdb.set_step'", 1)
("191:4: 'Bdb.set_next'", 1)
("195:4: 'Bdb.set_return'", 1)
("199:4: 'Bdb.set_trace'", 3)
("214:4: 'Bdb.set_continue'", 3)
("225:4: 'Bdb.set_quit'", 1)
("238:4: 'Bdb.set_break'", 4)
("253:4: 'Bdb._prune_breaks'", 3)
("259:4: 'Bdb.clear_break'", 4)
("272:4: 'Bdb.clear_bpbynumber'", 6)
("286:4: 'Bdb.clear_all_file_breaks'", 4)
("296:4: 'Bdb.clear_all_breaks'", 4)
("304:4: 'Bdb.get_break'", 1)
("309:4: 'Bdb.get_breaks'", 1)
("315:4: 'Bdb.get_file_breaks'", 2)
("322:4: 'Bdb.get_all_breaks'", 1)
("328:4: 'Bdb.get_stack'", 6)
("348:4: 'Bdb.format_stack_entry'", 6)
("376:4: 'Bdb.run'", 4)
("394:4: 'Bdb.runeval'", 4)
("412:4: 'Bdb.runctx'", 1)
("418:4: 'Bdb.runcall'", 1)
("432:0: 'set_trace'", 1)
("460:4: 'Breakpoint.__init__'", 2)
("481:4: 'Breakpoint.deleteMe'", 2)
("489:4: 'Breakpoint.enable'", 1)
("492:4: 'Breakpoint.disable'", 1)
("495:4: 'Breakpoint.bpprint'", 8)
("520:0: 'checkfuncname'", 6)
("548:0: 'effective'", 10)
("602:4: 'Tdb.user_call'", 2)
("606:4: 'Tdb.user_line'", 2)
("613:4: 'Tdb.user_return'", 1)
("615:4: 'Tdb.user_exception'", 1)
("619:0: 'foo'", 1)
("624:0: 'bar'", 1)
("628:0: 'test'", 1)
