('TryExcept 47', 14)
("114:4: '_Hqxcoderengine.__init__'", 1)
("120:4: '_Hqxcoderengine.write'", 2)
("131:4: '_Hqxcoderengine._flush'", 3)
("142:4: '_Hqxcoderengine.close'", 2)
("153:4: '_Rlecoderengine.__init__'", 1)
("157:4: '_Rlecoderengine.write'", 2)
("165:4: '_Rlecoderengine.close'", 2)
("173:4: 'BinHex.__init__'", 3)
("189:4: 'BinHex._writeinfo'", 2)
("203:4: 'BinHex._write'", 1)
("207:4: 'BinHex._writecrc'", 2)
("217:4: 'BinHex.write'", 2)
("223:4: 'BinHex.close_data'", 2)
("229:4: 'BinHex.write_rsrc'", 3)
("237:4: 'BinHex.close'", 4)
("250:0: 'binhex'", 5)
("275:4: '_Hqxdecoderengine.__init__'", 1)
("279:4: '_Hqxdecoderengine.read'", 8)
("313:4: '_Hqxdecoderengine.close'", 1)
("319:4: '_Rledecoderengine.__init__'", 1)
("325:4: '_Rledecoderengine.read'", 2)
("332:4: '_Rledecoderengine._fill'", 6)
("367:4: '_Rledecoderengine.close'", 1)
("371:4: 'HexBin.__init__'", 7)
("395:4: 'HexBin._read'", 1)
("400:4: 'HexBin._checkcrc'", 2)
("410:4: 'HexBin._readheader'", 1)
("430:4: 'HexBin.read'", 4)
("444:4: 'HexBin.close_data'", 3)
("452:4: 'HexBin.read_rsrc'", 4)
("465:4: 'HexBin.close'", 2)
("472:0: 'hexbin'", 7)
("500:0: '_test'", 1)
('If 507', 2)
