("22:4: 'IllegalMonthError.__init__'", 1)
("24:4: 'IllegalMonthError.__str__'", 1)
("29:4: 'IllegalWeekdayError.__init__'", 1)
("31:4: 'IllegalWeekdayError.__str__'", 1)
("52:4: '_localized_month.__init__'", 1)
("55:4: '_localized_month.__getitem__'", 2)
("62:4: '_localized_month.__len__'", 1)
("71:4: '_localized_day.__init__'", 1)
("74:4: '_localized_day.__getitem__'", 2)
("81:4: '_localized_day.__len__'", 1)
("97:0: 'isleap'", 1)
("102:0: 'leapdays'", 1)
("110:0: 'weekday'", 1)
("116:0: 'monthrange'", 2)
("132:4: 'Calendar.__init__'", 1)
("135:4: 'Calendar.getfirstweekday'", 1)
("138:4: 'Calendar.setfirstweekday'", 1)
("143:4: 'Calendar.iterweekdays'", 2)
("151:4: 'Calendar.itermonthdates'", 3)
("168:4: 'Calendar.itermonthdays2'", 3)
("179:4: 'Calendar.itermonthdays'", 3)
("190:4: 'Calendar.monthdatescalendar'", 1)
("198:4: 'Calendar.monthdays2calendar'", 1)
("208:4: 'Calendar.monthdayscalendar'", 1)
("216:4: 'Calendar.yeardatescalendar'", 1)
("229:4: 'Calendar.yeardays2calendar'", 1)
("242:4: 'Calendar.yeardayscalendar'", 1)
("261:4: 'TextCalendar.prweek'", 1)
("267:4: 'TextCalendar.formatday'", 2)
("277:4: 'TextCalendar.formatweek'", 1)
("283:4: 'TextCalendar.formatweekday'", 2)
("293:4: 'TextCalendar.formatweekheader'", 1)
("299:4: 'TextCalendar.formatmonthname'", 2)
("308:4: 'TextCalendar.prmonth'", 1)
("314:4: 'TextCalendar.formatmonth'", 2)
("330:4: 'TextCalendar.formatyear'", 5)
("367:4: 'TextCalendar.pryear'", 1)
("380:4: 'HTMLCalendar.formatday'", 2)
("389:4: 'HTMLCalendar.formatweek'", 1)
("396:4: 'HTMLCalendar.formatweekday'", 1)
("402:4: 'HTMLCalendar.formatweekheader'", 1)
("409:4: 'HTMLCalendar.formatmonthname'", 2)
("419:4: 'HTMLCalendar.formatmonth'", 2)
("438:4: 'HTMLCalendar.formatyear'", 3)
("460:4: 'HTMLCalendar.formatyearpage'", 3)
("485:4: 'TimeEncoding.__init__'", 1)
("488:4: 'TimeEncoding.__enter__'", 1)
("492:4: 'TimeEncoding.__exit__'", 1)
("504:4: 'LocaleTextCalendar.__init__'", 2)
("510:4: 'LocaleTextCalendar.formatweekday'", 3)
("521:4: 'LocaleTextCalendar.formatmonthname'", 3)
("538:4: 'LocaleHTMLCalendar.__init__'", 2)
("544:4: 'LocaleHTMLCalendar.formatweekday'", 2)
("551:4: 'LocaleHTMLCalendar.formatmonthname'", 3)
("566:0: 'setfirstweekday'", 4)
("590:0: 'format'", 1)
("595:0: 'formatstring'", 1)
("605:0: 'timegm'", 1)
("615:0: 'main'", 13)
('If 707', 2)
