('TryExcept 14', 3)
('If 50', 2)
("77:4: 'CodecInfo.__new__'", 1)
("89:4: 'CodecInfo.__repr__'", 1)
("114:4: 'Codec.encode'", 1)
("133:4: 'Codec.decode'", 1)
("162:4: 'IncrementalEncoder.__init__'", 1)
("173:4: 'IncrementalEncoder.encode'", 1)
("179:4: 'IncrementalEncoder.reset'", 1)
("184:4: 'IncrementalEncoder.getstate'", 1)
("190:4: 'IncrementalEncoder.setstate'", 1)
("202:4: 'BufferedIncrementalEncoder.__init__'", 1)
("206:4: 'BufferedIncrementalEncoder._buffer_encode'", 1)
("211:4: 'BufferedIncrementalEncoder.encode'", 1)
("219:4: 'BufferedIncrementalEncoder.reset'", 1)
("223:4: 'BufferedIncrementalEncoder.getstate'", 1)
("226:4: 'BufferedIncrementalEncoder.setstate'", 1)
("235:4: 'IncrementalDecoder.__init__'", 1)
("245:4: 'IncrementalDecoder.decode'", 1)
("251:4: 'IncrementalDecoder.reset'", 1)
("256:4: 'IncrementalDecoder.getstate'", 1)
("270:4: 'IncrementalDecoder.setstate'", 1)
("284:4: 'BufferedIncrementalDecoder.__init__'", 1)
("288:4: 'BufferedIncrementalDecoder._buffer_decode'", 1)
("293:4: 'BufferedIncrementalDecoder.decode'", 1)
("301:4: 'BufferedIncrementalDecoder.reset'", 1)
("305:4: 'BufferedIncrementalDecoder.getstate'", 1)
("309:4: 'BufferedIncrementalDecoder.setstate'", 1)
("322:4: 'StreamWriter.__init__'", 1)
("347:4: 'StreamWriter.write'", 1)
("354:4: 'StreamWriter.writelines'", 1)
("361:4: 'StreamWriter.reset'", 1)
("373:4: 'StreamWriter.seek'", 2)
("378:4: 'StreamWriter.__getattr__'", 1)
("385:4: 'StreamWriter.__enter__'", 1)
("388:4: 'StreamWriter.__exit__'", 1)
("395:4: 'StreamReader.__init__'", 1)
("421:4: 'StreamReader.decode'", 1)
("424:4: 'StreamReader.read'", 15)
("503:4: 'StreamReader.readline'", 16)
("576:4: 'StreamReader.readlines'", 1)
("591:4: 'StreamReader.reset'", 1)
("604:4: 'StreamReader.seek'", 1)
("612:4: 'StreamReader.next'", 2)
("620:4: 'StreamReader.__iter__'", 1)
("623:4: 'StreamReader.__getattr__'", 1)
("630:4: 'StreamReader.__enter__'", 1)
("633:4: 'StreamReader.__exit__'", 1)
("651:4: 'StreamReaderWriter.__init__'", 1)
("669:4: 'StreamReaderWriter.read'", 1)
("673:4: 'StreamReaderWriter.readline'", 1)
("677:4: 'StreamReaderWriter.readlines'", 1)
("681:4: 'StreamReaderWriter.next'", 1)
("686:4: 'StreamReaderWriter.__iter__'", 1)
("689:4: 'StreamReaderWriter.write'", 1)
("693:4: 'StreamReaderWriter.writelines'", 1)
("697:4: 'StreamReaderWriter.reset'", 1)
("702:4: 'StreamReaderWriter.seek'", 2)
("708:4: 'StreamReaderWriter.__getattr__'", 1)
("717:4: 'StreamReaderWriter.__enter__'", 1)
("720:4: 'StreamReaderWriter.__exit__'", 1)
("746:4: 'StreamRecoder.__init__'", 1)
("779:4: 'StreamRecoder.read'", 1)
("785:4: 'StreamRecoder.readline'", 2)
("794:4: 'StreamRecoder.readlines'", 1)
("800:4: 'StreamRecoder.next'", 1)
("807:4: 'StreamRecoder.__iter__'", 1)
("810:4: 'StreamRecoder.write'", 1)
("815:4: 'StreamRecoder.writelines'", 1)
("821:4: 'StreamRecoder.reset'", 1)
("826:4: 'StreamRecoder.__getattr__'", 1)
("833:4: 'StreamRecoder.__enter__'", 1)
("836:4: 'StreamRecoder.__exit__'", 1)
("841:0: 'open'", 6)
("890:0: 'EncodedFile'", 2)
("928:0: 'getencoder'", 1)
("938:0: 'getdecoder'", 1)
("948:0: 'getincrementalencoder'", 2)
("962:0: 'getincrementaldecoder'", 2)
("976:0: 'getreader'", 1)
("986:0: 'getwriter'", 1)
("996:0: 'iterencode'", 4)
("1014:0: 'iterdecode'", 4)
("1034:0: 'make_identity_dict'", 2)
("1047:0: 'make_encoding_map'", 3)
('TryExcept 1070', 3)
('If 1087', 2)
('If 1092', 2)
