('TryExcept 15', 3)
("37:4: 'OrderedDict.__init__'", 4)
("53:4: 'OrderedDict.__setitem__'", 2)
("63:4: 'OrderedDict.__delitem__'", 1)
("72:4: 'OrderedDict.__iter__'", 2)
("82:4: 'OrderedDict.__reversed__'", 2)
("92:4: 'OrderedDict.clear'", 2)
("103:4: 'OrderedDict.keys'", 1)
("107:4: 'OrderedDict.values'", 1)
("111:4: 'OrderedDict.items'", 1)
("115:4: 'OrderedDict.iterkeys'", 1)
("119:4: 'OrderedDict.itervalues'", 2)
("124:4: 'OrderedDict.iteritems'", 2)
("135:4: 'OrderedDict.pop'", 3)
("149:4: 'OrderedDict.setdefault'", 2)
("156:4: 'OrderedDict.popitem'", 2)
("167:4: 'OrderedDict.__repr__'", 2)
("180:4: 'OrderedDict.__reduce__'", 3)
("190:4: 'OrderedDict.copy'", 1)
("194:4: 'OrderedDict.fromkeys'", 2)
("205:4: 'OrderedDict.__eq__'", 2)
("214:4: 'OrderedDict.__ne__'", 1)
("220:4: 'OrderedDict.viewkeys'", 1)
("224:4: 'OrderedDict.viewvalues'", 1)
("228:4: 'OrderedDict.viewitems'", 1)
("237:0: 'namedtuple'", 18)
("406:4: 'Counter.__init__'", 1)
("420:4: 'Counter.__missing__'", 1)
("425:4: 'Counter.most_common'", 2)
("438:4: 'Counter.elements'", 1)
("462:4: 'Counter.fromkeys'", 1)
("469:4: 'Counter.update'", 7)
("504:4: 'Counter.subtract'", 6)
("531:4: 'Counter.copy'", 1)
("535:4: 'Counter.__reduce__'", 1)
("538:4: 'Counter.__delitem__'", 2)
("543:4: 'Counter.__repr__'", 2)
("558:4: 'Counter.__add__'", 6)
("577:4: 'Counter.__sub__'", 6)
("596:4: 'Counter.__or__'", 6)
("616:4: 'Counter.__and__'", 4)
('If 634', 6)
