('TryExcept 90', 3)
("115:4: 'Error._get_message'", 1)
("120:4: 'Error._set_message'", 1)
("130:4: 'Error.__init__'", 1)
("134:4: 'Error.__repr__'", 1)
("142:4: 'NoSectionError.__init__'", 1)
("149:4: 'DuplicateSectionError.__init__'", 1)
("156:4: 'NoOptionError.__init__'", 1)
("165:4: 'InterpolationError.__init__'", 1)
("173:4: 'InterpolationMissingOptionError.__init__'", 1)
("190:4: 'InterpolationDepthError.__init__'", 1)
("201:4: 'ParsingError.__init__'", 1)
("206:4: 'ParsingError.append'", 1)
("213:4: 'MissingSectionHeaderError.__init__'", 1)
("224:4: 'RawConfigParser.__init__'", 4)
("237:4: 'RawConfigParser.defaults'", 1)
("240:4: 'RawConfigParser.sections'", 1)
("245:4: 'RawConfigParser.add_section'", 3)
("259:4: 'RawConfigParser.has_section'", 1)
("266:4: 'RawConfigParser.options'", 4)
("277:4: 'RawConfigParser.read'", 5)
("302:4: 'RawConfigParser.readfp'", 4)
("318:4: 'RawConfigParser.get'", 6)
("334:4: 'RawConfigParser.items'", 5)
("347:4: 'RawConfigParser._get'", 1)
("350:4: 'RawConfigParser.getint'", 1)
("353:4: 'RawConfigParser.getfloat'", 1)
("359:4: 'RawConfigParser.getboolean'", 2)
("365:4: 'RawConfigParser.optionxform'", 1)
("368:4: 'RawConfigParser.has_option'", 3)
("380:4: 'RawConfigParser.set'", 4)
("391:4: 'RawConfigParser.write'", 7)
("408:4: 'RawConfigParser.remove_option'", 5)
("423:4: 'RawConfigParser.remove_section'", 2)
("456:4: 'RawConfigParser._read'", 21)
("559:4: '_Chainmap.__init__'", 1)
("562:4: '_Chainmap.__getitem__'", 4)
("570:4: '_Chainmap.keys'", 4)
("582:4: 'ConfigParser.get'", 9)
("617:4: 'ConfigParser.items'", 8)
("649:4: 'ConfigParser._interpolate'", 6)
("670:4: 'ConfigParser._interpolation_replace'", 2)
("680:4: 'SafeConfigParser._interpolate'", 1)
("688:4: 'SafeConfigParser._interpolate_some'", 11)
("726:4: 'SafeConfigParser.set'", 5)
