('TryExcept 33', 3)
("43:0: '_debug'", 3)
("57:0: '_warn_unhandled_exception'", 1)
("72:0: '_timegm'", 2)
('Loop 84', 2)
("86:0: 'time2isoz'", 2)
("103:0: 'time2netscape'", 2)
("123:0: 'offset_from_tz_string'", 5)
("137:0: '_str2time'", 15)
("212:0: 'http2time'", 3)
("284:0: 'iso2time'", 2)
("317:0: 'unmatched'", 1)
("326:0: 'split_header_words'", 9)
("412:0: 'join_header_words'", 6)
("437:0: '_strip_quotes'", 3)
("444:0: 'parse_ns_headers'", 11)
("497:0: 'is_HDN'", 4)
("512:0: 'domain_match'", 6)
("551:0: 'liberal_is_HDN'", 2)
("561:0: 'user_domain_match'", 5)
("582:0: 'request_host'", 2)
("598:0: 'eff_request_host'", 2)
("609:0: 'request_path'", 2)
("619:0: 'request_port'", 4)
("637:0: 'uppercase_escaped_char'", 1)
("639:0: 'escape_path'", 2)
("655:0: 'reach'", 3)
("690:0: 'is_third_party'", 2)
("725:4: 'Cookie.__init__'", 4)
("767:4: 'Cookie.has_nonstandard_attr'", 1)
("769:4: 'Cookie.get_nonstandard_attr'", 1)
("771:4: 'Cookie.set_nonstandard_attr'", 1)
("774:4: 'Cookie.is_expired'", 3)
("780:4: 'Cookie.__str__'", 3)
("790:4: 'Cookie.__repr__'", 2)
("814:4: 'CookiePolicy.set_ok'", 1)
("823:4: 'CookiePolicy.return_ok'", 1)
("827:4: 'CookiePolicy.domain_return_ok'", 1)
("832:4: 'CookiePolicy.path_return_ok'", 1)
("848:4: 'DefaultCookiePolicy.__init__'", 3)
("881:4: 'DefaultCookiePolicy.blocked_domains'", 1)
("884:4: 'DefaultCookiePolicy.set_blocked_domains'", 1)
("888:4: 'DefaultCookiePolicy.is_blocked'", 3)
("894:4: 'DefaultCookiePolicy.allowed_domains'", 1)
("897:4: 'DefaultCookiePolicy.set_allowed_domains'", 2)
("903:4: 'DefaultCookiePolicy.is_not_allowed'", 4)
("911:4: 'DefaultCookiePolicy.set_ok'", 3)
("930:4: 'DefaultCookiePolicy.set_ok_version'", 4)
("945:4: 'DefaultCookiePolicy.set_ok_verifiability'", 4)
("957:4: 'DefaultCookiePolicy.set_ok_name'", 2)
("966:4: 'DefaultCookiePolicy.set_ok_path'", 3)
("977:4: 'DefaultCookiePolicy.set_ok_domain'", 15)
("1036:4: 'DefaultCookiePolicy.set_ok_port'", 7)
("1057:4: 'DefaultCookiePolicy.return_ok'", 3)
("1075:4: 'DefaultCookiePolicy.return_ok_version'", 3)
("1084:4: 'DefaultCookiePolicy.return_ok_verifiability'", 4)
("1096:4: 'DefaultCookiePolicy.return_ok_secure'", 2)
("1102:4: 'DefaultCookiePolicy.return_ok_expires'", 2)
("1108:4: 'DefaultCookiePolicy.return_ok_port'", 5)
("1122:4: 'DefaultCookiePolicy.return_ok_domain'", 4)
("1144:4: 'DefaultCookiePolicy.domain_return_ok'", 6)
("1166:4: 'DefaultCookiePolicy.path_return_ok'", 2)
("1175:0: 'vals_sorted_by_key'", 1)
("1180:0: 'deepvalues'", 6)
("1217:4: 'CookieJar.__init__'", 2)
("1225:4: 'CookieJar.set_policy'", 1)
("1228:4: 'CookieJar._cookies_for_domain'", 6)
("1246:4: 'CookieJar._cookies_for_request'", 2)
("1253:4: 'CookieJar._cookie_attrs'", 12)
("1312:4: 'CookieJar.add_cookie_header'", 1)
("1345:4: 'CookieJar._normalized_cookie_tuples'", 17)
("1442:4: 'CookieJar._cookie_from_cookie_tuple'", 17)
("1534:4: 'CookieJar._cookies_from_attrs_set'", 3)
("1543:4: 'CookieJar._process_rfc2109_cookies'", 5)
("1555:4: 'CookieJar.make_cookies'", 11)
("1609:4: 'CookieJar.set_cookie_if_ok'", 1)
("1622:4: 'CookieJar.set_cookie'", 1)
("1635:4: 'CookieJar.extract_cookies'", 1)
("1649:4: 'CookieJar.clear'", 6)
("1676:4: 'CookieJar.clear_session_cookies'", 1)
("1691:4: 'CookieJar.clear_expired_cookies'", 1)
("1710:4: 'CookieJar.__iter__'", 1)
("1713:4: 'CookieJar.__len__'", 2)
("1719:4: 'CookieJar.__repr__'", 2)
("1724:4: 'CookieJar.__str__'", 2)
("1736:4: 'FileCookieJar.__init__'", 4)
("1751:4: 'FileCookieJar.save'", 1)
("1755:4: 'FileCookieJar.load'", 3)
("1767:4: 'FileCookieJar.revert'", 3)
