('TryExcept 215', 3)
("315:0: '_quote'", 2)
("333:0: '_unquote'", 8)
("389:0: '_getdate'", 1)
("432:4: 'Morsel.__init__'", 2)
("441:4: 'Morsel.__setitem__'", 2)
("448:4: 'Morsel.isReservedKey'", 1)
("452:4: 'Morsel.set'", 3)
("468:4: 'Morsel.output'", 1)
("473:4: 'Morsel.__repr__'", 1)
("477:4: 'Morsel.js_output'", 1)
("488:4: 'Morsel.OutputString'", 9)
("558:4: 'BaseCookie.value_decode'", 1)
("568:4: 'BaseCookie.value_encode'", 1)
("578:4: 'BaseCookie.__init__'", 2)
("582:4: 'BaseCookie.__set'", 1)
("589:4: 'BaseCookie.__setitem__'", 1)
("595:4: 'BaseCookie.output'", 2)
("607:4: 'BaseCookie.__repr__'", 2)
("615:4: 'BaseCookie.js_output'", 2)
("625:4: 'BaseCookie.load'", 3)
("640:4: 'BaseCookie.__ParseString'", 7)
("677:4: 'SimpleCookie.value_decode'", 1)
("679:4: 'SimpleCookie.value_encode'", 1)
("698:4: 'SerialCookie.__init__'", 1)
("703:4: 'SerialCookie.value_decode'", 1)
("706:4: 'SerialCookie.value_encode'", 1)
("723:4: 'SmartCookie.__init__'", 1)
("728:4: 'SmartCookie.value_decode'", 3)
("734:4: 'SmartCookie.value_encode'", 2)
("751:0: '_test'", 1)
('If 755', 2)
