('TryExcept 59', 3)
("66:0: 'copy'", 6)
("101:0: '_copy_immutable'", 1)
('Loop 103', 2)
('Loop 108', 3)
("113:0: '_copy_with_constructor'", 1)
('Loop 115', 2)
("118:0: '_copy_with_copy_method'", 1)
('If 120', 2)
("123:0: '_copy_inst'", 5)
("145:0: 'deepcopy'", 11)
("198:0: '_deepcopy_atomic'", 1)
('TryExcept 206', 3)
('TryExcept 211', 3)
('TryExcept 215', 3)
("226:0: '_deepcopy_list'", 2)
("234:0: '_deepcopy_tuple'", 6)
("253:0: '_deepcopy_dict'", 2)
('If 260', 2)
("263:0: '_deepcopy_method'", 1)
("267:0: '_keep_alive'", 3)
("283:0: '_deepcopy_inst'", 5)
("306:0: '_reconstruct'", 20)
("369:0: '_test'", 9)
('If 432', 2)
