('TryExcept 143', 3)
("180:4: 'DecimalException.handle'", 1)
("219:4: 'InvalidOperation.handle'", 2)
("232:4: 'ConversionSyntax.handle'", 1)
("248:4: 'DivisionByZero.handle'", 1)
("259:4: 'DivisionImpossible.handle'", 1)
("270:4: 'DivisionUndefined.handle'", 1)
("296:4: 'InvalidContext.handle'", 1)
("344:4: 'Overflow.handle'", 6)
('TryExcept 393', 4)
('TryExcept 404', 15)
("464:0: 'localcontext'", 2)
("515:4: 'Decimal.__new__'", 22)
("662:4: 'Decimal.from_float'", 5)
("700:4: 'Decimal._isnan'", 4)
("715:4: 'Decimal._isinfinity'", 3)
("728:4: 'Decimal._check_nans'", 7)
("760:4: 'Decimal._compare_check_nans'", 7)
("793:4: 'Decimal.__nonzero__'", 1)
("800:4: 'Decimal._cmp'", 13)
("864:4: 'Decimal.__eq__'", 3)
("872:4: 'Decimal.__ne__'", 3)
("880:4: 'Decimal.__lt__'", 3)
("889:4: 'Decimal.__le__'", 3)
("898:4: 'Decimal.__gt__'", 3)
("907:4: 'Decimal.__ge__'", 3)
("916:4: 'Decimal.compare'", 3)
("935:4: 'Decimal.__hash__'", 7)
("987:4: 'Decimal.as_tuple'", 1)
("994:4: 'Decimal.__repr__'", 1)
("999:4: 'Decimal.__str__'", 11)
("1051:4: 'Decimal.to_eng_string'", 1)
("1061:4: 'Decimal.__neg__'", 5)
("1083:4: 'Decimal.__pos__'", 5)
("1104:4: 'Decimal.__abs__'", 5)
("1126:4: 'Decimal.__add__'", 19)
("1214:4: 'Decimal.__sub__'", 4)
("1228:4: 'Decimal.__rsub__'", 2)
("1236:4: 'Decimal.__mul__'", 12)
("1293:4: 'Decimal.__truediv__'", 15)
("1352:4: 'Decimal._divide'", 6)
("1385:4: 'Decimal.__rtruediv__'", 2)
("1395:4: 'Decimal.__divmod__'", 8)
("1431:4: 'Decimal.__rdivmod__'", 2)
("1438:4: 'Decimal.__mod__'", 7)
("1465:4: 'Decimal.__rmod__'", 2)
("1472:4: 'Decimal.remainder_near'", 14)
("1547:4: 'Decimal.__floordiv__'", 8)
("1575:4: 'Decimal.__rfloordiv__'", 2)
("1582:4: 'Decimal.__float__'", 1)
("1586:4: 'Decimal.__int__'", 5)
("1601:4: 'Decimal.real'", 1)
("1605:4: 'Decimal.imag'", 1)
("1609:4: 'Decimal.conjugate'", 1)
("1612:4: 'Decimal.__complex__'", 1)
("1615:4: 'Decimal.__long__'", 1)
("1622:4: 'Decimal._fix_nan'", 2)
("1634:4: 'Decimal._fix'", 18)
("1736:4: 'Decimal._round_down'", 2)
("1743:4: 'Decimal._round_up'", 1)
("1747:4: 'Decimal._round_half_up'", 3)
("1756:4: 'Decimal._round_half_down'", 2)
("1763:4: 'Decimal._round_half_even'", 2)
("1771:4: 'Decimal._round_ceiling'", 2)
("1778:4: 'Decimal._round_floor'", 2)
("1785:4: 'Decimal._round_05up'", 2)
("1803:4: 'Decimal.fma'", 11)
("1847:4: 'Decimal._power_modulo'", 15)
("1931:4: 'Decimal._power_exact'", 37)
("2146:4: 'Decimal.__pow__'", 39)
("2362:4: 'Decimal.__rpow__'", 2)
("2369:4: 'Decimal.normalize'", 7)
("2394:4: 'Decimal.quantize'", 19)
("2465:4: 'Decimal.same_quantum'", 2)
("2480:4: 'Decimal._rescale'", 6)
("2514:4: 'Decimal._round'", 4)
("2537:4: 'Decimal.to_integral_exact'", 8)
("2566:4: 'Decimal.to_integral_value'", 6)
("2585:4: 'Decimal.sqrt'", 14)
("2684:4: 'Decimal.max'", 8)
("2726:4: 'Decimal.min'", 8)
("2760:4: 'Decimal._isinteger'", 3)
("2769:4: 'Decimal._iseven'", 2)
("2775:4: 'Decimal.adjusted'", 3)
("2783:4: 'Decimal.canonical'", 1)
("2791:4: 'Decimal.compare_signal'", 2)
("2803:4: 'Decimal.compare_total'", 24)
("2876:4: 'Decimal.compare_total_mag'", 1)
("2887:4: 'Decimal.copy_abs'", 1)
("2891:4: 'Decimal.copy_negate'", 2)
("2898:4: 'Decimal.copy_sign'", 1)
("2904:4: 'Decimal.exp'", 13)
("2979:4: 'Decimal.is_canonical'", 1)
("2987:4: 'Decimal.is_finite'", 1)
("2995:4: 'Decimal.is_infinite'", 1)
("2999:4: 'Decimal.is_nan'", 1)
("3003:4: 'Decimal.is_normal'", 3)
("3011:4: 'Decimal.is_qnan'", 1)
("3015:4: 'Decimal.is_signed'", 1)
("3019:4: 'Decimal.is_snan'", 1)
("3023:4: 'Decimal.is_subnormal'", 3)
("3031:4: 'Decimal.is_zero'", 1)
("3035:4: 'Decimal._ln_exp_bound'", 4)
("3060:4: 'Decimal.ln'", 9)
("3110:4: 'Decimal._log10_exp_bound'", 4)
("3140:4: 'Decimal.log10'", 9)
("3191:4: 'Decimal.logb'", 5)
("3221:4: 'Decimal._islogical'", 4)
("3235:4: 'Decimal._fill_logical'", 5)
("3248:4: 'Decimal.logical_and'", 3)
("3265:4: 'Decimal.logical_invert'", 2)
("3272:4: 'Decimal.logical_or'", 3)
("3289:4: 'Decimal.logical_xor'", 3)
("3306:4: 'Decimal.max_mag'", 8)
("3336:4: 'Decimal.min_mag'", 8)
("3366:4: 'Decimal.next_minus'", 6)
("3389:4: 'Decimal.next_plus'", 6)
("3412:4: 'Decimal.next_toward'", 8)
("3458:4: 'Decimal.number_class'", 11)
("3500:4: 'Decimal.radix'", 1)
("3504:4: 'Decimal.rotate'", 8)
("3537:4: 'Decimal.scaleb'", 6)
("3562:4: 'Decimal.shift'", 9)
("3601:4: 'Decimal.__reduce__'", 1)
("3604:4: 'Decimal.__copy__'", 2)
("3609:4: 'Decimal.__deepcopy__'", 2)
("3616:4: 'Decimal.__format__'", 17)
("3696:0: '_dec_from_triple'", 1)
("3726:4: '_ContextManager.__init__'", 1)
("3728:4: '_ContextManager.__enter__'", 1)
("3732:4: '_ContextManager.__exit__'", 1)
("3754:4: 'Context.__init__'", 8)
("3792:4: 'Context.__repr__'", 1)
("3804:4: 'Context.clear_flags'", 2)
("3809:4: 'Context._shallow_copy'", 1)
("3816:4: 'Context.copy'", 1)
("3824:4: 'Context._raise_error'", 3)
("3846:4: 'Context._ignore_all_flags'", 1)
("3850:4: 'Context._ignore_flags'", 1)
("3857:4: 'Context._regard_flags'", 3)
("3867:4: 'Context.Etiny'", 1)
("3871:4: 'Context.Etop'", 1)
("3875:4: 'Context._set_rounding'", 1)
("3894:4: 'Context.create_decimal'", 3)
("3911:4: 'Context.create_decimal_from_float'", 1)
("3929:4: 'Context.abs'", 1)
("3950:4: 'Context.add'", 2)
("3971:4: 'Context._apply'", 1)
("3974:4: 'Context.canonical'", 1)
("3985:4: 'Context.compare'", 1)
("4021:4: 'Context.compare_signal'", 1)
("4056:4: 'Context.compare_total'", 1)
("4085:4: 'Context.compare_total_mag'", 1)
("4093:4: 'Context.copy_abs'", 1)
("4106:4: 'Context.copy_decimal'", 1)
("4119:4: 'Context.copy_negate'", 1)
("4132:4: 'Context.copy_sign'", 1)
("4156:4: 'Context.divide'", 2)
("4193:4: 'Context.divide_int'", 2)
("4216:4: 'Context.divmod'", 2)
("4237:4: 'Context.exp'", 1)
("4261:4: 'Context.fma'", 1)
("4284:4: 'Context.is_canonical'", 1)
("4295:4: 'Context.is_finite'", 1)
("4317:4: 'Context.is_infinite'", 1)
("4332:4: 'Context.is_nan'", 1)
("4348:4: 'Context.is_normal'", 1)
("4371:4: 'Context.is_qnan'", 1)
("4386:4: 'Context.is_signed'", 1)
("4403:4: 'Context.is_snan'", 1)
("4419:4: 'Context.is_subnormal'", 1)
("4441:4: 'Context.is_zero'", 1)
("4458:4: 'Context.ln'", 1)
("4480:4: 'Context.log10'", 1)
("4508:4: 'Context.logb'", 1)
("4534:4: 'Context.logical_and'", 1)
("4561:4: 'Context.logical_invert'", 1)
("4580:4: 'Context.logical_or'", 1)
("4607:4: 'Context.logical_xor'", 1)
("4634:4: 'Context.max'", 1)
("4661:4: 'Context.max_mag'", 1)
("4678:4: 'Context.min'", 1)
("4705:4: 'Context.min_mag'", 1)
("4722:4: 'Context.minus'", 1)
("4739:4: 'Context.multiply'", 2)
("4771:4: 'Context.next_minus'", 1)
("4791:4: 'Context.next_plus'", 1)
("4811:4: 'Context.next_toward'", 1)
("4846:4: 'Context.normalize'", 1)
("4870:4: 'Context.number_class'", 1)
("4920:4: 'Context.plus'", 1)
("4937:4: 'Context.power'", 2)
("5017:4: 'Context.quantize'", 1)
("5075:4: 'Context.radix'", 1)
("5083:4: 'Context.remainder'", 2)
("5121:4: 'Context.remainder_near'", 1)
("5155:4: 'Context.rotate'", 1)
("5184:4: 'Context.same_quantum'", 1)
("5208:4: 'Context.scaleb'", 1)
("5227:4: 'Context.shift'", 1)
("5257:4: 'Context.sqrt'", 1)
("5289:4: 'Context.subtract'", 2)
("5312:4: 'Context.to_eng_string'", 1)
("5320:4: 'Context.to_sci_string'", 1)
("5328:4: 'Context.to_integral_exact'", 1)
("5358:4: 'Context.to_integral_value'", 1)
("5396:4: '_WorkRep.__init__'", 3)
("5411:4: '_WorkRep.__repr__'", 1)
("5418:0: '_normalize'", 3)
("5453:0: '_nbits'", 2)
("5466:0: '_sqrt_nearest'", 3)
("5481:0: '_rshift_nearest'", 1)
("5489:0: '_div_nearest'", 1)
("5497:0: '_ilog'", 3)
("5545:0: '_dlog10'", 3)
("5579:0: '_dlog'", 5)
("5627:4: '_Log10Memoize.__init__'", 1)
("5630:4: '_Log10Memoize.getdigits'", 5)
("5660:0: '_iexp'", 3)
("5697:0: '_dexp'", 2)
("5733:0: '_dpower'", 4)
("5775:0: '_log10_lb'", 2)
("5786:0: '_convert_other'", 5)
('TryExcept 5902', 3)
("5907:0: '_parse_format_specifier'", 13)
("5991:0: '_format_align'", 6)
("6024:0: '_group_lengths'", 4)
("6047:0: '_insert_thousands_sep'", 4)
("6084:0: '_format_sign'", 3)
("6094:0: '_format_number'", 5)
('If 6147', 2)
