("41:0: '_calculate_ratio'", 2)
("154:4: 'SequenceMatcher.__init__'", 1)
("223:4: 'SequenceMatcher.set_seqs'", 1)
("235:4: 'SequenceMatcher.set_seq1'", 2)
("261:4: 'SequenceMatcher.set_seq2'", 2)
("306:4: 'SequenceMatcher.__chain_b'", 8)
("350:4: 'SequenceMatcher.find_longest_match'", 10)
("460:4: 'SequenceMatcher.get_matching_blocks'", 10)
("531:4: 'SequenceMatcher.get_opcodes'", 8)
("586:4: 'SequenceMatcher.get_grouped_opcodes'", 7)
("636:4: 'SequenceMatcher.ratio'", 1)
("662:4: 'SequenceMatcher.quick_ratio'", 6)
("691:4: 'SequenceMatcher.real_quick_ratio'", 1)
("703:0: 'get_close_matches'", 5)
("751:0: '_count_leading'", 2)
("860:4: 'Differ.__init__'", 1)
("884:4: 'Differ.compare'", 7)
("925:4: 'Differ._dump'", 2)
("930:4: 'Differ._plain_replace'", 4)
("945:4: 'Differ._fancy_replace'", 18)
("1043:4: 'Differ._fancy_helper'", 5)
("1056:4: 'Differ._qformat'", 3)
("1108:0: 'IS_LINE_JUNK'", 1)
("1124:0: 'IS_CHARACTER_JUNK'", 1)
("1147:0: '_format_range_unified'", 3)
("1158:0: 'unified_diff'", 10)
("1230:0: '_format_range_context'", 3)
("1242:0: 'context_diff'", 11)
("1316:0: 'ndiff'", 1)
("1352:0: '_mdiff'", 39)
("1694:4: 'HtmlDiff.__init__'", 1)
("1711:4: 'HtmlDiff.make_file'", 1)
("1735:4: 'HtmlDiff._tab_newline_replace'", 2)
("1758:4: 'HtmlDiff._split_line'", 7)
("1813:4: 'HtmlDiff._line_wrapper'", 6)
("1841:4: 'HtmlDiff._collect_lines'", 4)
("1862:4: 'HtmlDiff._format_line'", 3)
("1885:4: 'HtmlDiff._make_prefix'", 1)
("1896:4: 'HtmlDiff._convert_flags'", 7)
("1943:4: 'HtmlDiff.make_table'", 7)
("2022:0: 'restore'", 5)
("2054:0: '_test'", 1)
('If 2058', 2)
