("91:0: 'input'", 2)
("106:0: 'close'", 2)
("114:0: 'nextfile'", 2)
("128:0: 'filename'", 2)
("137:0: 'lineno'", 2)
("147:0: 'filelineno'", 2)
("157:0: 'fileno'", 2)
("166:0: 'isfirstline'", 2)
("175:0: 'isstdin'", 2)
("197:4: 'FileInput.__init__'", 7)
("233:4: 'FileInput.__del__'", 1)
("236:4: 'FileInput.close'", 1)
("240:4: 'FileInput.__iter__'", 1)
("243:4: 'FileInput.next'", 4)
("258:4: 'FileInput.__getitem__'", 4)
("266:4: 'FileInput.nextfile'", 7)
("292:4: 'FileInput.readline'", 16)
("353:4: 'FileInput.filename'", 1)
("356:4: 'FileInput.lineno'", 1)
("359:4: 'FileInput.filelineno'", 1)
("362:4: 'FileInput.fileno'", 4)
("371:4: 'FileInput.isfirstline'", 1)
("374:4: 'FileInput.isstdin'", 1)
("378:0: 'hook_compressed'", 3)
("390:0: 'hook_encoded'", 2)
("397:0: '_test'", 7)
('If 412', 2)
