("38:4: 'NullFormatter.__init__'", 2)
("42:4: 'NullFormatter.end_paragraph'", 1)
("43:4: 'NullFormatter.add_line_break'", 1)
("44:4: 'NullFormatter.add_hor_rule'", 1)
("45:4: 'NullFormatter.add_label_data'", 1)
("46:4: 'NullFormatter.add_flowing_data'", 1)
("47:4: 'NullFormatter.add_literal_data'", 1)
("48:4: 'NullFormatter.flush_softspace'", 1)
("49:4: 'NullFormatter.push_alignment'", 1)
("50:4: 'NullFormatter.pop_alignment'", 1)
("51:4: 'NullFormatter.push_font'", 1)
("52:4: 'NullFormatter.pop_font'", 1)
("53:4: 'NullFormatter.push_margin'", 1)
("54:4: 'NullFormatter.pop_margin'", 1)
("55:4: 'NullFormatter.set_spacing'", 1)
("56:4: 'NullFormatter.push_style'", 1)
("57:4: 'NullFormatter.pop_style'", 1)
("58:4: 'NullFormatter.assert_line_data'", 1)
("75:4: 'AbstractFormatter.__init__'", 1)
("90:4: 'AbstractFormatter.end_paragraph'", 3)
("101:4: 'AbstractFormatter.add_line_break'", 2)
("108:4: 'AbstractFormatter.add_hor_rule'", 2)
("115:4: 'AbstractFormatter.add_label_data'", 4)
("127:4: 'AbstractFormatter.format_counter'", 7)
("142:4: 'AbstractFormatter.format_letter'", 2)
("153:4: 'AbstractFormatter.format_roman'", 6)
("177:4: 'AbstractFormatter.add_flowing_data'", 7)
("197:4: 'AbstractFormatter.add_literal_data'", 3)
("206:4: 'AbstractFormatter.flush_softspace'", 2)
("213:4: 'AbstractFormatter.push_alignment'", 2)
("221:4: 'AbstractFormatter.pop_alignment'", 3)
("231:4: 'AbstractFormatter.push_font'", 7)
("247:4: 'AbstractFormatter.pop_font'", 3)
("256:4: 'AbstractFormatter.push_margin'", 2)
("263:4: 'AbstractFormatter.pop_margin'", 3)
("273:4: 'AbstractFormatter.set_spacing'", 1)
("277:4: 'AbstractFormatter.push_style'", 3)
("286:4: 'AbstractFormatter.pop_style'", 1)
("290:4: 'AbstractFormatter.assert_line_data'", 1)
("303:4: 'NullWriter.__init__'", 1)
("304:4: 'NullWriter.flush'", 1)
("305:4: 'NullWriter.new_alignment'", 1)
("306:4: 'NullWriter.new_font'", 1)
("307:4: 'NullWriter.new_margin'", 1)
("308:4: 'NullWriter.new_spacing'", 1)
("309:4: 'NullWriter.new_styles'", 1)
("310:4: 'NullWriter.send_paragraph'", 1)
("311:4: 'NullWriter.send_line_break'", 1)
("312:4: 'NullWriter.send_hor_rule'", 1)
("313:4: 'NullWriter.send_label_data'", 1)
("314:4: 'NullWriter.send_flowing_data'", 1)
("315:4: 'NullWriter.send_literal_data'", 1)
("326:4: 'AbstractWriter.new_alignment'", 1)
("329:4: 'AbstractWriter.new_font'", 1)
("332:4: 'AbstractWriter.new_margin'", 1)
("335:4: 'AbstractWriter.new_spacing'", 1)
("338:4: 'AbstractWriter.new_styles'", 1)
("341:4: 'AbstractWriter.send_paragraph'", 1)
("344:4: 'AbstractWriter.send_line_break'", 1)
("347:4: 'AbstractWriter.send_hor_rule'", 1)
("350:4: 'AbstractWriter.send_label_data'", 1)
("353:4: 'AbstractWriter.send_flowing_data'", 1)
("356:4: 'AbstractWriter.send_literal_data'", 1)
("369:4: 'DumbWriter.__init__'", 1)
("375:4: 'DumbWriter.reset'", 1)
("379:4: 'DumbWriter.send_paragraph'", 1)
("384:4: 'DumbWriter.send_line_break'", 1)
("389:4: 'DumbWriter.send_hor_rule'", 1)
("396:4: 'DumbWriter.send_literal_data'", 2)
("406:4: 'DumbWriter.send_flowing_data'", 5)
("427:0: 'test'", 5)
('If 444', 2)
