("18:0: 'gcd'", 2)
("68:4: 'Fraction.__new__'", 14)
("168:4: 'Fraction.from_float'", 4)
("184:4: 'Fraction.from_decimal'", 6)
("206:4: 'Fraction.limit_denominator'", 6)
("261:4: 'Fraction.numerator'", 1)
("265:4: 'Fraction.denominator'", 1)
("269:4: 'Fraction.__repr__'", 1)
("273:4: 'Fraction.__str__'", 2)
("280:4: 'Fraction._operator_fallbacks'", 9)
("387:4: 'Fraction._add'", 1)
("395:4: 'Fraction._sub'", 1)
("403:4: 'Fraction._mul'", 1)
("409:4: 'Fraction._div'", 1)
("417:4: 'Fraction.__floordiv__'", 2)
("429:4: 'Fraction.__rfloordiv__'", 2)
("441:4: 'Fraction.__mod__'", 1)
("446:4: 'Fraction.__rmod__'", 1)
("451:4: 'Fraction.__pow__'", 4)
("475:4: 'Fraction.__rpow__'", 4)
("489:4: 'Fraction.__pos__'", 1)
("493:4: 'Fraction.__neg__'", 1)
("497:4: 'Fraction.__abs__'", 1)
("501:4: 'Fraction.__trunc__'", 2)
("508:4: 'Fraction.__hash__'", 3)
("527:4: 'Fraction.__eq__'", 5)
("546:4: 'Fraction._richcmp'", 5)
("572:4: 'Fraction.__lt__'", 1)
("576:4: 'Fraction.__gt__'", 1)
("580:4: 'Fraction.__le__'", 1)
("584:4: 'Fraction.__ge__'", 1)
("588:4: 'Fraction.__nonzero__'", 1)
("594:4: 'Fraction.__reduce__'", 1)
("597:4: 'Fraction.__copy__'", 2)
("602:4: 'Fraction.__deepcopy__'", 2)
