('TryExcept 43', 3)
("113:4: 'FTP.__init__'", 3)
("121:4: 'FTP.connect'", 4)
("138:4: 'FTP.getwelcome'", 2)
("145:4: 'FTP.set_debuglevel'", 1)
("154:4: 'FTP.set_pasv'", 1)
("161:4: 'FTP.sanitize'", 3)
("170:4: 'FTP.putline'", 2)
("176:4: 'FTP.putcmd'", 2)
("182:4: 'FTP.getline'", 5)
("195:4: 'FTP.getmultiline'", 4)
("209:4: 'FTP.getresp'", 5)
("222:4: 'FTP.voidresp'", 2)
("229:4: 'FTP.abort'", 3)
("241:4: 'FTP.sendcmd'", 1)
("246:4: 'FTP.voidcmd'", 1)
("251:4: 'FTP.sendport'", 1)
("261:4: 'FTP.sendeprt'", 4)
("274:4: 'FTP.makeport'", 8)
("302:4: 'FTP.makepasv'", 2)
("309:4: 'FTP.ntransfercmd'", 10)
("359:4: 'FTP.transfercmd'", 1)
("363:4: 'FTP.login'", 8)
("384:4: 'FTP.retrbinary'", 3)
("408:4: 'FTP.retrlines'", 7)
("438:4: 'FTP.storbinary'", 4)
("463:4: 'FTP.storlines'", 6)
("488:4: 'FTP.acct'", 1)
("493:4: 'FTP.nlst'", 2)
("502:4: 'FTP.dir'", 4)
("517:4: 'FTP.rename'", 2)
("524:4: 'FTP.delete'", 2)
("532:4: 'FTP.cwd'", 6)
("545:4: 'FTP.size'", 4)
("556:4: 'FTP.mkd'", 1)
("561:4: 'FTP.rmd'", 1)
("565:4: 'FTP.pwd'", 1)
("570:4: 'FTP.quit'", 1)
("576:4: 'FTP.close'", 2)
('TryExcept 584', 18)
("761:0: 'parse150'", 6)
("784:0: 'parse227'", 4)
("804:0: 'parse229'", 6)
("826:0: 'parse257'", 6)
("849:0: 'print_line'", 1)
("854:0: 'ftpcp'", 4)
("885:4: 'Netrc.__init__'", 18)
("950:4: 'Netrc.get_hosts'", 1)
("954:4: 'Netrc.get_account'", 2)
("970:4: 'Netrc.get_macros'", 1)
("974:4: 'Netrc.get_macro'", 1)
("980:0: 'test'", 14)
('If 1035', 2)
