("61:0: 'test'", 2)
("75:0: 'c2py'", 11)
("130:0: '_expand_lang'", 9)
("174:4: 'NullTranslations.__init__'", 2)
("182:4: 'NullTranslations._parse'", 1)
("185:4: 'NullTranslations.add_fallback'", 2)
("191:4: 'NullTranslations.gettext'", 2)
("196:4: 'NullTranslations.lgettext'", 2)
("201:4: 'NullTranslations.ngettext'", 3)
("209:4: 'NullTranslations.lngettext'", 3)
("217:4: 'NullTranslations.ugettext'", 2)
("222:4: 'NullTranslations.ungettext'", 3)
("230:4: 'NullTranslations.info'", 1)
("233:4: 'NullTranslations.charset'", 1)
("236:4: 'NullTranslations.output_charset'", 1)
("239:4: 'NullTranslations.set_output_charset'", 1)
("242:4: 'NullTranslations.install'", 6)
("262:4: 'GNUTranslations._parse'", 16)
("343:4: 'GNUTranslations.gettext'", 5)
("357:4: 'GNUTranslations.lgettext'", 4)
("368:4: 'GNUTranslations.ngettext'", 7)
("384:4: 'GNUTranslations.lngettext'", 6)
("398:4: 'GNUTranslations.ugettext'", 3)
("407:4: 'GNUTranslations.ungettext'", 5)
("421:0: 'find'", 14)
("461:0: 'translation'", 8)
("492:0: 'install'", 1)
("506:0: 'textdomain'", 2)
("513:0: 'bindtextdomain'", 2)
("520:0: 'bind_textdomain_codeset'", 2)
("527:0: 'dgettext'", 3)
("535:0: 'ldgettext'", 3)
("543:0: 'dngettext'", 4)
("554:0: 'ldngettext'", 4)
("565:0: 'gettext'", 1)
("568:0: 'lgettext'", 1)
("571:0: 'ngettext'", 1)
("574:0: 'lngettext'", 1)
