("19:0: 'write32u'", 1)
("24:0: 'read32'", 1)
("27:0: 'open'", 1)
("45:4: 'GzipFile.__init__'", 10)
("129:4: 'GzipFile.filename'", 2)
("137:4: 'GzipFile.__repr__'", 1)
("141:4: 'GzipFile._check_closed'", 2)
("148:4: 'GzipFile._init_write'", 1)
("155:4: 'GzipFile._write_gzip_header'", 5)
("174:4: 'GzipFile._init_read'", 1)
("178:4: 'GzipFile._read_gzip_header'", 11)
("211:4: 'GzipFile.write'", 5)
("232:4: 'GzipFile.read'", 11)
("265:4: 'GzipFile._unread'", 1)
("269:4: 'GzipFile._read'", 6)
("319:4: 'GzipFile._add_read_data'", 1)
("327:4: 'GzipFile._read_eof'", 5)
("351:4: 'GzipFile.closed'", 1)
("355:4: 'GzipFile.close'", 5)
("370:4: 'GzipFile.flush'", 2)
("377:4: 'GzipFile.fileno'", 1)
("385:4: 'GzipFile.rewind'", 2)
("397:4: 'GzipFile.readable'", 1)
("400:4: 'GzipFile.writable'", 1)
("403:4: 'GzipFile.seekable'", 1)
("406:4: 'GzipFile.seek'", 9)
("430:4: 'GzipFile.readline'", 7)
("470:0: '_test'", 12)
('If 508', 2)
