("52:4: 'HTMLParseError.__init__'", 1)
("58:4: 'HTMLParseError.__str__'", 3)
("90:4: 'HTMLParser.__init__'", 1)
("94:4: 'HTMLParser.reset'", 1)
("101:4: 'HTMLParser.feed'", 1)
("110:4: 'HTMLParser.close'", 1)
("114:4: 'HTMLParser.error'", 1)
("119:4: 'HTMLParser.get_starttag_text'", 1)
("123:4: 'HTMLParser.set_cdata_mode'", 1)
("126:4: 'HTMLParser.clear_cdata_mode'", 1)
("132:4: 'HTMLParser.goahead'", 25)
("215:4: 'HTMLParser.parse_pi'", 2)
("227:4: 'HTMLParser.parse_starttag'", 10)
("278:4: 'HTMLParser.check_for_whole_start_tag'", 8)
("308:4: 'HTMLParser.parse_endtag'", 3)
("324:4: 'HTMLParser.handle_startendtag'", 1)
("329:4: 'HTMLParser.handle_starttag'", 1)
("333:4: 'HTMLParser.handle_endtag'", 1)
("337:4: 'HTMLParser.handle_charref'", 1)
("341:4: 'HTMLParser.handle_entityref'", 1)
("345:4: 'HTMLParser.handle_data'", 1)
("349:4: 'HTMLParser.handle_comment'", 1)
("353:4: 'HTMLParser.handle_decl'", 1)
("357:4: 'HTMLParser.handle_pi'", 1)
("360:4: 'HTMLParser.unknown_decl'", 1)
("365:4: 'HTMLParser.unescape'", 11)
