("34:4: 'HTMLParser.__init__'", 1)
("44:4: 'HTMLParser.error'", 1)
("47:4: 'HTMLParser.reset'", 1)
("63:4: 'HTMLParser.handle_data'", 3)
("74:4: 'HTMLParser.save_bgn'", 1)
("84:4: 'HTMLParser.save_end'", 2)
("101:4: 'HTMLParser.anchor_bgn'", 2)
("115:4: 'HTMLParser.anchor_end'", 2)
("128:4: 'HTMLParser.handle_image'", 1)
("139:4: 'HTMLParser.start_html'", 1)
("140:4: 'HTMLParser.end_html'", 1)
("142:4: 'HTMLParser.start_head'", 1)
("143:4: 'HTMLParser.end_head'", 1)
("145:4: 'HTMLParser.start_body'", 1)
("146:4: 'HTMLParser.end_body'", 1)
("150:4: 'HTMLParser.start_title'", 1)
("153:4: 'HTMLParser.end_title'", 1)
("156:4: 'HTMLParser.do_base'", 3)
("161:4: 'HTMLParser.do_isindex'", 1)
("164:4: 'HTMLParser.do_link'", 1)
("167:4: 'HTMLParser.do_meta'", 1)
("170:4: 'HTMLParser.do_nextid'", 1)
("177:4: 'HTMLParser.start_h1'", 1)
("181:4: 'HTMLParser.end_h1'", 1)
("185:4: 'HTMLParser.start_h2'", 1)
("189:4: 'HTMLParser.end_h2'", 1)
("193:4: 'HTMLParser.start_h3'", 1)
("197:4: 'HTMLParser.end_h3'", 1)
("201:4: 'HTMLParser.start_h4'", 1)
("205:4: 'HTMLParser.end_h4'", 1)
("209:4: 'HTMLParser.start_h5'", 1)
("213:4: 'HTMLParser.end_h5'", 1)
("217:4: 'HTMLParser.start_h6'", 1)
("221:4: 'HTMLParser.end_h6'", 1)
("227:4: 'HTMLParser.do_p'", 1)
("230:4: 'HTMLParser.start_pre'", 1)
("235:4: 'HTMLParser.end_pre'", 1)
("240:4: 'HTMLParser.start_xmp'", 1)
("244:4: 'HTMLParser.end_xmp'", 1)
("247:4: 'HTMLParser.start_listing'", 1)
("251:4: 'HTMLParser.end_listing'", 1)
("254:4: 'HTMLParser.start_address'", 1)
("258:4: 'HTMLParser.end_address'", 1)
("262:4: 'HTMLParser.start_blockquote'", 1)
("266:4: 'HTMLParser.end_blockquote'", 1)
("272:4: 'HTMLParser.start_ul'", 1)
("277:4: 'HTMLParser.end_ul'", 2)
("282:4: 'HTMLParser.do_li'", 2)
("291:4: 'HTMLParser.start_ol'", 4)
("301:4: 'HTMLParser.end_ol'", 2)
("306:4: 'HTMLParser.start_menu'", 1)
("309:4: 'HTMLParser.end_menu'", 1)
("312:4: 'HTMLParser.start_dir'", 1)
("315:4: 'HTMLParser.end_dir'", 1)
("318:4: 'HTMLParser.start_dl'", 1)
("322:4: 'HTMLParser.end_dl'", 2)
("326:4: 'HTMLParser.do_dt'", 1)
("329:4: 'HTMLParser.do_dd'", 1)
("334:4: 'HTMLParser.ddpop'", 3)
("345:4: 'HTMLParser.start_cite'", 1)
("346:4: 'HTMLParser.end_cite'", 1)
("348:4: 'HTMLParser.start_code'", 1)
("349:4: 'HTMLParser.end_code'", 1)
("351:4: 'HTMLParser.start_em'", 1)
("352:4: 'HTMLParser.end_em'", 1)
("354:4: 'HTMLParser.start_kbd'", 1)
("355:4: 'HTMLParser.end_kbd'", 1)
("357:4: 'HTMLParser.start_samp'", 1)
("358:4: 'HTMLParser.end_samp'", 1)
("360:4: 'HTMLParser.start_strong'", 1)
("361:4: 'HTMLParser.end_strong'", 1)
("363:4: 'HTMLParser.start_var'", 1)
("364:4: 'HTMLParser.end_var'", 1)
("368:4: 'HTMLParser.start_i'", 1)
("370:4: 'HTMLParser.end_i'", 1)
("373:4: 'HTMLParser.start_b'", 1)
("375:4: 'HTMLParser.end_b'", 1)
("378:4: 'HTMLParser.start_tt'", 1)
("380:4: 'HTMLParser.end_tt'", 1)
("383:4: 'HTMLParser.start_a'", 5)
("397:4: 'HTMLParser.end_a'", 1)
("402:4: 'HTMLParser.do_br'", 1)
("407:4: 'HTMLParser.do_hr'", 1)
("412:4: 'HTMLParser.do_img'", 12)
("438:4: 'HTMLParser.do_plaintext'", 1)
("444:4: 'HTMLParser.unknown_starttag'", 1)
("447:4: 'HTMLParser.unknown_endtag'", 1)
("451:0: 'test'", 9)
('If 490', 2)
