("75:4: '_Verbose.__init__'", 1)
("78:4: '_Verbose.get_verbose'", 1)
("81:4: '_Verbose.set_verbose'", 1)
("86:4: '_Verbose.note'", 2)
("90:4: '_Verbose.message'", 2)
("114:4: 'BasicModuleLoader.find_module'", 4)
("122:4: 'BasicModuleLoader.default_path'", 1)
("125:4: 'BasicModuleLoader.find_module_in_dir'", 4)
("134:4: 'BasicModuleLoader.find_builtin_module'", 3)
("142:4: 'BasicModuleLoader.load_module'", 1)
("162:4: 'Hooks.get_suffixes'", 1)
("163:4: 'Hooks.new_module'", 1)
("164:4: 'Hooks.is_builtin'", 1)
("165:4: 'Hooks.init_builtin'", 1)
("166:4: 'Hooks.is_frozen'", 1)
("167:4: 'Hooks.init_frozen'", 1)
("168:4: 'Hooks.get_frozen_object'", 1)
("169:4: 'Hooks.load_source'", 1)
("171:4: 'Hooks.load_compiled'", 1)
("173:4: 'Hooks.load_dynamic'", 1)
("175:4: 'Hooks.load_package'", 1)
("178:4: 'Hooks.add_module'", 2)
("185:4: 'Hooks.modules_dict'", 1)
("186:4: 'Hooks.default_path'", 1)
("188:4: 'Hooks.path_split'", 1)
("189:4: 'Hooks.path_join'", 1)
("190:4: 'Hooks.path_isabs'", 1)
("193:4: 'Hooks.path_exists'", 1)
("194:4: 'Hooks.path_isdir'", 1)
("195:4: 'Hooks.path_isfile'", 1)
("196:4: 'Hooks.path_islink'", 1)
("199:4: 'Hooks.openfile'", 1)
("201:4: 'Hooks.listdir'", 1)
("216:4: 'ModuleLoader.__init__'", 1)
("220:4: 'ModuleLoader.default_path'", 1)
("223:4: 'ModuleLoader.modules_dict'", 1)
("226:4: 'ModuleLoader.get_hooks'", 1)
("229:4: 'ModuleLoader.set_hooks'", 1)
("232:4: 'ModuleLoader.find_builtin_module'", 3)
("240:4: 'ModuleLoader.find_module_in_dir'", 9)
("261:4: 'ModuleLoader.load_module'", 1)
("290:4: 'FancyModuleLoader.load_module'", 12)
("345:4: 'BasicModuleImporter.__init__'", 1)
("350:4: 'BasicModuleImporter.get_loader'", 1)
("353:4: 'BasicModuleImporter.set_loader'", 1)
("356:4: 'BasicModuleImporter.get_hooks'", 1)
("359:4: 'BasicModuleImporter.set_hooks'", 1)
("362:4: 'BasicModuleImporter.import_module'", 3)
("371:4: 'BasicModuleImporter.reload'", 2)
("378:4: 'BasicModuleImporter.unload'", 1)
("382:4: 'BasicModuleImporter.install'", 2)
("392:4: 'BasicModuleImporter.uninstall'", 2)
("404:4: 'ModuleImporter.import_module'", 3)
("415:4: 'ModuleImporter.determine_parent'", 15)
("460:4: 'ModuleImporter.find_head_package'", 6)
("481:4: 'ModuleImporter.load_tail'", 4)
("493:4: 'ModuleImporter.ensure_fromlist'", 8)
("510:4: 'ModuleImporter.import_it'", 9)
("534:4: 'ModuleImporter.reload'", 2)
("547:0: 'install'", 1)
("552:0: 'uninstall'", 1)
