("33:4: 'ImportManager.install'", 2)
("49:4: 'ImportManager.uninstall'", 1)
("53:4: 'ImportManager.add_suffix'", 1)
("64:4: 'ImportManager.__init__'", 5)
("86:4: 'ImportManager._import_hook'", 12)
("149:4: 'ImportManager._determine_import_context'", 4)
("188:4: 'ImportManager._import_top_module'", 4)
("200:4: 'ImportManager._reload_hook'", 2)
("220:4: 'Importer.import_top'", 1)
("228:4: 'Importer._finish_import'", 3)
("263:4: 'Importer._import_one'", 5)
("284:4: 'Importer._process_result'", 6)
("321:4: 'Importer._load_tail'", 3)
("333:4: 'Importer._import_fromlist'", 5)
("351:4: 'Importer._do_import'", 2)
("370:4: 'Importer.get_code'", 1)
("415:0: '_compile'", 4)
("447:0: '_os_bootstrap'", 9)
("483:0: '_os_path_isdir'", 3)
("491:0: '_timestamp'", 3)
("505:4: 'BuiltinImporter.get_code'", 4)
("529:4: '_FilesystemImporter.__init__'", 1)
("532:4: '_FilesystemImporter.add_suffix'", 1)
("536:4: '_FilesystemImporter.import_from_dir'", 2)
("542:4: '_FilesystemImporter.get_code'", 3)
("556:4: '_FilesystemImporter._import_pathname'", 6)
("582:0: 'py_suffix_importer'", 5)
("602:4: 'DynLoadSuffixImporter.__init__'", 1)
("605:4: 'DynLoadSuffixImporter.import_file'", 1)
("614:0: '_print_importers'", 3)
("623:0: '_test_revamp'", 1)
