("51:0: 'ismodule'", 1)
("59:0: 'isclass'", 1)
("67:0: 'ismethod'", 1)
("78:0: 'ismethoddescriptor'", 1)
("98:0: 'isdatadescriptor'", 1)
('If 108', 4)
('If 125', 4)
("142:0: 'isfunction'", 1)
("155:0: 'isgeneratorfunction'", 1)
("164:0: 'isgenerator'", 1)
("181:0: 'istraceback'", 1)
("191:0: 'isframe'", 1)
("209:0: 'iscode'", 1)
("227:0: 'isbuiltin'", 1)
("236:0: 'isroutine'", 1)
("243:0: 'isabstract'", 1)
("247:0: 'getmembers'", 5)
("263:0: 'classify_class_attrs'", 11)
("334:0: '_searchbases'", 3)
("342:0: 'getmro'", 2)
("352:0: 'indentsize'", 1)
("357:0: 'getdoc'", 4)
("371:0: 'cleandoc'", 10)
("400:0: 'getfile'", 10)
("426:0: 'getmoduleinfo'", 3)
("437:0: 'getmodulename'", 2)
("442:0: 'getsourcefile'", 7)
("462:0: 'getabsfile'", 2)
("474:0: 'getmodule'", 16)
("520:0: 'findsource'", 18)
("583:0: 'getcomments'", 15)
("632:4: 'BlockFinder.__init__'", 1)
("639:4: 'BlockFinder.tokeneater'", 11)
("671:0: 'getblock'", 3)
("680:0: 'getsourcelines'", 2)
("693:0: 'getsource'", 1)
("703:0: 'walktree'", 3)
("713:0: 'getclasstree'", 9)
("741:0: 'getargs'", 14)
("801:0: 'getargspec'", 3)
("819:0: 'getargvalues'", 1)
("829:0: 'joinseq'", 2)
("835:0: 'strseq'", 2)
("842:0: 'formatargspec'", 6)
("868:0: 'formatargvalues'", 5)
("892:0: 'getcallargs'", 28)
("985:0: 'getframeinfo'", 6)
("1018:0: 'getlineno'", 1)
("1023:0: 'getouterframes'", 2)
("1034:0: 'getinnerframes'", 2)
('If 1045', 2)
("1050:0: 'stack'", 1)
("1054:0: 'trace'", 1)
