('TryExcept 33', 8)
("102:0: 'localeconv'", 2)
("116:0: '_grouping_intervals'", 6)
("132:0: '_group'", 6)
("165:0: '_strip_padding'", 3)
("179:0: 'format'", 2)
("192:0: '_format'", 8)
("216:0: 'format_string'", 7)
("250:0: 'currency'", 9)
("295:0: 'str'", 1)
("299:0: 'atof'", 3)
("312:0: 'atoi'", 1)
("316:0: '_test'", 1)
("334:0: 'normalize'", 8)
("400:0: '_parse_localename'", 5)
("430:0: '_build_localename'", 3)
("446:0: 'getdefaultlocale'", 7)
("499:0: 'getlocale'", 2)
("517:0: 'setlocale'", 2)
("533:0: 'resetlocale'", 1)
('If 543', 10)
("1795:0: '_print_locale'", 9)
('TryExcept 1853', 3)
('If 1860', 2)
