("102:4: 'MH.__init__'", 6)
("114:4: 'MH.__repr__'", 1)
("118:4: 'MH.error'", 1)
("122:4: 'MH.getprofile'", 1)
("126:4: 'MH.getpath'", 1)
("130:4: 'MH.getcontext'", 2)
("137:4: 'MH.setcontext'", 1)
("144:4: 'MH.listfolders'", 3)
("155:4: 'MH.listsubfolders'", 5)
("179:4: 'MH.listallfolders'", 1)
("183:4: 'MH.listallsubfolders'", 7)
("211:4: 'MH.openfolder'", 1)
("215:4: 'MH.makefolder'", 2)
("224:4: 'MH.deletefolder'", 4)
("239:0: 'isnumeric'", 1)
("245:4: 'Folder.__init__'", 2)
("252:4: 'Folder.__repr__'", 1)
("256:4: 'Folder.error'", 1)
("260:4: 'Folder.getfullname'", 1)
("264:4: 'Folder.getsequencesfilename'", 1)
("268:4: 'Folder.getmessagefilename'", 1)
("272:4: 'Folder.listsubfolders'", 1)
("276:4: 'Folder.listallsubfolders'", 1)
("280:4: 'Folder.listmessages'", 4)
("297:4: 'Folder.getsequences'", 6)
("317:4: 'Folder.putsequences'", 6)
("334:4: 'Folder.getcurrent'", 3)
("342:4: 'Folder.setcurrent'", 1)
("346:4: 'Folder.parsesequence'", 25)
("430:4: 'Folder._parseindex'", 14)
("461:4: 'Folder.openmessage'", 1)
("465:4: 'Folder.removemessages'", 9)
("490:4: 'Folder.refilemessages'", 12)
("525:4: 'Folder._copysequences'", 8)
("546:4: 'Folder.movemessage'", 5)
("578:4: 'Folder.copymessage'", 3)
("604:4: 'Folder.createmessage'", 3)
("630:4: 'Folder.removefromallsequences'", 8)
("649:4: 'Folder.getlast'", 2)
("655:4: 'Folder.setlast'", 3)
("665:4: 'Message.__init__'", 2)
("674:4: 'Message.__repr__'", 1)
("678:4: 'Message.getheadertext'", 6)
("695:4: 'Message.getbodytext'", 4)
("712:4: 'Message.getbodyparts'", 4)
("732:4: 'Message.getbody'", 2)
("742:4: 'SubMessage.__init__'", 2)
("752:4: 'SubMessage.__repr__'", 1)
("757:4: 'SubMessage.getbodytext'", 3)
("763:4: 'SubMessage.getbodyparts'", 2)
("767:4: 'SubMessage.getbody'", 1)
("794:4: 'IntSet.__init__'", 2)
("800:4: 'IntSet.reset'", 1)
("803:4: 'IntSet.__cmp__'", 1)
("806:4: 'IntSet.__hash__'", 1)
("809:4: 'IntSet.__repr__'", 1)
("812:4: 'IntSet.normalize'", 3)
("823:4: 'IntSet.tostring'", 4)
("832:4: 'IntSet.tolist'", 2)
("839:4: 'IntSet.fromlist'", 2)
("843:4: 'IntSet.clone'", 1)
("848:4: 'IntSet.min'", 1)
("851:4: 'IntSet.max'", 1)
("854:4: 'IntSet.contains'", 3)
("859:4: 'IntSet.append'", 8)
("884:4: 'IntSet.addpair'", 2)
("889:4: 'IntSet.fromstring'", 5)
("908:0: 'pickline'", 8)
("928:0: 'updateline'", 9)
("962:0: 'test'", 7)
('If 1004', 2)
