('If 13', 2)
("35:0: 'AddPackagePath'", 1)
("47:0: 'ReplacePackage'", 1)
("53:4: 'Module.__init__'", 1)
("66:4: 'Module.__repr__'", 3)
("77:4: 'ModuleFinder.__init__'", 2)
("89:4: 'ModuleFinder.msg'", 4)
("98:4: 'ModuleFinder.msgin'", 2)
("104:4: 'ModuleFinder.msgout'", 2)
("110:4: 'ModuleFinder.run_script'", 1)
("116:4: 'ModuleFinder.load_file'", 1)
("123:4: 'ModuleFinder.import_hook'", 3)
("134:4: 'ModuleFinder.determine_parent'", 8)
("169:4: 'ModuleFinder.find_head_package'", 6)
("196:4: 'ModuleFinder.load_tail'", 4)
("211:4: 'ModuleFinder.ensure_fromlist'", 7)
("225:4: 'ModuleFinder.find_all_submodules'", 10)
("252:4: 'ModuleFinder.import_module'", 8)
("282:4: 'ModuleFinder.load_module'", 7)
("309:4: 'ModuleFinder._add_badmodule'", 3)
("317:4: 'ModuleFinder._safe_import_hook'", 9)
("340:4: 'ModuleFinder.scan_opcodes'", 5)
("364:4: 'ModuleFinder.scan_opcodes_25'", 7)
("395:4: 'ModuleFinder.scan_code'", 17)
("449:4: 'ModuleFinder.load_package'", 2)
("466:4: 'ModuleFinder.add_module'", 2)
("472:4: 'ModuleFinder.find_module'", 5)
("489:4: 'ModuleFinder.report'", 7)
("526:4: 'ModuleFinder.any_missing'", 1)
("534:4: 'ModuleFinder.any_missing_maybe'", 8)
("580:4: 'ModuleFinder.replace_paths_in_code'", 7)
("608:0: 'test'", 16)
('If 667', 4)
