("43:4: 'NNTPError.__init__'", 3)
("94:4: 'NNTP.__init__'", 17)
("171:4: 'NNTP.getwelcome'", 2)
("180:4: 'NNTP.set_debuglevel'", 1)
("189:4: 'NNTP.putline'", 2)
("195:4: 'NNTP.putcmd'", 2)
("200:4: 'NNTP.getline'", 5)
("211:4: 'NNTP.getresp'", 5)
("225:4: 'NNTP.getlongresp'", 1)
("256:4: 'NNTP.shortcmd'", 1)
("261:4: 'NNTP.longcmd'", 1)
("266:4: 'NNTP.newgroups'", 1)
("276:4: 'NNTP.newnews'", 1)
("288:4: 'NNTP.list'", 2)
("299:4: 'NNTP.description'", 2)
("318:4: 'NNTP.descriptions'", 4)
("335:4: 'NNTP.group'", 6)
("361:4: 'NNTP.help'", 1)
("368:4: 'NNTP.statparse'", 4)
("382:4: 'NNTP.statcmd'", 1)
("387:4: 'NNTP.stat'", 1)
("397:4: 'NNTP.next'", 1)
("401:4: 'NNTP.last'", 1)
("405:4: 'NNTP.artcmd'", 1)
("411:4: 'NNTP.head'", 1)
("422:4: 'NNTP.body'", 1)
("435:4: 'NNTP.article'", 1)
("446:4: 'NNTP.slave'", 1)
("452:4: 'NNTP.xhdr'", 3)
("469:4: 'NNTP.xover'", 4)
("495:4: 'NNTP.xgtitle'", 3)
("511:4: 'NNTP.xpath'", 4)
("528:4: 'NNTP.date'", 4)
("549:4: 'NNTP.post'", 6)
("571:4: 'NNTP.ihave'", 6)
("595:4: 'NNTP.quit'", 1)
('If 611', 4)
