("47:4: 'Complex.__complex__'", 1)
("52:4: 'Complex.__nonzero__'", 1)
("56:4: 'Complex.real'", 1)
("64:4: 'Complex.imag'", 1)
("72:4: 'Complex.__add__'", 1)
("77:4: 'Complex.__radd__'", 1)
("82:4: 'Complex.__neg__'", 1)
("87:4: 'Complex.__pos__'", 1)
("92:4: 'Complex.__sub__'", 1)
("96:4: 'Complex.__rsub__'", 1)
("100:4: 'Complex.__mul__'", 1)
("105:4: 'Complex.__rmul__'", 1)
("110:4: 'Complex.__div__'", 1)
("118:4: 'Complex.__rdiv__'", 1)
("123:4: 'Complex.__truediv__'", 1)
("131:4: 'Complex.__rtruediv__'", 1)
("136:4: 'Complex.__pow__'", 1)
("141:4: 'Complex.__rpow__'", 1)
("146:4: 'Complex.__abs__'", 1)
("151:4: 'Complex.conjugate'", 1)
("156:4: 'Complex.__eq__'", 1)
("161:4: 'Complex.__ne__'", 1)
("180:4: 'Real.__float__'", 1)
("187:4: 'Real.__trunc__'", 1)
("200:4: 'Real.__divmod__'", 1)
("208:4: 'Real.__rdivmod__'", 1)
("216:4: 'Real.__floordiv__'", 1)
("221:4: 'Real.__rfloordiv__'", 1)
("226:4: 'Real.__mod__'", 1)
("231:4: 'Real.__rmod__'", 1)
("236:4: 'Real.__lt__'", 1)
("243:4: 'Real.__le__'", 1)
("249:4: 'Real.__complex__'", 1)
("253:4: 'Real.real'", 1)
("258:4: 'Real.imag'", 1)
("263:4: 'Real.conjugate'", 1)
("275:4: 'Rational.numerator'", 1)
("279:4: 'Rational.denominator'", 1)
("284:4: 'Rational.__float__'", 1)
("300:4: 'Integral.__long__'", 1)
("305:4: 'Integral.__index__'", 1)
("309:4: 'Integral.__pow__'", 1)
("320:4: 'Integral.__lshift__'", 1)
("325:4: 'Integral.__rlshift__'", 1)
("330:4: 'Integral.__rshift__'", 1)
("335:4: 'Integral.__rrshift__'", 1)
("340:4: 'Integral.__and__'", 1)
("345:4: 'Integral.__rand__'", 1)
("350:4: 'Integral.__xor__'", 1)
("355:4: 'Integral.__rxor__'", 1)
("360:4: 'Integral.__or__'", 1)
("365:4: 'Integral.__ror__'", 1)
("370:4: 'Integral.__invert__'", 1)
("376:4: 'Integral.__float__'", 1)
("380:4: 'Integral.numerator'", 1)
("385:4: 'Integral.denominator'", 1)
