("79:0: '_repr'", 1)
('TryExcept 89', 4)
("98:4: 'OptParseError.__init__'", 1)
("101:4: 'OptParseError.__str__'", 1)
("111:4: 'OptionError.__init__'", 1)
("115:4: 'OptionError.__str__'", 2)
("136:4: 'BadOptionError.__init__'", 1)
("139:4: 'BadOptionError.__str__'", 1)
("146:4: 'AmbiguousOptionError.__init__'", 1)
("150:4: 'AmbiguousOptionError.__str__'", 1)
("200:4: 'HelpFormatter.__init__'", 4)
("224:4: 'HelpFormatter.set_parser'", 1)
("227:4: 'HelpFormatter.set_short_opt_delimiter'", 2)
("233:4: 'HelpFormatter.set_long_opt_delimiter'", 2)
("239:4: 'HelpFormatter.indent'", 1)
("243:4: 'HelpFormatter.dedent'", 1)
("248:4: 'HelpFormatter.format_usage'", 1)
("251:4: 'HelpFormatter.format_heading'", 1)
("254:4: 'HelpFormatter._format_text'", 1)
("266:4: 'HelpFormatter.format_description'", 2)
("272:4: 'HelpFormatter.format_epilog'", 2)
("279:4: 'HelpFormatter.expand_default'", 3)
("289:4: 'HelpFormatter.format_option'", 4)
("324:4: 'HelpFormatter.store_option_strings'", 4)
("342:4: 'HelpFormatter.format_option_strings'", 3)
("365:4: 'IndentedHelpFormatter.__init__'", 1)
("373:4: 'IndentedHelpFormatter.format_usage'", 1)
("376:4: 'IndentedHelpFormatter.format_heading'", 1)
("384:4: 'TitledHelpFormatter.__init__'", 1)
("392:4: 'TitledHelpFormatter.format_usage'", 1)
("395:4: 'TitledHelpFormatter.format_heading'", 1)
("399:0: '_parse_num'", 4)
("412:0: '_parse_int'", 1)
("415:0: '_parse_long'", 1)
("423:0: 'check_builtin'", 3)
("431:0: 'check_choice'", 2)
("560:4: 'Option.__init__'", 2)
("579:4: 'Option._check_opt_strings'", 2)
("588:4: 'Option._set_opt_strings'", 6)
("609:4: 'Option._set_attrs'", 5)
("629:4: 'Option._check_action'", 3)
("635:4: 'Option._check_type'", 8)
("665:4: 'Option._check_choice'", 5)
("678:4: 'Option._check_dest'", 3)
("693:4: 'Option._check_const'", 2)
("699:4: 'Option._check_nargs'", 4)
("708:4: 'Option._check_callback'", 8)
("747:4: 'Option.__str__'", 1)
("752:4: 'Option.takes_value'", 1)
("755:4: 'Option.get_opt_string'", 2)
("764:4: 'Option.check_value'", 2)
("771:4: 'Option.convert_value'", 3)
("778:4: 'Option.process'", 1)
("790:4: 'Option.take_action'", 11)
('TryExcept 826', 5)
("837:4: 'Values.__init__'", 3)
("842:4: 'Values.__str__'", 1)
("847:4: 'Values.__cmp__'", 3)
("855:4: 'Values._update_careful'", 4)
("868:4: 'Values._update_loose'", 1)
("876:4: 'Values._update'", 3)
("884:4: 'Values.read_module'", 1)
("889:4: 'Values.read_file'", 1)
("894:4: 'Values.ensure_value'", 2)
("932:4: 'OptionContainer.__init__'", 1)
("943:4: 'OptionContainer._create_option_mappings'", 1)
("952:4: 'OptionContainer._share_option_mappings'", 1)
("959:4: 'OptionContainer.set_conflict_handler'", 2)
("964:4: 'OptionContainer.set_description'", 1)
("967:4: 'OptionContainer.get_description'", 1)
("971:4: 'OptionContainer.destroy'", 1)
("980:4: 'OptionContainer._check_conflict'", 11)
("1007:4: 'OptionContainer.add_option'", 9)
("1037:4: 'OptionContainer.add_options'", 2)
("1043:4: 'OptionContainer.get_option'", 1)
("1047:4: 'OptionContainer.has_option'", 1)
("1051:4: 'OptionContainer.remove_option'", 5)
("1067:4: 'OptionContainer.format_option_help'", 4)
("1076:4: 'OptionContainer.format_description'", 1)
("1079:4: 'OptionContainer.format_help'", 3)
("1090:4: 'OptionGroup.__init__'", 1)
("1096:4: 'OptionGroup._create_option_list'", 1)
("1100:4: 'OptionGroup.set_title'", 1)
("1103:4: 'OptionGroup.destroy'", 1)
("1110:4: 'OptionGroup.format_help'", 1)
("1190:4: 'OptionParser.__init__'", 2)
("1224:4: 'OptionParser.destroy'", 2)
("1242:4: 'OptionParser._create_option_list'", 1)
("1247:4: 'OptionParser._add_help_option'", 1)
("1252:4: 'OptionParser._add_version_option'", 1)
("1257:4: 'OptionParser._populate_option_list'", 5)
("1267:4: 'OptionParser._init_parsing_state'", 1)
("1276:4: 'OptionParser.set_usage'", 4)
("1287:4: 'OptionParser.enable_interspersed_args'", 1)
("1295:4: 'OptionParser.disable_interspersed_args'", 1)
("1303:4: 'OptionParser.set_process_default_values'", 1)
("1306:4: 'OptionParser.set_default'", 1)
("1309:4: 'OptionParser.set_defaults'", 1)
("1312:4: 'OptionParser._get_all_options'", 2)
("1318:4: 'OptionParser.get_default_values'", 4)
("1335:4: 'OptionParser.add_option_group'", 5)
("1351:4: 'OptionParser.get_option_group'", 2)
("1361:4: 'OptionParser._get_args'", 2)
("1367:4: 'OptionParser.parse_args'", 4)
("1406:4: 'OptionParser.check_values'", 1)
("1419:4: 'OptionParser._process_args'", 6)
("1470:4: 'OptionParser._match_long_opt'", 1)
("1479:4: 'OptionParser._process_long_opt'", 7)
("1516:4: 'OptionParser._process_short_opts'", 9)
("1558:4: 'OptionParser.get_prog_name'", 2)
("1564:4: 'OptionParser.expand_prog_name'", 1)
("1567:4: 'OptionParser.get_description'", 1)
("1570:4: 'OptionParser.exit'", 2)
("1575:4: 'OptionParser.error'", 1)
("1585:4: 'OptionParser.get_usage'", 2)
("1592:4: 'OptionParser.print_usage'", 2)
("1604:4: 'OptionParser.get_version'", 2)
("1610:4: 'OptionParser.print_version'", 2)
("1621:4: 'OptionParser.format_option_help'", 4)
("1638:4: 'OptionParser.format_epilog'", 1)
("1641:4: 'OptionParser.format_help'", 4)
("1654:4: 'OptionParser._get_encoding'", 2)
("1660:4: 'OptionParser.print_help'", 2)
("1674:0: '_match_abbrev'", 4)
