("35:0: '_get_exports_list'", 3)
('If 41', 17)
("136:0: 'makedirs'", 7)
("159:0: 'removedirs'", 5)
("181:0: 'renames'", 5)
("209:0: 'walk'", 11)
('TryExcept 302', 3)
("307:0: 'execl'", 1)
("314:0: 'execle'", 1)
("322:0: 'execlp'", 1)
("329:0: 'execlpe'", 1)
("338:0: 'execvp'", 1)
("346:0: 'execvpe'", 1)
("357:0: '_execvpe'", 9)
('TryExcept 392', 45)
("510:0: 'getenv'", 1)
("516:0: '_exists'", 1)
('If 520', 16)
('If 597', 4)
('If 625', 4)
('If 654', 8)
("717:0: '_make_stat_result'", 1)
("720:0: '_pickle_stat_result'", 1)
('TryExcept 724', 3)
("729:0: '_make_statvfs_result'", 1)
("732:0: '_pickle_statvfs_result'", 1)
('TryExcept 736', 3)
('If 742', 5)
