("31:0: 'find_function'", 6)
("61:4: 'Pdb.__init__'", 11)
("107:4: 'Pdb.reset'", 1)
("111:4: 'Pdb.forget'", 1)
("117:4: 'Pdb.setup'", 1)
("128:4: 'Pdb.execRcLines'", 4)
("141:4: 'Pdb.user_call'", 3)
("150:4: 'Pdb.user_line'", 4)
("160:4: 'Pdb.bp_commands'", 5)
("184:4: 'Pdb.user_return'", 2)
("192:4: 'Pdb.user_exception'", 3)
("207:4: 'Pdb.interaction'", 1)
("213:4: 'Pdb.displayhook'", 2)
("221:4: 'Pdb.default'", 5)
("246:4: 'Pdb.precmd'", 6)
("271:4: 'Pdb.onecmd'", 2)
("283:4: 'Pdb.handle_command_def'", 8)
("317:4: 'Pdb.do_commands'", 4)
("344:4: 'Pdb.do_break'", 21)
("427:4: 'Pdb.defaultFile'", 2)
("436:4: 'Pdb.do_tbreak'", 1)
("439:4: 'Pdb.lineinfo'", 8)
("472:4: 'Pdb.checkline'", 3)
("493:4: 'Pdb.do_enable'", 6)
("510:4: 'Pdb.do_disable'", 6)
("527:4: 'Pdb.do_condition'", 9)
("552:4: 'Pdb.do_ignore'", 10)
("584:4: 'Pdb.do_clear'", 14)
("629:4: 'Pdb.do_where'", 1)
("634:4: 'Pdb.do_up'", 2)
("645:4: 'Pdb.do_down'", 2)
("656:4: 'Pdb.do_until'", 1)
("661:4: 'Pdb.do_step'", 1)
("666:4: 'Pdb.do_next'", 1)
("671:4: 'Pdb.do_run'", 2)
("683:4: 'Pdb.do_return'", 1)
("688:4: 'Pdb.do_continue'", 1)
("693:4: 'Pdb.do_jump'", 6)
("712:4: 'Pdb.do_debug'", 1)
("724:4: 'Pdb.do_quit'", 1)
("732:4: 'Pdb.do_EOF'", 1)
("738:4: 'Pdb.do_args'", 5)
("751:4: 'Pdb.do_retval'", 2)
("758:4: 'Pdb._getval'", 4)
("770:4: 'Pdb.do_p'", 3)
("776:4: 'Pdb.do_pp'", 3)
("782:4: 'Pdb.do_list'", 15)
("828:4: 'Pdb.do_whatis'", 10)
("855:4: 'Pdb.do_alias'", 4)
("868:4: 'Pdb.do_unalias'", 3)
("886:4: 'Pdb.print_stack_trace'", 4)
("893:4: 'Pdb.print_stack_entry'", 2)
("905:4: 'Pdb.help_help'", 1)
("908:4: 'Pdb.help_h'", 1)
("915:4: 'Pdb.help_where'", 1)
("918:4: 'Pdb.help_w'", 1)
("926:4: 'Pdb.help_down'", 1)
("929:4: 'Pdb.help_d'", 1)
("934:4: 'Pdb.help_up'", 1)
("937:4: 'Pdb.help_u'", 1)
("942:4: 'Pdb.help_break'", 1)
("945:4: 'Pdb.help_b'", 1)
("958:4: 'Pdb.help_clear'", 1)
("961:4: 'Pdb.help_cl'", 1)
("974:4: 'Pdb.help_tbreak'", 1)
("978:4: 'Pdb.help_enable'", 1)
("983:4: 'Pdb.help_disable'", 1)
("988:4: 'Pdb.help_ignore'", 1)
("996:4: 'Pdb.help_condition'", 1)
("1003:4: 'Pdb.help_step'", 1)
("1006:4: 'Pdb.help_s'", 1)
("1011:4: 'Pdb.help_until'", 1)
("1014:4: 'Pdb.help_unt'", 1)
("1019:4: 'Pdb.help_next'", 1)
("1022:4: 'Pdb.help_n'", 1)
("1027:4: 'Pdb.help_return'", 1)
("1030:4: 'Pdb.help_r'", 1)
("1034:4: 'Pdb.help_continue'", 1)
("1037:4: 'Pdb.help_cont'", 1)
("1040:4: 'Pdb.help_c'", 1)
("1044:4: 'Pdb.help_jump'", 1)
("1047:4: 'Pdb.help_j'", 1)
("1051:4: 'Pdb.help_debug'", 1)
("1057:4: 'Pdb.help_list'", 1)
("1060:4: 'Pdb.help_l'", 1)
("1069:4: 'Pdb.help_args'", 1)
("1072:4: 'Pdb.help_a'", 1)
("1076:4: 'Pdb.help_p'", 1)
("1080:4: 'Pdb.help_pp'", 1)
("1084:4: 'Pdb.help_exec'", 1)
("1095:4: 'Pdb.help_run'", 1)
("1104:4: 'Pdb.help_quit'", 1)
("1107:4: 'Pdb.help_q'", 1)
("1113:4: 'Pdb.help_whatis'", 1)
("1117:4: 'Pdb.help_EOF'", 1)
("1121:4: 'Pdb.help_alias'", 1)
("1145:4: 'Pdb.help_unalias'", 1)
("1149:4: 'Pdb.help_commands'", 1)
("1184:4: 'Pdb.help_pdb'", 1)
("1187:4: 'Pdb.lookupmodule'", 8)
("1211:4: 'Pdb._runscript'", 1)
("1237:0: 'run'", 1)
("1240:0: 'runeval'", 1)
("1243:0: 'runctx'", 1)
("1247:0: 'runcall'", 1)
("1250:0: 'set_trace'", 1)
("1255:0: 'post_mortem'", 3)
("1269:0: 'pm'", 1)
("1277:0: 'test'", 1)
("1281:0: 'help'", 4)
("1292:0: 'main'", 9)
('If 1336', 2)
