("184:4: 'ArgumentDescriptor.__init__'", 1)
("201:0: 'read_uint1'", 2)
("220:0: 'read_uint2'", 2)
("241:0: 'read_int4'", 2)
("262:0: 'read_stringnl'", 7)
("321:0: 'read_stringnl_noescape'", 1)
("335:0: 'read_stringnl_noescape_pair'", 1)
("357:0: 'read_string4'", 3)
("391:0: 'read_string1'", 2)
("420:0: 'read_unicodestringnl'", 2)
("445:0: 'read_unicodestring4'", 3)
("485:0: 'read_decimalnl_short'", 6)
("514:0: 'read_decimalnl_long'", 2)
("562:0: 'read_floatnl'", 1)
("584:0: 'read_float8'", 2)
("622:0: 'read_long1'", 2)
("654:0: 'read_long4'", 3)
("710:4: 'StackObject.__init__'", 3)
("723:4: 'StackObject.__repr__'", 1)
("854:4: 'OpcodeInfo.__init__'", 3)
('Loop 1740', 4)
('Loop 1759', 2)
("1763:0: 'assure_pickle_consistency'", 11)
("1807:0: 'genops'", 8)
("1864:0: 'optimize'", 6)
("1891:0: 'dis'", 26)
("2029:4: '_Example.__init__'", 1)
("2269:0: '_test'", 1)
('If 2273', 2)
