("18:0: 'read_code'", 2)
("31:0: 'simplegeneric'", 14)
("71:0: 'walk_packages'", 11)
("129:0: 'iter_modules'", 5)
("154:0: 'iter_importer_modules'", 2)
("173:4: 'ImpImporter.__init__'", 1)
("176:4: 'ImpImporter.find_module'", 5)
("191:4: 'ImpImporter.iter_modules'", 8)
("229:4: 'ImpLoader.__init__'", 1)
("235:4: 'ImpLoader.load_module'", 1)
("246:4: 'ImpLoader.get_data'", 1)
("249:4: 'ImpLoader._reopen'", 4)
("257:4: 'ImpLoader._fix_name'", 3)
("265:4: 'ImpLoader.is_package'", 1)
("269:4: 'ImpLoader.get_code'", 5)
("286:4: 'ImpLoader.get_source'", 6)
("306:4: 'ImpLoader._get_delegate'", 1)
("309:4: 'ImpLoader.get_filename'", 3)
('TryExcept 319', 11)
("358:0: 'get_importer'", 9)
("392:0: 'iter_importers'", 7)
("433:0: 'get_loader'", 4)
("458:0: 'find_loader'", 3)
("474:0: 'extend_path'", 10)
("548:0: 'get_data'", 3)
