('TryExcept 121', 4)
("141:0: 'libc_ver'", 13)
("194:0: '_dist_try_harder'", 13)
("264:0: '_parse_release_file'", 5)
("291:0: 'linux_distribution'", 9)
("347:0: 'dist'", 1)
("381:4: '_popen.__init__'", 2)
("392:4: '_popen.read'", 1)
("396:4: '_popen.readlines'", 2)
("401:4: '_popen.close'", 5)
("419:0: 'popen'", 10)
("452:0: '_norm_version'", 4)
("482:0: '_syscmd_ver'", 10)
("534:0: '_win32_getvalue'", 5)
("553:0: 'win32_ver'", 32)
("713:0: '_mac_ver_lookup'", 4)
("726:0: '_bcd2str'", 1)
("730:0: '_mac_ver_gestalt'", 6)
("770:0: '_mac_ver_xml'", 5)
("791:0: 'mac_ver'", 3)
("816:0: '_java_getprop'", 4)
("827:0: 'java_ver'", 3)
("862:0: 'system_alias'", 11)
("916:0: '_platform'", 4)
("952:0: '_node'", 5)
('If 968', 4)
("983:0: '_follow_symlinks'", 2)
("994:0: '_syscmd_uname'", 5)
("1012:0: '_syscmd_file'", 5)
("1049:0: 'architecture'", 18)
("1138:0: 'uname'", 33)
("1275:0: 'system'", 1)
("1284:0: 'node'", 1)
("1294:0: 'release'", 1)
("1303:0: 'version'", 1)
("1312:0: 'machine'", 1)
("1321:0: 'processor'", 1)
("1353:0: '_sys_version'", 12)
("1446:0: 'python_implementation'", 1)
("1459:0: 'python_version'", 1)
("1469:0: 'python_version_tuple'", 1)
("1480:0: 'python_branch'", 1)
("1494:0: 'python_revision'", 1)
("1507:0: 'python_build'", 1)
("1515:0: 'python_compiler'", 1)
("1527:0: 'platform'", 13)
('If 1609', 2)
