("68:0: 'readPlist'", 3)
("84:0: 'writePlist'", 3)
("100:0: 'readPlistFromString'", 1)
("106:0: 'writePlistToString'", 1)
("114:0: 'readPlistFromResource'", 1)
("130:0: 'writePlistToResource'", 3)
("153:4: 'DumbXMLWriter.__init__'", 1)
("159:4: 'DumbXMLWriter.beginElement'", 1)
("164:4: 'DumbXMLWriter.endElement'", 1)
("170:4: 'DumbXMLWriter.simpleElement'", 2)
("177:4: 'DumbXMLWriter.writeln'", 2)
("189:0: '_dateFromString'", 3)
("200:0: '_dateToString'", 1)
("212:0: '_escapeAndEncode'", 2)
("232:4: 'PlistWriter.__init__'", 2)
("237:4: 'PlistWriter.writeValue'", 10)
("262:4: 'PlistWriter.writeData'", 3)
("273:4: 'PlistWriter.writeDict'", 3)
("284:4: 'PlistWriter.writeArray'", 2)
("297:4: '_InternalDict.__getattr__'", 3)
("307:4: '_InternalDict.__setattr__'", 1)
("313:4: '_InternalDict.__delattr__'", 3)
("324:4: 'Dict.__init__'", 1)
("337:4: 'Plist.__init__'", 1)
("343:4: 'Plist.fromFile'", 1)
("351:4: 'Plist.write'", 1)
("356:0: '_encodeBase64'", 2)
("369:4: 'Data.__init__'", 1)
("372:4: 'Data.fromBase64'", 1)
("378:4: 'Data.asBase64'", 1)
("381:4: 'Data.__cmp__'", 3)
("389:4: 'Data.__repr__'", 1)
("395:4: 'PlistParser.__init__'", 1)
("400:4: 'PlistParser.parse'", 1)
("409:4: 'PlistParser.handleBeginElement'", 2)
("415:4: 'PlistParser.handleEndElement'", 2)
("420:4: 'PlistParser.handleData'", 1)
("423:4: 'PlistParser.addObject'", 3)
("433:4: 'PlistParser.getData'", 3)
("444:4: 'PlistParser.begin_dict'", 1)
("448:4: 'PlistParser.end_dict'", 1)
("451:4: 'PlistParser.end_key'", 1)
("454:4: 'PlistParser.begin_array'", 1)
("458:4: 'PlistParser.end_array'", 1)
("461:4: 'PlistParser.end_true'", 1)
("463:4: 'PlistParser.end_false'", 1)
("465:4: 'PlistParser.end_integer'", 1)
("467:4: 'PlistParser.end_real'", 1)
("469:4: 'PlistParser.end_string'", 1)
("471:4: 'PlistParser.end_data'", 1)
("473:4: 'PlistParser.end_date'", 1)
