("79:4: 'POP3.__init__'", 1)
("89:4: 'POP3._putline'", 2)
("96:4: 'POP3._putcmd'", 2)
("105:4: 'POP3._getline'", 5)
("123:4: 'POP3._getresp'", 3)
("134:4: 'POP3._getlongresp'", 3)
("150:4: 'POP3._shortcmd'", 1)
("157:4: 'POP3._longcmd'", 1)
("164:4: 'POP3.getwelcome'", 1)
("168:4: 'POP3.set_debuglevel'", 1)
("174:4: 'POP3.user'", 1)
("182:4: 'POP3.pass_'", 1)
("192:4: 'POP3.stat'", 2)
("205:4: 'POP3.list'", 2)
("219:4: 'POP3.retr'", 1)
("227:4: 'POP3.dele'", 1)
("235:4: 'POP3.noop'", 1)
("243:4: 'POP3.rset'", 1)
("248:4: 'POP3.quit'", 3)
("264:4: 'POP3.rpop'", 1)
("271:4: 'POP3.apop'", 2)
("291:4: 'POP3.top'", 1)
("300:4: 'POP3.uidl'", 2)
('TryExcept 311', 23)
('If 403', 4)
