("43:0: 'normcase'", 1)
("51:0: 'isabs'", 1)
("60:0: 'join'", 4)
("80:0: 'split'", 2)
("95:0: 'splitext'", 1)
("102:0: 'splitdrive'", 1)
("110:0: 'basename'", 1)
("118:0: 'dirname'", 2)
("130:0: 'islink'", 3)
("140:0: 'lexists'", 3)
("151:0: 'samefile'", 1)
("161:0: 'sameopenfile'", 1)
("171:0: 'samestat'", 1)
("180:0: 'ismount'", 6)
("209:0: 'walk'", 7)
("249:0: 'expanduser'", 7)
("280:0: 'expandvars'", 7)
("312:0: 'normpath'", 8)
("341:0: 'abspath'", 3)
("355:0: 'realpath'", 5)
("378:0: '_resolve_link'", 4)
("400:0: 'relpath'", 3)
