("57:0: 'run'", 4)
("78:0: 'runctx'", 4)
("96:0: 'help'", 1)
('If 100', 3)
('TryExcept 110', 4)
("161:4: 'Profile.__init__'", 10)
("212:4: 'Profile.trace_dispatch'", 3)
("230:4: 'Profile.trace_dispatch_i'", 3)
("245:4: 'Profile.trace_dispatch_mac'", 3)
("259:4: 'Profile.trace_dispatch_l'", 3)
("278:4: 'Profile.trace_dispatch_exception'", 2)
("286:4: 'Profile.trace_dispatch_call'", 4)
("308:4: 'Profile.trace_dispatch_c_call'", 2)
("319:4: 'Profile.trace_dispatch_return'", 4)
("373:4: 'Profile.set_cmd'", 2)
("379:8: 'Profile.fake_code.__init__'", 1)
("385:8: 'Profile.fake_code.__repr__'", 1)
("389:8: 'Profile.fake_frame.__init__'", 1)
("393:4: 'Profile.simulate_call'", 2)
("405:4: 'Profile.simulate_cmd_complete'", 2)
("416:4: 'Profile.print_stats'", 1)
("421:4: 'Profile.dump_stats'", 1)
("427:4: 'Profile.create_stats'", 1)
("431:4: 'Profile.snapshot_stats'", 3)
("444:4: 'Profile.run'", 1)
("449:4: 'Profile.runctx'", 1)
("459:4: 'Profile.runcall'", 1)
("508:4: 'Profile.calibrate'", 2)
("519:4: 'Profile._calibrate_inner'", 12)
("582:0: 'Stats'", 1)
("585:0: 'main'", 3)
('If 618', 2)
