("74:4: 'Stats.__init__'", 4)
("96:4: 'Stats.init'", 1)
("118:4: 'Stats.load_stats'", 7)
("139:4: 'Stats.get_top_level_stats'", 4)
("149:4: 'Stats.add'", 8)
("175:4: 'Stats.dump_stats'", 1)
("198:4: 'Stats.get_sort_arg_defs'", 7)
("217:4: 'Stats.sort_stats'", 6)
("249:4: 'Stats.reverse_order'", 2)
("254:4: 'Stats.strip_dirs'", 6)
("283:4: 'Stats.calc_callees'", 6)
("301:4: 'Stats.eval_print_amount'", 9)
("327:4: 'Stats.get_print_list'", 7)
("351:4: 'Stats.print_stats'", 7)
("373:4: 'Stats.print_callees'", 4)
("388:4: 'Stats.print_callers'", 3)
("399:4: 'Stats.print_call_heading'", 4)
("411:4: 'Stats.print_call_line'", 5)
("437:4: 'Stats.print_title'", 1)
("441:4: 'Stats.print_line'", 4)
("467:4: 'TupleComp.__init__'", 1)
("470:4: 'TupleComp.compare'", 4)
("483:0: 'func_strip_path'", 1)
("487:0: 'func_get_function_name'", 1)
("490:0: 'func_std_string'", 3)
("507:0: 'add_func_stats'", 1)
("514:0: 'add_callers'", 5)
("532:0: 'count_calls'", 2)
("543:0: 'f8'", 1)
('If 550', 53)
