('TryExcept 4', 3)
("26:4: 'Queue.__init__'", 1)
("45:4: 'Queue.task_done'", 1)
("70:4: 'Queue.join'", 1)
("86:4: 'Queue.qsize'", 1)
("93:4: 'Queue.empty'", 1)
("100:4: 'Queue.full'", 1)
("107:4: 'Queue.put'", 1)
("142:4: 'Queue.put_nowait'", 1)
("150:4: 'Queue.get'", 1)
("184:4: 'Queue.get_nowait'", 1)
("197:4: 'Queue._init'", 1)
("200:4: 'Queue._qsize'", 1)
("204:4: 'Queue._put'", 1)
("208:4: 'Queue._get'", 1)
("218:4: 'PriorityQueue._init'", 1)
("221:4: 'PriorityQueue._qsize'", 1)
("224:4: 'PriorityQueue._put'", 1)
("227:4: 'PriorityQueue._get'", 1)
("234:4: 'LifoQueue._init'", 1)
("237:4: 'LifoQueue._qsize'", 1)
("240:4: 'LifoQueue._put'", 1)
("243:4: 'LifoQueue._get'", 1)
