("91:4: 'Random.__init__'", 1)
("100:4: 'Random.seed'", 4)
("119:4: 'Random.getstate'", 1)
("123:4: 'Random.setstate'", 5)
("145:4: 'Random.jumpahead'", 1)
("162:4: 'Random.__getstate__'", 1)
("165:4: 'Random.__setstate__'", 1)
("168:4: 'Random.__reduce__'", 1)
("173:4: 'Random.randrange'", 14)
("237:4: 'Random.randint'", 1)
("243:4: 'Random._randbelow'", 6)
("272:4: 'Random.choice'", 1)
("276:4: 'Random.shuffle'", 3)
("290:4: 'Random.sample'", 10)
("355:4: 'Random.uniform'", 1)
("361:4: 'Random.triangular'", 2)
("380:4: 'Random.normalvariate'", 3)
("405:4: 'Random.lognormvariate'", 1)
("417:4: 'Random.expovariate'", 2)
("438:4: 'Random.vonmisesvariate'", 5)
("488:4: 'Random.gammavariate'", 13)
("560:4: 'Random.gauss'", 2)
("613:4: 'Random.betavariate'", 2)
("631:4: 'Random.paretovariate'", 1)
("640:4: 'Random.weibullvariate'", 1)
("657:4: 'WichmannHill.seed'", 5)
("688:4: 'WichmannHill.random'", 1)
("719:4: 'WichmannHill.getstate'", 1)
("723:4: 'WichmannHill.setstate'", 2)
("733:4: 'WichmannHill.jumpahead'", 2)
("755:4: 'WichmannHill.__whseed'", 4)
("778:4: 'WichmannHill.whseed'", 2)
("811:4: 'SystemRandom.random'", 1)
("815:4: 'SystemRandom.getrandbits'", 3)
("825:4: 'SystemRandom._stub'", 1)
("830:4: 'SystemRandom._notimplemented'", 1)
("837:0: '_test_generator'", 2)
("859:0: '_test'", 1)
('If 907', 2)
