("88:4: 'Message.__init__'", 10)
("116:4: 'Message.rewindbody'", 2)
("122:4: 'Message.readheaders'", 16)
("197:4: 'Message.isheader'", 2)
("209:4: 'Message.islast'", 1)
("219:4: 'Message.iscomment'", 1)
("228:4: 'Message.getallmatchingheaders'", 5)
("250:4: 'Message.getfirstmatchingheader'", 6)
("270:4: 'Message.getrawheader'", 2)
("285:4: 'Message.getheader'", 1)
("295:4: 'Message.getheaders'", 6)
("320:4: 'Message.getaddr'", 2)
("333:4: 'Message.getaddrlist'", 5)
("355:4: 'Message.getdate'", 3)
("367:4: 'Message.getdate_tz'", 3)
("382:4: 'Message.__len__'", 1)
("386:4: 'Message.__getitem__'", 1)
("390:4: 'Message.__setitem__'", 2)
("403:4: 'Message.__delitem__'", 7)
("424:4: 'Message.setdefault'", 3)
("435:4: 'Message.has_key'", 1)
("439:4: 'Message.__contains__'", 1)
("443:4: 'Message.__iter__'", 1)
("446:4: 'Message.keys'", 1)
("450:4: 'Message.values'", 1)
("454:4: 'Message.items'", 1)
("461:4: 'Message.__str__'", 1)
("472:0: 'unquote'", 4)
("482:0: 'quote'", 1)
("487:0: 'parseaddr'", 2)
("508:4: 'AddrlistClass.__init__'", 1)
("526:4: 'AddrlistClass.gotonext'", 4)
("535:4: 'AddrlistClass.getaddrlist'", 2)
("547:4: 'AddrlistClass.getaddress'", 12)
("605:4: 'AddrlistClass.getrouteaddr'", 7)
("637:4: 'AddrlistClass.getaddrspec'", 6)
("661:4: 'AddrlistClass.getdomain'", 7)
("679:4: 'AddrlistClass.getdelimited'", 7)
("716:4: 'AddrlistClass.getquote'", 1)
("720:4: 'AddrlistClass.getcomment'", 1)
("724:4: 'AddrlistClass.getdomainliteral'", 1)
("728:4: 'AddrlistClass.getatom'", 4)
("747:4: 'AddrlistClass.getphraselist'", 6)
("772:4: 'AddressList.__init__'", 2)
("779:4: 'AddressList.__len__'", 1)
("782:4: 'AddressList.__str__'", 1)
("785:4: 'AddressList.__add__'", 3)
("794:4: 'AddressList.__iadd__'", 3)
("801:4: 'AddressList.__sub__'", 3)
("809:4: 'AddressList.__isub__'", 3)
("816:4: 'AddressList.__getitem__'", 1)
("820:0: 'dump_address_pair'", 2)
("850:0: 'parsedate_tz'", 26)
("935:0: 'parsedate'", 2)
("943:0: 'mktime_tz'", 2)
("952:0: 'formatdate'", 2)
('If 977', 8)
