("72:4: 'BaseSet.__init__'", 2)
("81:4: 'BaseSet.__len__'", 1)
("85:4: 'BaseSet.__repr__'", 1)
("95:4: 'BaseSet._repr'", 2)
("101:4: 'BaseSet.__iter__'", 1)
("113:4: 'BaseSet.__cmp__'", 1)
("131:4: 'BaseSet.__eq__'", 2)
("137:4: 'BaseSet.__ne__'", 2)
("145:4: 'BaseSet.copy'", 1)
("153:4: 'BaseSet.__deepcopy__'", 2)
("178:4: 'BaseSet.__or__'", 2)
("187:4: 'BaseSet.union'", 1)
("196:4: 'BaseSet.__and__'", 2)
("205:4: 'BaseSet.intersection'", 3)
("219:4: 'BaseSet.__xor__'", 2)
("228:4: 'BaseSet.symmetric_difference'", 5)
("247:4: 'BaseSet.__sub__'", 2)
("256:4: 'BaseSet.difference'", 4)
("274:4: 'BaseSet.__contains__'", 4)
("289:4: 'BaseSet.issubset'", 3)
("298:4: 'BaseSet.issuperset'", 3)
("311:4: 'BaseSet.__lt__'", 1)
("315:4: 'BaseSet.__gt__'", 1)
("324:4: 'BaseSet._binary_sanity_check'", 2)
("330:4: 'BaseSet._compute_hash'", 2)
("341:4: 'BaseSet._update'", 12)
("385:4: 'ImmutableSet.__init__'", 2)
("392:4: 'ImmutableSet.__hash__'", 2)
("397:4: 'ImmutableSet.__getstate__'", 1)
("400:4: 'ImmutableSet.__setstate__'", 1)
("410:4: 'Set.__init__'", 2)
("416:4: 'Set.__getstate__'", 1)
("420:4: 'Set.__setstate__'", 1)
("428:4: 'Set.__ior__'", 1)
("434:4: 'Set.union_update'", 1)
("438:4: 'Set.__iand__'", 1)
("444:4: 'Set.intersection_update'", 2)
("451:4: 'Set.__ixor__'", 1)
("457:4: 'Set.symmetric_difference_update'", 5)
("471:4: 'Set.__isub__'", 1)
("477:4: 'Set.difference_update'", 4)
("489:4: 'Set.update'", 1)
("493:4: 'Set.clear'", 1)
("499:4: 'Set.add'", 4)
("512:4: 'Set.remove'", 4)
("525:4: 'Set.discard'", 3)
("535:4: 'Set.pop'", 1)
("539:4: 'Set.__as_immutable__'", 1)
("543:4: 'Set.__as_temporarily_immutable__'", 1)
("552:4: '_TemporarilyImmutableSet.__init__'", 1)
("556:4: '_TemporarilyImmutableSet.__hash__'", 1)
