("66:4: 'SGMLParser.__init__'", 1)
("71:4: 'SGMLParser.reset'", 1)
("81:4: 'SGMLParser.setnomoretags'", 1)
("88:4: 'SGMLParser.setliteral'", 1)
("95:4: 'SGMLParser.feed'", 1)
("106:4: 'SGMLParser.close'", 1)
("110:4: 'SGMLParser.error'", 1)
("116:4: 'SGMLParser.goahead'", 29)
("222:4: 'SGMLParser.parse_pi'", 3)
("234:4: 'SGMLParser.get_starttag_text'", 1)
("238:4: 'SGMLParser.parse_starttag'", 11)
("300:4: 'SGMLParser._convert_ref'", 3)
("311:4: 'SGMLParser.parse_endtag'", 3)
("324:4: 'SGMLParser.finish_shorttag'", 1)
("331:4: 'SGMLParser.finish_starttag'", 5)
("349:4: 'SGMLParser.finish_endtag'", 12)
("380:4: 'SGMLParser.handle_starttag'", 1)
("384:4: 'SGMLParser.handle_endtag'", 1)
("388:4: 'SGMLParser.report_unbalanced'", 2)
("393:4: 'SGMLParser.convert_charref'", 4)
("403:4: 'SGMLParser.convert_codepoint'", 1)
("406:4: 'SGMLParser.handle_charref'", 2)
("418:4: 'SGMLParser.convert_entityref'", 2)
("430:4: 'SGMLParser.handle_entityref'", 2)
("439:4: 'SGMLParser.handle_data'", 1)
("443:4: 'SGMLParser.handle_comment'", 1)
("447:4: 'SGMLParser.handle_decl'", 1)
("451:4: 'SGMLParser.handle_pi'", 1)
("455:4: 'SGMLParser.unknown_starttag'", 1)
("456:4: 'SGMLParser.unknown_endtag'", 1)
("457:4: 'SGMLParser.unknown_charref'", 1)
("458:4: 'SGMLParser.unknown_entityref'", 1)
("463:4: 'TestSGMLParser.__init__'", 1)
("467:4: 'TestSGMLParser.handle_data'", 2)
("472:4: 'TestSGMLParser.flush'", 2)
("478:4: 'TestSGMLParser.handle_comment'", 2)
("485:4: 'TestSGMLParser.unknown_starttag'", 3)
("495:4: 'TestSGMLParser.unknown_endtag'", 1)
("499:4: 'TestSGMLParser.unknown_entityref'", 1)
("503:4: 'TestSGMLParser.unknown_charref'", 1)
("507:4: 'TestSGMLParser.unknown_decl'", 1)
("511:4: 'TestSGMLParser.close'", 1)
("516:0: 'test'", 9)
('If 552', 2)
