('TryExcept 61', 3)
('TryExcept 66', 3)
("78:4: '_ClosedDict.closed'", 1)
("82:4: '_ClosedDict.__repr__'", 1)
("92:4: 'Shelf.__init__'", 2)
("100:4: 'Shelf.keys'", 1)
("103:4: 'Shelf.__len__'", 1)
("106:4: 'Shelf.has_key'", 1)
("109:4: 'Shelf.__contains__'", 1)
("112:4: 'Shelf.get'", 2)
("117:4: 'Shelf.__getitem__'", 4)
("127:4: 'Shelf.__setitem__'", 2)
("135:4: 'Shelf.__delitem__'", 3)
("142:4: 'Shelf.close'", 5)
("155:4: 'Shelf.__del__'", 2)
("161:4: 'Shelf.sync'", 4)
("185:4: 'BsdDbShelf.__init__'", 1)
("188:4: 'BsdDbShelf.set_location'", 1)
("193:4: 'BsdDbShelf.next'", 1)
("198:4: 'BsdDbShelf.previous'", 1)
("203:4: 'BsdDbShelf.first'", 1)
("208:4: 'BsdDbShelf.last'", 1)
("221:4: 'DbfilenameShelf.__init__'", 1)
("226:0: 'open'", 1)
