('TryExcept 15', 3)
('TryExcept 20', 3)
('TryExcept 40', 3)
("45:0: 'copyfileobj'", 3)
("53:0: '_samefile'", 4)
("65:0: 'copyfile'", 6)
("85:0: 'copymode'", 2)
("92:0: 'copystat'", 7)
("108:0: 'copy'", 2)
("119:0: 'copy2'", 2)
("130:0: 'ignore_patterns'", 3)
("142:0: 'copytree'", 13)
("207:0: 'rmtree'", 18)
("256:0: '_basename'", 1)
("261:0: 'move'", 8)
("301:0: '_destinsrc'", 3)
("310:0: '_get_gid'", 5)
("322:0: '_get_uid'", 5)
("334:0: '_make_tarball'", 9)
("394:0: '_call_external_zip'", 4)
("412:0: '_make_zipfile'", 13)
("466:0: 'get_archive_formats'", 1)
("476:0: 'register_archive_format'", 6)
("497:0: 'unregister_archive_format'", 1)
("500:0: 'make_archive'", 9)
