('TryExcept 110', 3)
("115:0: 'resolve_dotted_attribute'", 4)
("139:0: 'list_public_methods'", 1)
("147:0: 'remove_duplicates'", 2)
("169:4: 'SimpleXMLRPCDispatcher.__init__'", 1)
("175:4: 'SimpleXMLRPCDispatcher.register_instance'", 1)
("211:4: 'SimpleXMLRPCDispatcher.register_function'", 2)
("222:4: 'SimpleXMLRPCDispatcher.register_introspection_functions'", 1)
("233:4: 'SimpleXMLRPCDispatcher.register_multicall_functions'", 1)
("241:4: 'SimpleXMLRPCDispatcher._marshaled_dispatch'", 5)
("278:4: 'SimpleXMLRPCDispatcher.system_listMethods'", 4)
("301:4: 'SimpleXMLRPCDispatcher.system_methodSignature'", 1)
("314:4: 'SimpleXMLRPCDispatcher.system_methodHelp'", 8)
("346:4: 'SimpleXMLRPCDispatcher.system_multicall'", 5)
("378:4: 'SimpleXMLRPCDispatcher._dispatch'", 8)
("449:4: 'SimpleXMLRPCRequestHandler.accept_encodings'", 3)
("460:4: 'SimpleXMLRPCRequestHandler.is_rpc_path_valid'", 2)
("467:4: 'SimpleXMLRPCRequestHandler.do_POST'", 12)
("534:4: 'SimpleXMLRPCRequestHandler.decode_request_content'", 6)
("551:4: 'SimpleXMLRPCRequestHandler.report_404'", 1)
("560:4: 'SimpleXMLRPCRequestHandler.log_request'", 2)
("585:4: 'SimpleXMLRPCServer.__init__'", 2)
("608:4: 'MultiPathXMLRPCServer.__init__'", 1)
("617:4: 'MultiPathXMLRPCServer.add_dispatcher'", 1)
("621:4: 'MultiPathXMLRPCServer.get_dispatcher'", 1)
("624:4: 'MultiPathXMLRPCServer._marshaled_dispatch'", 3)
("641:4: 'CGIXMLRPCRequestHandler.__init__'", 1)
("644:4: 'CGIXMLRPCRequestHandler.handle_xmlrpc'", 1)
("654:4: 'CGIXMLRPCRequestHandler.handle_get'", 1)
("677:4: 'CGIXMLRPCRequestHandler.handle_request'", 5)
('If 699', 2)
