("79:0: 'makepath'", 3)
("88:0: 'abs__file__'", 5)
("99:0: 'removeduppaths'", 3)
("119:0: 'addbuilddir'", 2)
("130:0: '_init_pathinfo'", 5)
("143:0: 'addpackage'", 13)
("184:0: 'addsitedir'", 7)
("208:0: 'check_enableusersite'", 6)
("232:0: 'getuserbase'", 2)
("246:0: 'getusersitepackages'", 4)
("270:0: 'addusersitepackages'", 2)
("284:0: 'getsitepackages'", 7)
("321:0: 'addsitepackages'", 3)
("329:0: 'setBEGINLIBPATH'", 2)
("346:0: 'setquit'", 8)
("383:4: '_Printer.__init__'", 1)
("390:4: '_Printer.__setup'", 8)
("411:4: '_Printer.__repr__'", 2)
("418:4: '_Printer.__call__'", 8)
("438:0: 'setcopyright'", 2)
("462:4: '_Helper.__repr__'", 1)
("465:4: '_Helper.__call__'", 1)
("469:0: 'sethelper'", 1)
("472:0: 'aliasmbcs'", 5)
("487:0: 'setencoding'", 5)
("507:0: 'execsitecustomize'", 5)
("521:0: 'execusercustomize'", 5)
("535:0: 'main'", 6)
("565:0: '_script'", 9)
('If 614', 2)
