("88:4: 'Devnull.write'", 1)
("89:4: 'Devnull.flush'", 1)
("98:0: 'usage'", 2)
("109:4: 'SMTPChannel.__init__'", 4)
("135:4: 'SMTPChannel.push'", 1)
("139:4: 'SMTPChannel.collect_incoming_data'", 1)
("143:4: 'SMTPChannel.found_terminator'", 9)
("192:4: 'SMTPChannel.smtp_HELO'", 3)
("202:4: 'SMTPChannel.smtp_NOOP'", 2)
("208:4: 'SMTPChannel.smtp_QUIT'", 1)
("214:4: 'SMTPChannel.__getaddr'", 4)
("227:4: 'SMTPChannel.smtp_MAIL'", 3)
("240:4: 'SMTPChannel.smtp_RCPT'", 3)
("253:4: 'SMTPChannel.smtp_RSET'", 2)
("264:4: 'SMTPChannel.smtp_DATA'", 3)
("277:4: 'SMTPServer.__init__'", 3)
("297:4: 'SMTPServer.handle_accept'", 2)
("305:4: 'SMTPServer.process_message'", 1)
("332:4: 'DebuggingServer.process_message'", 3)
("346:4: 'PureProxy.process_message'", 3)
("360:4: 'PureProxy._deliver'", 5)
("386:4: 'MailmanProxy.process_message'", 17)
("468:0: 'parseargs'", 18)
('If 524', 11)
