("85:4: 'SMTPResponseException.__init__'", 1)
("97:4: 'SMTPSenderRefused.__init__'", 1)
("111:4: 'SMTPRecipientsRefused.__init__'", 1)
("133:0: 'quoteaddr'", 5)
("152:0: 'quotedata'", 1)
('TryExcept 162', 8)
("227:4: 'SMTP.__init__'", 7)
("263:4: 'SMTP.set_debuglevel'", 1)
("272:4: 'SMTP._get_socket'", 2)
("279:4: 'SMTP.connect'", 8)
("308:4: 'SMTP.send'", 5)
("321:4: 'SMTP.putcmd'", 2)
("329:4: 'SMTP.getreply'", 11)
("373:4: 'SMTP.docmd'", 1)
("379:4: 'SMTP.helo'", 1)
("389:4: 'SMTP.ehlo'", 7)
("439:4: 'SMTP.has_extn'", 1)
("443:4: 'SMTP.help'", 1)
("449:4: 'SMTP.rset'", 1)
("453:4: 'SMTP.noop'", 1)
("457:4: 'SMTP.mail'", 2)
("465:4: 'SMTP.rcpt'", 2)
("473:4: 'SMTP.data'", 5)
("498:4: 'SMTP.verify'", 1)
("505:4: 'SMTP.expn'", 1)
("512:4: 'SMTP.ehlo_or_helo_if_needed'", 4)
("529:4: 'SMTP.login'", 13)
("607:4: 'SMTP.starttls'", 4)
("643:4: 'SMTP.sendmail'", 10)
("733:4: 'SMTP.close'", 3)
("743:4: 'SMTP.quit'", 1)
('If 749', 5)
("799:4: 'LMTP.__init__'", 1)
("803:4: 'LMTP.connect'", 7)
('If 827', 5)
