('TryExcept 52', 4)
('TryExcept 84', 3)
('TryExcept 89', 3)
('If 103', 2)
("124:0: 'getfqdn'", 6)
('If 156', 2)
('If 159', 2)
("169:4: '_closedsocket._dummy'", 1)
("185:4: '_socketobject.__init__'", 3)
("192:4: '_socketobject.close'", 2)
("201:4: '_socketobject.accept'", 1)
("206:4: '_socketobject.dup'", 1)
("212:4: '_socketobject.makefile'", 1)
("223:0: 'meth'", 1)
('Loop 226', 2)
("246:4: '_fileobject.__init__'", 4)
("272:4: '_fileobject._getclosed'", 1)
("276:4: '_fileobject.close'", 1)
("285:4: '_fileobject.__del__'", 3)
("292:4: '_fileobject.flush'", 2)
("312:4: '_fileobject.fileno'", 1)
("315:4: '_fileobject.write'", 3)
("326:4: '_fileobject.writelines'", 2)
("336:4: '_fileobject.read'", 15)
("406:4: '_fileobject.readline'", 27)
("511:4: '_fileobject.readlines'", 4)
("526:4: '_fileobject.__iter__'", 1)
("529:4: '_fileobject.next'", 2)
("537:0: 'create_connection'", 8)
