('TryExcept 136', 3)
('If 145', 2)
("196:4: 'BaseServer.__init__'", 1)
("203:4: 'BaseServer.server_activate'", 1)
("211:4: 'BaseServer.serve_forever'", 1)
("232:4: 'BaseServer.shutdown'", 1)
("253:4: 'BaseServer.handle_request'", 4)
("271:4: 'BaseServer._handle_request_noblock'", 6)
("289:4: 'BaseServer.handle_timeout'", 1)
("296:4: 'BaseServer.verify_request'", 1)
("304:4: 'BaseServer.process_request'", 1)
("313:4: 'BaseServer.server_close'", 1)
("321:4: 'BaseServer.finish_request'", 1)
("325:4: 'BaseServer.shutdown_request'", 1)
("329:4: 'BaseServer.close_request'", 1)
("333:4: 'BaseServer.handle_error'", 1)
("402:4: 'TCPServer.__init__'", 2)
("411:4: 'TCPServer.server_bind'", 2)
("422:4: 'TCPServer.server_activate'", 1)
("430:4: 'TCPServer.server_close'", 1)
("438:4: 'TCPServer.fileno'", 1)
("446:4: 'TCPServer.get_request'", 1)
("454:4: 'TCPServer.shutdown_request'", 3)
("464:4: 'TCPServer.close_request'", 1)
("479:4: 'UDPServer.get_request'", 1)
("483:4: 'UDPServer.server_activate'", 1)
("487:4: 'UDPServer.shutdown_request'", 1)
("491:4: 'UDPServer.close_request'", 1)
("503:4: 'ForkingMixIn.collect_children'", 12)
("535:4: 'ForkingMixIn.handle_timeout'", 1)
("542:4: 'ForkingMixIn.process_request'", 5)
("575:4: 'ThreadingMixIn.process_request_thread'", 3)
("588:4: 'ThreadingMixIn.process_request'", 2)
('If 603', 2)
("633:4: 'BaseRequestHandler.__init__'", 1)
("643:4: 'BaseRequestHandler.setup'", 1)
("646:4: 'BaseRequestHandler.handle'", 1)
("649:4: 'BaseRequestHandler.finish'", 1)
("682:4: 'StreamRequestHandler.setup'", 3)
("692:4: 'StreamRequestHandler.finish'", 2)
("706:4: 'DatagramRequestHandler.setup'", 3)
("715:4: 'DatagramRequestHandler.finish'", 1)
