("67:4: 'Pattern.__init__'", 1)
("72:4: 'Pattern.opengroup'", 3)
("83:4: 'Pattern.closegroup'", 1)
("85:4: 'Pattern.checkgroup'", 1)
("90:4: 'SubPattern.__init__'", 2)
("96:4: 'SubPattern.dump'", 12)
("124:4: 'SubPattern.__repr__'", 1)
("126:4: 'SubPattern.__len__'", 1)
("128:4: 'SubPattern.__delitem__'", 1)
("130:4: 'SubPattern.__getitem__'", 2)
("134:4: 'SubPattern.__setitem__'", 1)
("136:4: 'SubPattern.insert'", 1)
("138:4: 'SubPattern.append'", 1)
("140:4: 'SubPattern.getwidth'", 10)
("178:4: 'Tokenizer.__init__'", 1)
("182:4: 'Tokenizer.__next'", 5)
("195:4: 'Tokenizer.match'", 3)
("201:4: 'Tokenizer.get'", 1)
("205:4: 'Tokenizer.tell'", 1)
("207:4: 'Tokenizer.seek'", 1)
("210:0: 'isident'", 1)
("213:0: 'isdigit'", 1)
("216:0: 'isname'", 4)
("225:0: '_class_escape'", 12)
("257:0: '_escape'", 16)
("301:0: '_parse_sub'", 15)
("360:0: '_parse_sub_cond'", 4)
("379:0: '_parse'", 90)
("663:0: 'parse'", 6)
("691:0: 'parse_template'", 30)
("778:0: 'expand_template'", 5)
