('TryExcept 82', 3)
("100:4: 'SSLSocket.__init__'", 9)
("145:4: 'SSLSocket.read'", 4)
("158:4: 'SSLSocket.write'", 1)
("165:4: 'SSLSocket.getpeercert'", 1)
("174:4: 'SSLSocket.cipher'", 2)
("181:4: 'SSLSocket.send'", 8)
("202:4: 'SSLSocket.sendto'", 3)
("211:4: 'SSLSocket.sendall'", 4)
("226:4: 'SSLSocket.recv'", 3)
("236:4: 'SSLSocket.recv_into'", 5)
("253:4: 'SSLSocket.recvfrom'", 2)
("260:4: 'SSLSocket.recvfrom_into'", 2)
("267:4: 'SSLSocket.pending'", 2)
("273:4: 'SSLSocket.unwrap'", 2)
("281:4: 'SSLSocket.shutdown'", 1)
("285:4: 'SSLSocket.close'", 2)
("292:4: 'SSLSocket.do_handshake'", 1)
("298:4: 'SSLSocket._real_connect'", 6)
("319:4: 'SSLSocket.connect'", 1)
("324:4: 'SSLSocket.connect_ex'", 1)
("329:4: 'SSLSocket.accept'", 1)
("348:4: 'SSLSocket.makefile'", 1)
("361:0: 'wrap_socket'", 1)
("377:0: 'cert_time_to_seconds'", 1)
("389:0: 'DER_cert_to_PEM_cert'", 2)
("405:0: 'PEM_cert_to_DER_cert'", 3)
("419:0: 'get_server_certificate'", 2)
("438:0: 'get_protocol_name'", 1)
("444:0: 'sslwrap_simple'", 4)
