('Loop 36', 2)
("46:0: 'lower'", 1)
("55:0: 'upper'", 1)
("64:0: 'swapcase'", 1)
("74:0: 'strip'", 1)
("84:0: 'lstrip'", 1)
("93:0: 'rstrip'", 1)
("104:0: 'split'", 1)
("119:0: 'join'", 1)
("136:0: 'index'", 1)
("145:0: 'rindex'", 1)
("154:0: 'count'", 1)
("165:0: 'find'", 1)
("178:0: 'rfind'", 1)
("197:0: 'atof'", 2)
("210:0: 'atoi'", 4)
("237:0: 'atol'", 4)
("265:0: 'ljust'", 2)
("278:0: 'rjust'", 2)
("291:0: 'center'", 3)
("310:0: 'zfill'", 4)
("328:0: 'expandtabs'", 4)
("347:0: 'translate'", 1)
("359:0: 'capitalize'", 1)
("369:0: 'capwords'", 1)
("382:0: 'maketrans'", 4)
("402:0: 'replace'", 1)
('TryExcept 418', 3)
('TryExcept 428', 3)
