("45:0: 'capwords'", 1)
("61:0: 'maketrans'", 4)
("91:4: '_multimap.__init__'", 1)
("95:4: '_multimap.__getitem__'", 3)
("112:4: '_TemplateMetaclass.__init__'", 2)
("131:4: 'Template.__init__'", 1)
("136:4: 'Template._invalid'", 2)
("148:4: 'Template.substitute'", 8)
("174:4: 'Template.safe_substitute'", 13)
("220:0: 'lower'", 1)
("229:0: 'upper'", 1)
("238:0: 'swapcase'", 1)
("248:0: 'strip'", 1)
("260:0: 'lstrip'", 1)
("270:0: 'rstrip'", 1)
("281:0: 'split'", 1)
("296:0: 'rsplit'", 1)
("308:0: 'join'", 1)
("322:0: 'index'", 1)
("331:0: 'rindex'", 1)
("340:0: 'count'", 1)
("351:0: 'find'", 1)
("364:0: 'rfind'", 1)
("382:0: 'atof'", 1)
("392:0: 'atoi'", 1)
("407:0: 'atol'", 1)
("423:0: 'ljust'", 1)
("434:0: 'rjust'", 1)
("445:0: 'center'", 1)
("458:0: 'zfill'", 2)
("471:0: 'expandtabs'", 1)
("482:0: 'translate'", 2)
("501:0: 'capitalize'", 1)
("511:0: 'replace'", 1)
('TryExcept 527', 3)
("544:4: 'Formatter.format'", 1)
("547:4: 'Formatter.vformat'", 1)
("553:4: 'Formatter._vformat'", 5)
("587:4: 'Formatter.get_value'", 2)
("594:4: 'Formatter.check_unused_args'", 1)
("598:4: 'Formatter.format_field'", 1)
("602:4: 'Formatter.convert_field'", 4)
("620:4: 'Formatter.parse'", 1)
("629:4: 'Formatter.get_field'", 3)
