("134:0: '_read_u32'", 3)
("143:0: '_write_u32'", 3)
("154:4: 'Au_read.__init__'", 2)
("160:4: 'Au_read.__del__'", 2)
("164:4: 'Au_read.initfp'", 14)
("207:4: 'Au_read.getfp'", 1)
("210:4: 'Au_read.getnchannels'", 1)
("213:4: 'Au_read.getsampwidth'", 1)
("216:4: 'Au_read.getframerate'", 1)
("219:4: 'Au_read.getnframes'", 3)
("226:4: 'Au_read.getcomptype'", 3)
("234:4: 'Au_read.getcompname'", 3)
("242:4: 'Au_read.getparams'", 1)
("247:4: 'Au_read.getmarkers'", 1)
("250:4: 'Au_read.getmark'", 1)
("253:4: 'Au_read.readframes'", 4)
("265:4: 'Au_read.rewind'", 1)
("269:4: 'Au_read.tell'", 1)
("272:4: 'Au_read.setpos'", 2)
("278:4: 'Au_read.close'", 1)
("283:4: 'Au_write.__init__'", 2)
("289:4: 'Au_write.__del__'", 2)
("293:4: 'Au_write.initfp'", 1)
("306:4: 'Au_write.setnchannels'", 3)
("313:4: 'Au_write.getnchannels'", 2)
("318:4: 'Au_write.setsampwidth'", 3)
("325:4: 'Au_write.getsampwidth'", 2)
("330:4: 'Au_write.setframerate'", 2)
("335:4: 'Au_write.getframerate'", 2)
("340:4: 'Au_write.setnframes'", 3)
("347:4: 'Au_write.getnframes'", 1)
("350:4: 'Au_write.setcomptype'", 2)
("356:4: 'Au_write.getcomptype'", 1)
("359:4: 'Au_write.getcompname'", 3)
("367:4: 'Au_write.setparams'", 1)
("375:4: 'Au_write.getparams'", 1)
("380:4: 'Au_write.tell'", 1)
("383:4: 'Au_write.writeframesraw'", 2)
("393:4: 'Au_write.writeframes'", 2)
("399:4: 'Au_write.close'", 2)
("411:4: 'Au_write._ensure_header_written'", 5)
("421:4: 'Au_write._write_header'", 7)
("456:4: 'Au_write._patchheader'", 1)
("462:0: 'open'", 5)
