("12:0: 'symtable'", 3)
("20:4: 'SymbolTableFactory.__init__'", 1)
("23:4: 'SymbolTableFactory.new'", 3)
("30:4: 'SymbolTableFactory.__call__'", 2)
("42:4: 'SymbolTable.__init__'", 1)
("47:4: 'SymbolTable.__repr__'", 3)
("60:4: 'SymbolTable.get_type'", 4)
("70:4: 'SymbolTable.get_id'", 1)
("73:4: 'SymbolTable.get_name'", 1)
("76:4: 'SymbolTable.get_lineno'", 1)
("79:4: 'SymbolTable.is_optimized'", 1)
("83:4: 'SymbolTable.is_nested'", 1)
("86:4: 'SymbolTable.has_children'", 1)
("89:4: 'SymbolTable.has_exec'", 1)
("93:4: 'SymbolTable.has_import_star'", 1)
("97:4: 'SymbolTable.get_identifiers'", 1)
("100:4: 'SymbolTable.lookup'", 2)
("108:4: 'SymbolTable.get_symbols'", 1)
("111:4: 'SymbolTable.__check_children'", 1)
("116:4: 'SymbolTable.get_children'", 1)
("129:4: 'Function.__idents_matching'", 1)
("133:4: 'Function.get_parameters'", 2)
("138:4: 'Function.get_locals'", 2)
("145:4: 'Function.get_globals'", 2)
("152:4: 'Function.get_frees'", 2)
("163:4: 'Class.get_methods'", 3)
("174:4: 'Symbol.__init__'", 1)
("180:4: 'Symbol.__repr__'", 1)
("183:4: 'Symbol.get_name'", 1)
("186:4: 'Symbol.is_referenced'", 1)
("189:4: 'Symbol.is_parameter'", 1)
("192:4: 'Symbol.is_global'", 1)
("195:4: 'Symbol.is_declared_global'", 1)
("198:4: 'Symbol.is_local'", 1)
("201:4: 'Symbol.is_free'", 1)
("204:4: 'Symbol.is_imported'", 1)
("207:4: 'Symbol.is_assigned'", 1)
("210:4: 'Symbol.is_namespace'", 1)
("223:4: 'Symbol.get_namespaces'", 1)
("227:4: 'Symbol.get_namespace'", 2)
('If 236', 3)
