("97:0: '_safe_realpath'", 3)
('If 103', 2)
('If 110', 2)
('If 113', 2)
('If 116', 2)
("119:0: 'is_python_build'", 3)
('If 127', 3)
("132:0: '_subst_vars'", 5)
("141:0: '_extend_dict'", 3)
("148:0: '_expand_vars'", 4)
("160:0: '_get_default_scheme'", 2)
("166:0: '_getuserbase'", 5)
("185:0: '_parse_makefile'", 20)
("271:0: '_get_makefile_filename'", 2)
("277:0: '_init_posix'", 8)
("306:0: '_init_non_posix'", 1)
("322:0: 'parse_config_h'", 8)
("351:0: 'get_config_h_filename'", 3)
("362:0: 'get_scheme_names'", 1)
("368:0: 'get_path_names'", 1)
("372:0: 'get_paths'", 2)
("383:0: 'get_path'", 1)
("390:0: 'get_config_vars'", 19)
("514:0: 'get_config_var'", 1)
("522:0: 'get_platform'", 30)
("686:0: 'get_python_version'", 1)
