('TryExcept 56', 3)
('If 161', 2)
("168:0: 'stn'", 1)
("173:0: 'nts'", 2)
("182:0: 'nti'", 5)
("199:0: 'itn'", 5)
("226:0: 'uts'", 7)
("246:0: 'calc_chksums'", 1)
("259:0: 'copyfileobj'", 7)
("311:0: 'filemode'", 4)
("369:4: '_LowLevelFile.__init__'", 2)
("378:4: '_LowLevelFile.close'", 1)
("381:4: '_LowLevelFile.read'", 1)
("384:4: '_LowLevelFile.write'", 1)
("398:4: '_Stream.__init__'", 11)
("444:4: '_Stream.__del__'", 2)
("448:4: '_Stream._init_write_gz'", 2)
("461:4: '_Stream.write'", 3)
("471:4: '_Stream.__write'", 2)
("480:4: '_Stream.close'", 6)
("508:4: '_Stream._init_read_gz'", 11)
("539:4: '_Stream.tell'", 1)
("544:4: '_Stream.seek'", 3)
("557:4: '_Stream.read'", 4)
("575:4: '_Stream._read'", 6)
("597:4: '_Stream.__read'", 3)
("619:4: '_StreamProxy.__init__'", 1)
("623:4: '_StreamProxy.read'", 1)
("627:4: '_StreamProxy.getcomptype'", 3)
("634:4: '_StreamProxy.close'", 1)
("648:4: '_BZ2Proxy.__init__'", 1)
("654:4: '_BZ2Proxy.init'", 2)
("664:4: '_BZ2Proxy.read'", 3)
("681:4: '_BZ2Proxy.seek'", 2)
("686:4: '_BZ2Proxy.tell'", 1)
("689:4: '_BZ2Proxy.write'", 1)
("694:4: '_BZ2Proxy.close'", 2)
("709:4: '_FileInFile.__init__'", 1)
("716:4: '_FileInFile.tell'", 1)
("721:4: '_FileInFile.seek'", 1)
("726:4: '_FileInFile.read'", 3)
("739:4: '_FileInFile.readnormal'", 1)
("746:4: '_FileInFile.readsparse'", 3)
("758:4: '_FileInFile.readsparsesection'", 3)
("785:4: 'ExFileObject.__init__'", 1)
("798:4: 'ExFileObject.read'", 5)
("822:4: 'ExFileObject.readline'", 7)
("853:4: 'ExFileObject.readlines'", 3)
("863:4: 'ExFileObject.tell'", 2)
("871:4: 'ExFileObject.seek'", 6)
("892:4: 'ExFileObject.close'", 1)
("897:4: 'ExFileObject.__iter__'", 3)
("918:4: 'TarInfo.__init__'", 1)
("943:4: 'TarInfo._getpath'", 1)
("945:4: 'TarInfo._setpath'", 1)
("949:4: 'TarInfo._getlinkpath'", 1)
("951:4: 'TarInfo._setlinkpath'", 1)
("955:4: 'TarInfo.__repr__'", 1)
("958:4: 'TarInfo.get_info'", 4)
("986:4: 'TarInfo.tobuf'", 4)
("1000:4: 'TarInfo.create_ustar_header'", 3)
("1013:4: 'TarInfo.create_gnu_header'", 3)
("1027:4: 'TarInfo.create_pax_header'", 10)
("1078:4: 'TarInfo.create_pax_global_header'", 1)
("1084:4: 'TarInfo._posix_split_name'", 3)
("1099:4: 'TarInfo._create_header'", 1)
("1127:4: 'TarInfo._create_payload'", 2)
("1137:4: 'TarInfo._create_gnu_long_header'", 1)
("1154:4: 'TarInfo._create_pax_generic_header'", 4)
("1186:4: 'TarInfo.frombuf'", 8)
("1232:4: 'TarInfo.fromtarfile'", 1)
("1253:4: 'TarInfo._proc_member'", 4)
("1266:4: 'TarInfo._proc_builtin'", 2)
("1283:4: 'TarInfo._proc_gnulong'", 5)
("1305:4: 'TarInfo._proc_sparse'", 11)
("1361:4: 'TarInfo._proc_pax'", 9)
("1419:4: 'TarInfo._apply_pax_info'", 7)
("1442:4: 'TarInfo._block'", 2)
("1451:4: 'TarInfo.isreg'", 1)
("1453:4: 'TarInfo.isfile'", 1)
("1455:4: 'TarInfo.isdir'", 1)
("1457:4: 'TarInfo.issym'", 1)
("1459:4: 'TarInfo.islnk'", 1)
("1461:4: 'TarInfo.ischr'", 1)
("1463:4: 'TarInfo.isblk'", 1)
("1465:4: 'TarInfo.isfifo'", 1)
("1467:4: 'TarInfo.issparse'", 1)
("1469:4: 'TarInfo.isdev'", 1)
("1499:4: 'TarFile.__init__'", 27)
("1601:4: 'TarFile._getposix'", 1)
("1603:4: 'TarFile._setposix'", 2)
("1624:4: 'TarFile.open'", 13)
("1697:4: 'TarFile.taropen'", 2)
("1705:4: 'TarFile.gzopen'", 7)
("1731:4: 'TarFile.bz2open'", 7)
("1766:4: 'TarFile.close'", 5)
("1786:4: 'TarFile.getmember'", 2)
("1797:4: 'TarFile.getmembers'", 2)
("1807:4: 'TarFile.getnames'", 1)
("1813:4: 'TarFile.gettarinfo'", 22)
("1911:4: 'TarFile.list'", 7)
("1940:4: 'TarFile.add'", 12)
("2002:4: 'TarFile.addfile'", 3)
("2028:4: 'TarFile.extractall'", 8)
("2065:4: 'TarFile.extract'", 9)
("2098:4: 'TarFile.extractfile'", 6)
("2136:4: 'TarFile._extract_member'", 10)
("2183:4: 'TarFile.makedir'", 4)
("2194:4: 'TarFile.makefile'", 1)
("2203:4: 'TarFile.makeunknown'", 1)
("2211:4: 'TarFile.makefifo'", 2)
("2219:4: 'TarFile.makedev'", 3)
("2234:4: 'TarFile.makelink'", 8)
("2259:4: 'TarFile.chown'", 14)
("2287:4: 'TarFile.chmod'", 4)
("2296:4: 'TarFile.utime'", 4)
("2307:4: 'TarFile.next'", 15)
("2356:4: 'TarFile._getmember'", 6)
("2379:4: 'TarFile._load'", 3)
("2389:4: 'TarFile._check'", 3)
("2398:4: 'TarFile._find_link_target'", 3)
("2417:4: 'TarFile.__iter__'", 2)
("2425:4: 'TarFile._dbg'", 2)
("2431:4: 'TarFile.__enter__'", 1)
("2435:4: 'TarFile.__exit__'", 3)
("2453:4: 'TarIter.__init__'", 1)
("2458:4: 'TarIter.__iter__'", 1)
("2462:4: 'TarIter.next'", 5)
("2486:4: '_section.__init__'", 1)
("2489:4: '_section.__contains__'", 1)
("2495:4: '_data.__init__'", 1)
("2508:4: '_ringbuffer.__init__'", 1)
("2510:4: '_ringbuffer.find'", 5)
("2534:4: 'TarFileCompat.__init__'", 5)
("2550:4: 'TarFileCompat.namelist'", 1)
("2552:4: 'TarFileCompat.infolist'", 1)
("2555:4: 'TarFileCompat.printdir'", 1)
("2557:4: 'TarFileCompat.testzip'", 1)
("2559:4: 'TarFileCompat.getinfo'", 1)
("2561:4: 'TarFileCompat.read'", 1)
("2563:4: 'TarFileCompat.write'", 1)
("2565:4: 'TarFileCompat.writestr'", 3)
("2575:4: 'TarFileCompat.close'", 1)
("2582:0: 'is_tarfile'", 3)
