("187:4: 'Telnet.__init__'", 2)
("211:4: 'Telnet.open'", 2)
("227:4: 'Telnet.__del__'", 1)
("231:4: 'Telnet.msg'", 3)
("245:4: 'Telnet.set_debuglevel'", 1)
("253:4: 'Telnet.close'", 2)
("262:4: 'Telnet.get_socket'", 1)
("266:4: 'Telnet.fileno'", 1)
("270:4: 'Telnet.write'", 2)
("282:4: 'Telnet.read_until'", 7)
("321:4: 'Telnet.read_all'", 2)
("331:4: 'Telnet.read_some'", 2)
("346:4: 'Telnet.read_very_eager'", 2)
("360:4: 'Telnet.read_eager'", 2)
("374:4: 'Telnet.read_lazy'", 1)
("385:4: 'Telnet.read_very_lazy'", 2)
("398:4: 'Telnet.read_sb_data'", 1)
("410:4: 'Telnet.set_option_negotiation_callback'", 1)
("414:4: 'Telnet.process_rawq'", 19)
("486:4: 'Telnet.rawq_getchar'", 4)
("504:4: 'Telnet.fill_rawq'", 2)
("521:4: 'Telnet.sock_avail'", 1)
("525:4: 'Telnet.interact'", 9)
("547:4: 'Telnet.mt_interact'", 3)
("557:4: 'Telnet.listener'", 5)
("570:4: 'Telnet.expect'", 13)
("628:0: 'test'", 6)
('If 656', 2)
