('TryExcept 61', 3)
('TryExcept 67', 6)
("83:0: 'usage'", 1)
("134:4: 'Ignore.__init__'", 1)
("141:4: 'Ignore.names'", 8)
("186:0: 'modname'", 1)
("193:0: 'fullmodname'", 6)
("222:4: 'CoverageResults.__init__'", 7)
("248:4: 'CoverageResults.update'", 4)
("266:4: 'CoverageResults.write_results'", 21)
("357:4: 'CoverageResults.write_results_file'", 7)
("393:0: 'find_lines_from_code'", 3)
("403:0: 'find_lines'", 3)
("415:0: 'find_strings'", 5)
("438:0: 'find_executable_linenos'", 3)
("451:4: 'Trace.__init__'", 7)
("502:4: 'Trace.run'", 2)
("515:4: 'Trace.runctx'", 4)
("526:4: 'Trace.runfunc'", 2)
("537:4: 'Trace.file_module_function_of'", 8)
("578:4: 'Trace.globaltrace_trackcallers'", 2)
("589:4: 'Trace.globaltrace_countfuncs'", 2)
("598:4: 'Trace.globaltrace_lt'", 6)
("621:4: 'Trace.localtrace_trace_and_count'", 3)
("636:4: 'Trace.localtrace_trace'", 3)
("649:4: 'Trace.localtrace_count'", 2)
("657:4: 'Trace.results'", 1)
("663:0: '_err_exit'", 1)
("667:0: 'main'", 32)
('If 826', 2)
