('TryExcept 106', 3)
("122:0: 'urlopen'", 2)
("128:0: 'install_opener'", 1)
("142:4: 'URLError.__init__'", 1)
("146:4: 'URLError.__str__'", 1)
("153:4: 'HTTPError.__init__'", 2)
("166:4: 'HTTPError.__str__'", 1)
("171:0: 'request_host'", 2)
("189:4: 'Request.__init__'", 3)
("209:4: 'Request.__getattr__'", 3)
("221:4: 'Request.get_method'", 2)
("229:4: 'Request.add_data'", 1)
("232:4: 'Request.has_data'", 1)
("235:4: 'Request.get_data'", 1)
("238:4: 'Request.get_full_url'", 2)
("244:4: 'Request.get_type'", 3)
("251:4: 'Request.get_host'", 3)
("258:4: 'Request.get_selector'", 1)
("261:4: 'Request.set_proxy'", 2)
("270:4: 'Request.has_proxy'", 1)
("273:4: 'Request.get_origin_req_host'", 1)
("276:4: 'Request.is_unverifiable'", 1)
("279:4: 'Request.add_header'", 1)
("283:4: 'Request.add_unredirected_header'", 1)
("287:4: 'Request.has_header'", 1)
("291:4: 'Request.get_header'", 1)
("296:4: 'Request.header_items'", 1)
("302:4: 'OpenerDirector.__init__'", 1)
("313:4: 'OpenerDirector.add_handler'", 12)
("360:4: 'OpenerDirector.close'", 1)
("364:4: 'OpenerDirector._call_chain'", 3)
("376:4: 'OpenerDirector.open'", 5)
("404:4: 'OpenerDirector._open'", 3)
("419:4: 'OpenerDirector.error'", 4)
("444:0: 'build_opener'", 12)
("486:4: 'BaseHandler.add_parent'", 1)
("489:4: 'BaseHandler.close'", 1)
("493:4: 'BaseHandler.__lt__'", 2)
("506:4: 'HTTPErrorProcessor.http_response'", 2)
("520:4: 'HTTPDefaultErrorHandler.http_error_default'", 1)
("531:4: 'HTTPRedirectHandler.redirect_request'", 2)
("565:4: 'HTTPRedirectHandler.http_error_302'", 8)
("628:0: '_parse_proxy'", 5)
("704:4: 'ProxyHandler.__init__'", 3)
("714:4: 'ProxyHandler.proxy_open'", 5)
("745:4: 'HTTPPasswordMgr.__init__'", 1)
("748:4: 'HTTPPasswordMgr.add_password'", 4)
("759:4: 'HTTPPasswordMgr.find_user_password'", 5)
("769:4: 'HTTPPasswordMgr.reduce_uri'", 4)
("792:4: 'HTTPPasswordMgr.is_suburi'", 4)
("809:4: 'HTTPPasswordMgrWithDefaultRealm.find_user_password'", 2)
("831:4: 'AbstractBasicAuthHandler.__init__'", 2)
("838:4: 'AbstractBasicAuthHandler.reset_retry_count'", 1)
("841:4: 'AbstractBasicAuthHandler.http_error_auth_reqed'", 6)
("864:4: 'AbstractBasicAuthHandler.retry_http_basic_auth'", 3)
("881:4: 'HTTPBasicAuthHandler.http_error_401'", 1)
("893:4: 'ProxyBasicAuthHandler.http_error_407'", 1)
("905:0: 'randombytes'", 2)
("930:4: 'AbstractDigestAuthHandler.__init__'", 2)
("939:4: 'AbstractDigestAuthHandler.reset_retry_count'", 1)
("942:4: 'AbstractDigestAuthHandler.http_error_auth_reqed'", 4)
("959:4: 'AbstractDigestAuthHandler.retry_http_digest_auth'", 3)
("971:4: 'AbstractDigestAuthHandler.get_cnonce'", 1)
("981:4: 'AbstractDigestAuthHandler.get_authorization'", 12)
("1042:4: 'AbstractDigestAuthHandler.get_algorithm_impls'", 3)
("1054:4: 'AbstractDigestAuthHandler.get_entity_digest'", 1)
("1069:4: 'HTTPDigestAuthHandler.http_error_401'", 1)
("1082:4: 'ProxyDigestAuthHandler.http_error_407'", 1)
("1091:4: 'AbstractHTTPHandler.__init__'", 1)
("1094:4: 'AbstractHTTPHandler.set_http_debuglevel'", 1)
("1097:4: 'AbstractHTTPHandler.do_request_'", 9)
("1126:4: 'AbstractHTTPHandler.do_open'", 8)
("1198:4: 'HTTPHandler.http_open'", 1)
('If 1203', 3)
("1212:4: 'HTTPCookieProcessor.__init__'", 2)
("1218:4: 'HTTPCookieProcessor.http_request'", 1)
("1222:4: 'HTTPCookieProcessor.http_response'", 1)
("1230:4: 'UnknownHandler.unknown_open'", 1)
("1234:0: 'parse_keqv_list'", 3)
("1244:0: 'parse_http_list'", 9)
("1287:0: '_safe_gethostbyname'", 3)
("1295:4: 'FileHandler.file_open'", 2)
("1306:4: 'FileHandler.get_names'", 4)
("1317:4: 'FileHandler.open_local_file'", 6)
("1346:4: 'FTPHandler.ftp_open'", 13)
("1399:4: 'FTPHandler.connect_ftp'", 1)
("1407:4: 'CacheFTPHandler.__init__'", 1)
("1414:4: 'CacheFTPHandler.setTimeout'", 1)
("1417:4: 'CacheFTPHandler.setMaxConns'", 1)
("1420:4: 'CacheFTPHandler.connect_ftp'", 2)
("1430:4: 'CacheFTPHandler.check_cache'", 7)
