("4:4: 'UserDict.__init__'", 3)
("10:4: 'UserDict.__repr__'", 1)
("11:4: 'UserDict.__cmp__'", 2)
("17:4: 'UserDict.__len__'", 1)
("18:4: 'UserDict.__getitem__'", 3)
("24:4: 'UserDict.__setitem__'", 1)
("25:4: 'UserDict.__delitem__'", 1)
("26:4: 'UserDict.clear'", 1)
("27:4: 'UserDict.copy'", 2)
("39:4: 'UserDict.keys'", 1)
("40:4: 'UserDict.items'", 1)
("41:4: 'UserDict.iteritems'", 1)
("42:4: 'UserDict.iterkeys'", 1)
("43:4: 'UserDict.itervalues'", 1)
("44:4: 'UserDict.values'", 1)
("45:4: 'UserDict.has_key'", 1)
("46:4: 'UserDict.update'", 6)
("58:4: 'UserDict.get'", 2)
("62:4: 'UserDict.setdefault'", 2)
("66:4: 'UserDict.pop'", 1)
("68:4: 'UserDict.popitem'", 1)
("70:4: 'UserDict.__contains__'", 1)
("72:4: 'UserDict.fromkeys'", 2)
("80:4: 'IterableUserDict.__iter__'", 1)
("96:4: 'DictMixin.__iter__'", 2)
("99:4: 'DictMixin.has_key'", 3)
("105:4: 'DictMixin.__contains__'", 1)
("109:4: 'DictMixin.iteritems'", 2)
("112:4: 'DictMixin.iterkeys'", 1)
("116:4: 'DictMixin.itervalues'", 2)
("119:4: 'DictMixin.values'", 1)
("121:4: 'DictMixin.items'", 1)
("123:4: 'DictMixin.clear'", 2)
("126:4: 'DictMixin.setdefault'", 3)
("132:4: 'DictMixin.pop'", 5)
("144:4: 'DictMixin.popitem'", 3)
("151:4: 'DictMixin.update'", 8)
("166:4: 'DictMixin.get'", 3)
("171:4: 'DictMixin.__repr__'", 1)
("173:4: 'DictMixin.__cmp__'", 3)
("179:4: 'DictMixin.__len__'", 1)
