("14:4: 'UserString.__init__'", 3)
("21:4: 'UserString.__str__'", 1)
("22:4: 'UserString.__repr__'", 1)
("23:4: 'UserString.__int__'", 1)
("24:4: 'UserString.__long__'", 1)
("25:4: 'UserString.__float__'", 1)
("26:4: 'UserString.__complex__'", 1)
("27:4: 'UserString.__hash__'", 1)
("29:4: 'UserString.__cmp__'", 2)
("34:4: 'UserString.__contains__'", 1)
("37:4: 'UserString.__len__'", 1)
("38:4: 'UserString.__getitem__'", 1)
("39:4: 'UserString.__getslice__'", 1)
("43:4: 'UserString.__add__'", 3)
("50:4: 'UserString.__radd__'", 2)
("55:4: 'UserString.__mul__'", 1)
("58:4: 'UserString.__mod__'", 1)
("62:4: 'UserString.capitalize'", 1)
("63:4: 'UserString.center'", 1)
("65:4: 'UserString.count'", 1)
("67:4: 'UserString.decode'", 3)
("75:4: 'UserString.encode'", 3)
("83:4: 'UserString.endswith'", 1)
("85:4: 'UserString.expandtabs'", 1)
("87:4: 'UserString.find'", 1)
("89:4: 'UserString.index'", 1)
("91:4: 'UserString.isalpha'", 1)
("92:4: 'UserString.isalnum'", 1)
("93:4: 'UserString.isdecimal'", 1)
("94:4: 'UserString.isdigit'", 1)
("95:4: 'UserString.islower'", 1)
("96:4: 'UserString.isnumeric'", 1)
("97:4: 'UserString.isspace'", 1)
("98:4: 'UserString.istitle'", 1)
("99:4: 'UserString.isupper'", 1)
("100:4: 'UserString.join'", 1)
("101:4: 'UserString.ljust'", 1)
("103:4: 'UserString.lower'", 1)
("104:4: 'UserString.lstrip'", 1)
("105:4: 'UserString.partition'", 1)
("107:4: 'UserString.replace'", 1)
("109:4: 'UserString.rfind'", 1)
("111:4: 'UserString.rindex'", 1)
("113:4: 'UserString.rjust'", 1)
("115:4: 'UserString.rpartition'", 1)
("117:4: 'UserString.rstrip'", 1)
("118:4: 'UserString.split'", 1)
("120:4: 'UserString.rsplit'", 1)
("122:4: 'UserString.splitlines'", 1)
("123:4: 'UserString.startswith'", 1)
("125:4: 'UserString.strip'", 1)
("126:4: 'UserString.swapcase'", 1)
("127:4: 'UserString.title'", 1)
("128:4: 'UserString.translate'", 1)
("130:4: 'UserString.upper'", 1)
("131:4: 'UserString.zfill'", 1)
("148:4: 'MutableString.__init__'", 1)
("157:4: 'MutableString.__setitem__'", 8)
("178:4: 'MutableString.__delitem__'", 6)
("193:4: 'MutableString.__setslice__'", 3)
("201:4: 'MutableString.__delslice__'", 1)
("204:4: 'MutableString.immutable'", 1)
("206:4: 'MutableString.__iadd__'", 3)
("214:4: 'MutableString.__imul__'", 1)
("217:4: 'MutableString.insert'", 1)
('If 220', 3)
