("6:4: 'UserList.__init__'", 4)
("16:4: 'UserList.__repr__'", 1)
("17:4: 'UserList.__lt__'", 1)
("18:4: 'UserList.__le__'", 1)
("19:4: 'UserList.__eq__'", 1)
("20:4: 'UserList.__ne__'", 1)
("21:4: 'UserList.__gt__'", 1)
("22:4: 'UserList.__ge__'", 1)
("23:4: 'UserList.__cast'", 2)
("26:4: 'UserList.__cmp__'", 1)
("29:4: 'UserList.__contains__'", 1)
("30:4: 'UserList.__len__'", 1)
("31:4: 'UserList.__getitem__'", 1)
("32:4: 'UserList.__setitem__'", 1)
("33:4: 'UserList.__delitem__'", 1)
("34:4: 'UserList.__getslice__'", 1)
("37:4: 'UserList.__setslice__'", 3)
("45:4: 'UserList.__delslice__'", 1)
("48:4: 'UserList.__add__'", 3)
("55:4: 'UserList.__radd__'", 3)
("62:4: 'UserList.__iadd__'", 3)
("70:4: 'UserList.__mul__'", 1)
("73:4: 'UserList.__imul__'", 1)
("76:4: 'UserList.append'", 1)
("77:4: 'UserList.insert'", 1)
("78:4: 'UserList.pop'", 1)
("79:4: 'UserList.remove'", 1)
("80:4: 'UserList.count'", 1)
("81:4: 'UserList.index'", 1)
("82:4: 'UserList.reverse'", 1)
("83:4: 'UserList.sort'", 1)
("84:4: 'UserList.extend'", 2)
