("101:4: 'UUID.__init__'", 20)
("180:4: 'UUID.__cmp__'", 2)
("185:4: 'UUID.__hash__'", 1)
("188:4: 'UUID.__int__'", 1)
("191:4: 'UUID.__repr__'", 1)
("194:4: 'UUID.__setattr__'", 1)
("197:4: 'UUID.__str__'", 1)
("202:4: 'UUID.get_bytes'", 2)
("210:4: 'UUID.get_bytes_le'", 1)
("217:4: 'UUID.get_fields'", 1)
("223:4: 'UUID.get_time_low'", 1)
("228:4: 'UUID.get_time_mid'", 1)
("233:4: 'UUID.get_time_hi_version'", 1)
("238:4: 'UUID.get_clock_seq_hi_variant'", 1)
("243:4: 'UUID.get_clock_seq_low'", 1)
("248:4: 'UUID.get_time'", 1)
("254:4: 'UUID.get_clock_seq'", 1)
("260:4: 'UUID.get_node'", 1)
("265:4: 'UUID.get_hex'", 1)
("270:4: 'UUID.get_urn'", 1)
("275:4: 'UUID.get_variant'", 4)
("287:4: 'UUID.get_version'", 2)
("294:0: '_find_mac'", 8)
("316:0: '_ifconfig_getnode'", 5)
("340:0: '_ipconfig_getnode'", 4)
("364:0: '_netbios_getnode'", 5)
('TryExcept 397', 12)
("442:0: '_unixdll_getnode'", 1)
("448:0: '_windll_getnode'", 2)
("454:0: '_random_getnode'", 1)
("461:0: 'getnode'", 7)
("490:0: 'uuid1'", 5)
("525:0: 'uuid3'", 1)
("531:0: 'uuid4'", 4)
("549:0: 'uuid5'", 1)
