("14:0: 'warnpy3k'", 3)
("24:0: '_show_warning'", 4)
("36:0: 'formatwarning'", 2)
("45:0: 'filterwarnings'", 2)
("74:0: 'simplefilter'", 2)
("94:0: 'resetwarnings'", 1)
("103:0: '_processoptions'", 4)
("111:0: '_setoption'", 8)
("138:0: '_getaction'", 5)
("148:0: '_getcategory'", 10)
("175:0: 'warn'", 12)
("215:0: 'warn_explicit'", 16)
("288:4: 'WarningMessage.__init__'", 2)
("295:4: 'WarningMessage.__str__'", 1)
("318:4: 'catch_warnings.__init__'", 1)
("330:4: 'catch_warnings.__repr__'", 3)
("339:4: 'catch_warnings.__enter__'", 4)
("355:4: 'catch_warnings.__exit__'", 2)
('TryExcept 371', 3)
('If 385', 6)
