('If 87', 2)
("125:4: 'Wave_read.initfp'", 10)
("156:4: 'Wave_read.__init__'", 5)
("169:4: 'Wave_read.__del__'", 1)
("174:4: 'Wave_read.getfp'", 1)
("177:4: 'Wave_read.rewind'", 1)
("181:4: 'Wave_read.close'", 2)
("187:4: 'Wave_read.tell'", 1)
("190:4: 'Wave_read.getnchannels'", 1)
("193:4: 'Wave_read.getnframes'", 1)
("196:4: 'Wave_read.getsampwidth'", 1)
("199:4: 'Wave_read.getframerate'", 1)
("202:4: 'Wave_read.getcomptype'", 1)
("205:4: 'Wave_read.getcompname'", 1)
("208:4: 'Wave_read.getparams'", 1)
("213:4: 'Wave_read.getmarkers'", 1)
("216:4: 'Wave_read.getmark'", 1)
("219:4: 'Wave_read.setpos'", 2)
("225:4: 'Wave_read.readframes'", 7)
("263:4: 'Wave_read._read_fmt_chunk'", 2)
("300:4: 'Wave_write.__init__'", 5)
("312:4: 'Wave_write.initfp'", 1)
("324:4: 'Wave_write.__del__'", 1)
("330:4: 'Wave_write.setnchannels'", 3)
("337:4: 'Wave_write.getnchannels'", 2)
("342:4: 'Wave_write.setsampwidth'", 3)
("349:4: 'Wave_write.getsampwidth'", 2)
("354:4: 'Wave_write.setframerate'", 3)
("361:4: 'Wave_write.getframerate'", 2)
("366:4: 'Wave_write.setnframes'", 2)
("371:4: 'Wave_write.getnframes'", 1)
("374:4: 'Wave_write.setcomptype'", 3)
("382:4: 'Wave_write.getcomptype'", 1)
("385:4: 'Wave_write.getcompname'", 1)
("388:4: 'Wave_write.setparams'", 2)
("398:4: 'Wave_write.getparams'", 2)
("404:4: 'Wave_write.setmark'", 1)
("407:4: 'Wave_write.getmark'", 1)
("410:4: 'Wave_write.getmarkers'", 1)
("413:4: 'Wave_write.tell'", 1)
("416:4: 'Wave_write.writeframesraw'", 3)
("432:4: 'Wave_write.writeframes'", 2)
("437:4: 'Wave_write.close'", 4)
("452:4: 'Wave_write._ensure_header_written'", 5)
("462:4: 'Wave_write._write_header'", 2)
("479:4: 'Wave_write._patchheader'", 2)
("491:0: 'open'", 5)
