("47:4: 'WeakValueDictionary.__init__'", 3)
("55:4: 'WeakValueDictionary.__getitem__'", 2)
("62:4: 'WeakValueDictionary.__contains__'", 3)
("69:4: 'WeakValueDictionary.has_key'", 3)
("76:4: 'WeakValueDictionary.__repr__'", 1)
("79:4: 'WeakValueDictionary.__setitem__'", 1)
("82:4: 'WeakValueDictionary.copy'", 3)
("92:4: 'WeakValueDictionary.__deepcopy__'", 3)
("101:4: 'WeakValueDictionary.get'", 4)
("114:4: 'WeakValueDictionary.items'", 3)
("122:4: 'WeakValueDictionary.iteritems'", 3)
("128:4: 'WeakValueDictionary.iterkeys'", 1)
("131:4: 'WeakValueDictionary.__iter__'", 1)
("134:4: 'WeakValueDictionary.itervaluerefs'", 1)
("146:4: 'WeakValueDictionary.itervalues'", 3)
("152:4: 'WeakValueDictionary.popitem'", 3)
("159:4: 'WeakValueDictionary.pop'", 5)
("171:4: 'WeakValueDictionary.setdefault'", 3)
("180:4: 'WeakValueDictionary.update'", 5)
("190:4: 'WeakValueDictionary.valuerefs'", 1)
("202:4: 'WeakValueDictionary.values'", 3)
("223:4: 'KeyedRef.__new__'", 1)
("228:4: 'KeyedRef.__init__'", 1)
("243:4: 'WeakKeyDictionary.__init__'", 4)
("252:4: 'WeakKeyDictionary.__delitem__'", 1)
("255:4: 'WeakKeyDictionary.__getitem__'", 1)
("258:4: 'WeakKeyDictionary.__repr__'", 1)
("261:4: 'WeakKeyDictionary.__setitem__'", 1)
("264:4: 'WeakKeyDictionary.copy'", 3)
("274:4: 'WeakKeyDictionary.__deepcopy__'", 3)
("283:4: 'WeakKeyDictionary.get'", 1)
("286:4: 'WeakKeyDictionary.has_key'", 3)
("293:4: 'WeakKeyDictionary.__contains__'", 3)
("300:4: 'WeakKeyDictionary.items'", 3)
("308:4: 'WeakKeyDictionary.iteritems'", 3)
("314:4: 'WeakKeyDictionary.iterkeyrefs'", 1)
("326:4: 'WeakKeyDictionary.iterkeys'", 3)
("332:4: 'WeakKeyDictionary.__iter__'", 1)
("335:4: 'WeakKeyDictionary.itervalues'", 1)
("338:4: 'WeakKeyDictionary.keyrefs'", 1)
("350:4: 'WeakKeyDictionary.keys'", 3)
("358:4: 'WeakKeyDictionary.popitem'", 3)
("365:4: 'WeakKeyDictionary.pop'", 1)
("368:4: 'WeakKeyDictionary.setdefault'", 1)
("371:4: 'WeakKeyDictionary.update'", 5)
