("20:0: 'register'", 3)
("28:0: 'get'", 9)
("58:0: 'open'", 3)
("65:0: 'open_new'", 1)
("68:0: 'open_new_tab'", 1)
("72:0: '_synthesize'", 5)
('If 104', 9)
("121:0: '_iscommand'", 5)
("143:4: 'BaseBrowser.__init__'", 1)
("147:4: 'BaseBrowser.open'", 1)
("150:4: 'BaseBrowser.open_new'", 1)
("153:4: 'BaseBrowser.open_new_tab'", 1)
("161:4: 'GenericBrowser.__init__'", 2)
("171:4: 'GenericBrowser.open'", 4)
("188:4: 'BackgroundBrowser.open'", 5)
("215:4: 'UnixBrowser._invoke'", 10)
("259:4: 'UnixBrowser.open'", 6)
("339:4: 'Konqueror.open'", 10)
("393:4: 'Grail._find_grail_rc'", 7)
("419:4: 'Grail._remote'", 2)
("427:4: 'Grail.open'", 2)
("442:0: 'register_X_browsers'", 13)
('If 487', 2)
('If 491', 6)
('If 508', 7)
('If 538', 12)
('If 621', 2)
('If 630', 5)
("648:0: 'main'", 7)
('If 672', 2)
