('TryExcept 8', 3)
("26:4: 'Error.__init__'", 1)
("28:4: 'Error.__repr__'", 1)
("30:4: 'Error.__str__'", 1)
("42:4: 'Packer.__init__'", 1)
("45:4: 'Packer.reset'", 1)
("48:4: 'Packer.get_buffer'", 1)
("53:4: 'Packer.pack_uint'", 1)
("56:4: 'Packer.pack_int'", 1)
("61:4: 'Packer.pack_bool'", 2)
("65:4: 'Packer.pack_uhyper'", 1)
("71:4: 'Packer.pack_float'", 3)
("76:4: 'Packer.pack_double'", 3)
("81:4: 'Packer.pack_fstring'", 2)
("91:4: 'Packer.pack_string'", 1)
("99:4: 'Packer.pack_list'", 2)
("105:4: 'Packer.pack_farray'", 3)
("111:4: 'Packer.pack_array'", 1)
("121:4: 'Unpacker.__init__'", 1)
("124:4: 'Unpacker.reset'", 1)
("128:4: 'Unpacker.get_position'", 1)
("131:4: 'Unpacker.set_position'", 1)
("134:4: 'Unpacker.get_buffer'", 1)
("137:4: 'Unpacker.done'", 2)
("141:4: 'Unpacker.unpack_uint'", 4)
("153:4: 'Unpacker.unpack_int'", 2)
("163:4: 'Unpacker.unpack_bool'", 1)
("166:4: 'Unpacker.unpack_uhyper'", 1)
("171:4: 'Unpacker.unpack_hyper'", 2)
("177:4: 'Unpacker.unpack_float'", 2)
("185:4: 'Unpacker.unpack_double'", 2)
("193:4: 'Unpacker.unpack_fstring'", 3)
("205:4: 'Unpacker.unpack_string'", 1)
("212:4: 'Unpacker.unpack_list'", 4)
("223:4: 'Unpacker.unpack_farray'", 2)
("229:4: 'Unpacker.unpack_array'", 1)
