("103:4: 'XMLParser.__init__'", 6)
("117:4: 'XMLParser.__fixelements'", 1)
("123:4: 'XMLParser.__fixclass'", 2)
("128:4: 'XMLParser.__fixdict'", 6)
("142:4: 'XMLParser.reset'", 2)
("159:4: 'XMLParser.setnomoretags'", 1)
("163:4: 'XMLParser.setliteral'", 1)
("170:4: 'XMLParser.feed'", 1)
("175:4: 'XMLParser.close'", 2)
("183:4: 'XMLParser.translate_references'", 13)
("233:4: 'XMLParser.getnamespace'", 2)
("242:4: 'XMLParser.goahead'", 54)
("426:4: 'XMLParser.parse_comment'", 6)
("444:4: 'XMLParser.parse_doctype'", 17)
("492:4: 'XMLParser.parse_cdata'", 5)
("509:4: 'XMLParser.parse_proc'", 14)
("554:4: 'XMLParser.parse_attributes'", 11)
("591:4: 'XMLParser.parse_starttag'", 30)
("673:4: 'XMLParser.parse_endtag'", 9)
("702:4: 'XMLParser.finish_starttag'", 2)
("709:4: 'XMLParser.finish_endtag'", 10)
("739:4: 'XMLParser.handle_xml'", 1)
("743:4: 'XMLParser.handle_doctype'", 1)
("747:4: 'XMLParser.handle_starttag'", 1)
("751:4: 'XMLParser.handle_endtag'", 1)
("755:4: 'XMLParser.handle_charref'", 5)
("778:4: 'XMLParser.handle_data'", 1)
("782:4: 'XMLParser.handle_cdata'", 1)
("786:4: 'XMLParser.handle_comment'", 1)
("790:4: 'XMLParser.handle_proc'", 1)
("794:4: 'XMLParser.syntax_error'", 1)
("798:4: 'XMLParser.unknown_starttag'", 1)
("799:4: 'XMLParser.unknown_endtag'", 1)
("800:4: 'XMLParser.unknown_charref'", 1)
("801:4: 'XMLParser.unknown_entityref'", 1)
("807:4: 'TestXMLParser.__init__'", 1)
("811:4: 'TestXMLParser.handle_xml'", 1)
("815:4: 'TestXMLParser.handle_doctype'", 1)
("819:4: 'TestXMLParser.handle_data'", 2)
("824:4: 'TestXMLParser.flush'", 2)
("830:4: 'TestXMLParser.handle_cdata'", 1)
("834:4: 'TestXMLParser.handle_proc'", 1)
("838:4: 'TestXMLParser.handle_comment'", 2)
("845:4: 'TestXMLParser.syntax_error'", 1)
("848:4: 'TestXMLParser.unknown_starttag'", 3)
("858:4: 'TestXMLParser.unknown_endtag'", 1)
("862:4: 'TestXMLParser.unknown_entityref'", 1)
("866:4: 'TestXMLParser.unknown_charref'", 1)
("870:4: 'TestXMLParser.close'", 1)
("874:0: 'test'", 16)
('If 929', 2)
