('TryExcept 9', 3)
("133:0: '_check_zipfile'", 4)
("141:0: 'is_zipfile'", 4)
("157:0: '_EndRecData64'", 6)
("196:0: '_EndRecData'", 6)
("279:4: 'ZipInfo.__init__'", 4)
("317:4: 'ZipInfo.FileHeader'", 3)
("351:4: 'ZipInfo._encodeFilenameFlags'", 4)
("360:4: 'ZipInfo._decodeFilename'", 2)
("366:4: 'ZipInfo._decodeExtra'", 10)
("416:4: '_ZipDecrypter._GenerateCRCTable'", 4)
("436:4: '_ZipDecrypter._crc32'", 1)
("440:4: '_ZipDecrypter.__init__'", 2)
("447:4: '_ZipDecrypter._UpdateKeys'", 1)
("453:4: '_ZipDecrypter.__call__'", 1)
("476:4: 'ZipExtFile.__init__'", 4)
("508:4: 'ZipExtFile.readline'", 10)
("558:4: 'ZipExtFile.peek'", 2)
("567:4: 'ZipExtFile.readable'", 1)
("570:4: 'ZipExtFile.read'", 6)
("588:4: 'ZipExtFile._update_crc'", 3)
("598:4: 'ZipExtFile.read1'", 7)
("669:4: 'ZipFile.__init__'", 15)
("736:4: 'ZipFile.__enter__'", 1)
("739:4: 'ZipFile.__exit__'", 1)
("742:4: 'ZipFile._GetContents'", 4)
("753:4: 'ZipFile._RealGetContents'", 11)
("820:4: 'ZipFile.namelist'", 2)
("827:4: 'ZipFile.infolist'", 1)
("832:4: 'ZipFile.printdir'", 2)
("839:4: 'ZipFile.testzip'", 5)
("852:4: 'ZipFile.getinfo'", 2)
("861:4: 'ZipFile.setpassword'", 1)
("865:4: 'ZipFile.read'", 1)
("869:4: 'ZipFile.open'", 13)
("938:4: 'ZipFile.extract'", 3)
("952:4: 'ZipFile.extractall'", 3)
("964:4: 'ZipFile._extract_member'", 6)
("1001:4: 'ZipFile._writecheck'", 11)
("1024:4: 'ZipFile.write'", 12)
("1105:4: 'ZipFile.writestr'", 6)
("1148:4: 'ZipFile.__del__'", 1)
("1152:4: 'ZipFile.close'", 13)
("1266:4: 'PyZipFile.writepy'", 17)
("1331:4: 'PyZipFile._get_codename'", 7)
("1362:0: 'main'", 20)
('If 1436', 2)
